IP Generator (Version 2020.3 build 62942)
Check out license ...
Start generating at 2022-07-13 11:08
Instance: mango2 (E:\PDS\PGL22G\CD_20210223\CD_20210223\demo\zhenjiuzhe_ddr3_ov5640_hdmi - 5 - 2\ipcore\mango2\mango2.idf)
Model: Logos DRM Based ROM (1.4)
Part: Logos-PGL22G-MBG324--6
Create directory 'rtl' ...
Copy 'rtl\ipml_rom_v1_4.v.xml' to 'rtl' ...
Copy 'rtl\ipml_spram_v1_4.v.xml' to 'rtl' ...
Compile file 'rtl\ipml_spram_v1_4.v.xml' to 'rtl\ipml_spram_v1_4_mango2.v' ...
Compile file 'rtl\ipml_rom_v1_4.v.xml' to 'rtl\ipml_rom_v1_4_mango2.v' ...
Copy 'ipml_rom_wrapper_v1_4.v.xml' ...
Compile file 'ipml_rom_wrapper_v1_4.v.xml' to 'mango2.v' ...
Found top module 'mango2' in file 'mango2.v'.
Copy 'ipml_rom_wrapper_v1_3_tb.v.xml' ...
Compile file 'ipml_rom_wrapper_v1_3_tb.v.xml' to 'mango2_tb.v' ...
Copy 'init_param_bin_exmp.dat' ...
Copy 'init_param_hex_exmp.dat' ...
Run file 'createParam.tcl' ...
Create template file 'mango2_tmpl.v' ...
Create template file 'mango2_tmpl.vhdl' ...
There are 3 source files to synthesize.
Synthesis is disabled.
Done: 0 error(s), 0 warning(s)
