IP Generator (Version 2020.3 build 62942)
Check out license ...
Start generating at 2022-07-14 00:37
Instance: banna_rom (E:\PDS\PGL22G\CD_20210223\CD_20210223\demo\zhenjiuzhe_ddr3_ov5640_hdmi - 5 - 2\ipcore\banna_rom\banna_rom.idf)
Model: Logos DRM Based ROM (1.4)
Part: Logos-PGL22G-MBG324--6
Create directory 'rtl' ...
Copy 'rtl\ipml_rom_v1_4.v.xml' to 'rtl' ...
Copy 'rtl\ipml_spram_v1_4.v.xml' to 'rtl' ...
Compile file 'rtl\ipml_spram_v1_4.v.xml' to 'rtl\ipml_spram_v1_4_banna_rom.v' ...
Compile file 'rtl\ipml_rom_v1_4.v.xml' to 'rtl\ipml_rom_v1_4_banna_rom.v' ...
Copy 'ipml_rom_wrapper_v1_4.v.xml' ...
Compile file 'ipml_rom_wrapper_v1_4.v.xml' to 'banna_rom.v' ...
Found top module 'banna_rom' in file 'banna_rom.v'.
Copy 'ipml_rom_wrapper_v1_3_tb.v.xml' ...
Compile file 'ipml_rom_wrapper_v1_3_tb.v.xml' to 'banna_rom_tb.v' ...
Copy 'init_param_bin_exmp.dat' ...
Copy 'init_param_hex_exmp.dat' ...
Run file 'createParam.tcl' ...
Create template file 'banna_rom_tmpl.v' ...
Create template file 'banna_rom_tmpl.vhdl' ...
There are 3 source files to synthesize.
Synthesis is disabled.
Done: 0 error(s), 0 warning(s)
