#Build: Fabric Compiler 2020.3, Build 62942, Sep 29 13:34 2020
#Install: E:\PDS\PDS1\PDS_2020.3\bin
#Application name: pds_shell.exe
#OS: Windows 10 10.0.22000
#Hostname: LAPTOP-K7MPPOL0
Generated by Fabric Compiler (version 2020.3 build 62942) at Thu Jul 21 21:00:25 2022
Compiling verification operator library.
Compiling common defs.
Compiling prim grid devices.
Compiling gate devices.
Compiling gate operators.
Building architecture model.
Loading device packaging model 'MBG324'.
Reading design from DB.
Start Generating Programming File...
Reading design from DB takes 1.890625 sec.
Generating architecture configuration.
The bitstream file is "E:/PDS/PGL22G/CD_20210223/CD_20210223/demo/zhenjiuzhe_ddr3_ov5640_hdmi - 5 - 3/generate_bitstream/top.sbit"
Generate programming file takes 17.484375 sec.
Generating Programming File done.
Action gen_bit_stream: Real time elapsed is 22.000 sec
Action gen_bit_stream: CPU time elapsed is 19.984 sec
Current time: Thu Jul 21 21:00:45 2022
Action gen_bit_stream: Peak memory pool usage is 421,060,608 bytes
