#Build: Fabric Compiler 2020.3, Build 62942, Sep 29 13:34 2020
#Install: E:\PDS\PDS1\PDS_2020.3\bin
#Application name: pds_shell.exe
#OS: Windows 10 10.0.22000
#Hostname: LAPTOP-K7MPPOL0
Generated by Fabric Compiler (version 2020.3 build 62942) at Thu Jul 21 20:58:08 2022
Compiling verification operator library.
Compiling common defs.
Compiling prim grid devices.
Compiling gate devices.
Compiling gate operators.
Building architecture model.
Loading device packaging model 'MBG324'.
I: Parameter configuration file E:/PDS/PGL22G/CD_20210223/CD_20210223/demo/zhenjiuzhe_ddr3_ov5640_hdmi - 5 - 3/testparam.txt cannot open.
Starting placement and routing flow. (CPU time elapsed 0h:00m:00s)
Reading design from devmap DB.
Building architecture floorplan logic view.
Executing : apply_constraint -f {E:/PDS/PGL22G/CD_20210223/CD_20210223/demo/zhenjiuzhe_ddr3_ov5640_hdmi - 5 - 3/device_map/top.pcf}
Executing : def_port cmos_scl -LOC J14 -IOSTANDARD LVCMOS33 -VCCIO 3.3 -HYS_DRIVE_MODE NOHYS -BUS_KEEPER PULLUP -DRIVE 4 -SLEW FAST
Executing : def_port cmos_scl -LOC J14 -IOSTANDARD LVCMOS33 -VCCIO 3.3 -HYS_DRIVE_MODE NOHYS -BUS_KEEPER PULLUP -DRIVE 4 -SLEW FAST successfully.
Executing : def_port cmos_sda -LOC J15 -IOSTANDARD LVCMOS33 -VCCIO 3.3 -HYS_DRIVE_MODE NOHYS -BUS_KEEPER PULLUP -DRIVE 4 -SLEW FAST
Executing : def_port cmos_sda -LOC J15 -IOSTANDARD LVCMOS33 -VCCIO 3.3 -HYS_DRIVE_MODE NOHYS -BUS_KEEPER PULLUP -DRIVE 4 -SLEW FAST successfully.
Executing : def_port {pad_dq_ch0[0]} -LOC T8 -IOSTANDARD SSTL15_I -VCCIO 1.5 -BUS_KEEPER UNUSED -VREF_MODE IN -VREF_MODE_VALUE 0.5 -DDR_TERM_MODE ON -DRIVE 7.5 -SLEW FAST
Executing : def_port {pad_dq_ch0[0]} -LOC T8 -IOSTANDARD SSTL15_I -VCCIO 1.5 -BUS_KEEPER UNUSED -VREF_MODE IN -VREF_MODE_VALUE 0.5 -DDR_TERM_MODE ON -DRIVE 7.5 -SLEW FAST successfully.
Executing : def_port {pad_dq_ch0[1]} -LOC T6 -IOSTANDARD SSTL15_I -VCCIO 1.5 -BUS_KEEPER UNUSED -VREF_MODE IN -VREF_MODE_VALUE 0.5 -DDR_TERM_MODE ON -DRIVE 7.5 -SLEW FAST
Executing : def_port {pad_dq_ch0[1]} -LOC T6 -IOSTANDARD SSTL15_I -VCCIO 1.5 -BUS_KEEPER UNUSED -VREF_MODE IN -VREF_MODE_VALUE 0.5 -DDR_TERM_MODE ON -DRIVE 7.5 -SLEW FAST successfully.
Executing : def_port {pad_dq_ch0[2]} -LOC R6 -IOSTANDARD SSTL15_I -VCCIO 1.5 -BUS_KEEPER UNUSED -VREF_MODE IN -VREF_MODE_VALUE 0.5 -DDR_TERM_MODE ON -DRIVE 7.5 -SLEW FAST
Executing : def_port {pad_dq_ch0[2]} -LOC R6 -IOSTANDARD SSTL15_I -VCCIO 1.5 -BUS_KEEPER UNUSED -VREF_MODE IN -VREF_MODE_VALUE 0.5 -DDR_TERM_MODE ON -DRIVE 7.5 -SLEW FAST successfully.
Executing : def_port {pad_dq_ch0[3]} -LOC R9 -IOSTANDARD SSTL15_I -VCCIO 1.5 -BUS_KEEPER UNUSED -VREF_MODE IN -VREF_MODE_VALUE 0.5 -DDR_TERM_MODE ON -DRIVE 7.5 -SLEW FAST
Executing : def_port {pad_dq_ch0[3]} -LOC R9 -IOSTANDARD SSTL15_I -VCCIO 1.5 -BUS_KEEPER UNUSED -VREF_MODE IN -VREF_MODE_VALUE 0.5 -DDR_TERM_MODE ON -DRIVE 7.5 -SLEW FAST successfully.
Executing : def_port {pad_dq_ch0[4]} -LOC T9 -IOSTANDARD SSTL15_I -VCCIO 1.5 -BUS_KEEPER UNUSED -VREF_MODE IN -VREF_MODE_VALUE 0.5 -DDR_TERM_MODE ON -DRIVE 7.5 -SLEW FAST
Executing : def_port {pad_dq_ch0[4]} -LOC T9 -IOSTANDARD SSTL15_I -VCCIO 1.5 -BUS_KEEPER UNUSED -VREF_MODE IN -VREF_MODE_VALUE 0.5 -DDR_TERM_MODE ON -DRIVE 7.5 -SLEW FAST successfully.
Executing : def_port {pad_dq_ch0[5]} -LOC N4 -IOSTANDARD SSTL15_I -VCCIO 1.5 -BUS_KEEPER UNUSED -VREF_MODE IN -VREF_MODE_VALUE 0.5 -DDR_TERM_MODE ON -DRIVE 7.5 -SLEW FAST
Executing : def_port {pad_dq_ch0[5]} -LOC N4 -IOSTANDARD SSTL15_I -VCCIO 1.5 -BUS_KEEPER UNUSED -VREF_MODE IN -VREF_MODE_VALUE 0.5 -DDR_TERM_MODE ON -DRIVE 7.5 -SLEW FAST successfully.
Executing : def_port {pad_dq_ch0[6]} -LOC N5 -IOSTANDARD SSTL15_I -VCCIO 1.5 -BUS_KEEPER UNUSED -VREF_MODE IN -VREF_MODE_VALUE 0.5 -DDR_TERM_MODE ON -DRIVE 7.5 -SLEW FAST
Executing : def_port {pad_dq_ch0[6]} -LOC N5 -IOSTANDARD SSTL15_I -VCCIO 1.5 -BUS_KEEPER UNUSED -VREF_MODE IN -VREF_MODE_VALUE 0.5 -DDR_TERM_MODE ON -DRIVE 7.5 -SLEW FAST successfully.
Executing : def_port {pad_dq_ch0[7]} -LOC P6 -IOSTANDARD SSTL15_I -VCCIO 1.5 -BUS_KEEPER UNUSED -VREF_MODE IN -VREF_MODE_VALUE 0.5 -DDR_TERM_MODE ON -DRIVE 7.5 -SLEW FAST
Executing : def_port {pad_dq_ch0[7]} -LOC P6 -IOSTANDARD SSTL15_I -VCCIO 1.5 -BUS_KEEPER UNUSED -VREF_MODE IN -VREF_MODE_VALUE 0.5 -DDR_TERM_MODE ON -DRIVE 7.5 -SLEW FAST successfully.
Executing : def_port {pad_dq_ch0[8]} -LOC T4 -IOSTANDARD SSTL15_I -VCCIO 1.5 -BUS_KEEPER UNUSED -VREF_MODE IN -VREF_MODE_VALUE 0.5 -DDR_TERM_MODE ON -DRIVE 7.5 -SLEW FAST
Executing : def_port {pad_dq_ch0[8]} -LOC T4 -IOSTANDARD SSTL15_I -VCCIO 1.5 -BUS_KEEPER UNUSED -VREF_MODE IN -VREF_MODE_VALUE 0.5 -DDR_TERM_MODE ON -DRIVE 7.5 -SLEW FAST successfully.
Executing : def_port {pad_dq_ch0[9]} -LOC V9 -IOSTANDARD SSTL15_I -VCCIO 1.5 -BUS_KEEPER UNUSED -VREF_MODE IN -VREF_MODE_VALUE 0.5 -DDR_TERM_MODE ON -DRIVE 7.5 -SLEW FAST
Executing : def_port {pad_dq_ch0[9]} -LOC V9 -IOSTANDARD SSTL15_I -VCCIO 1.5 -BUS_KEEPER UNUSED -VREF_MODE IN -VREF_MODE_VALUE 0.5 -DDR_TERM_MODE ON -DRIVE 7.5 -SLEW FAST successfully.
Executing : def_port {pad_dq_ch0[10]} -LOC U9 -IOSTANDARD SSTL15_I -VCCIO 1.5 -BUS_KEEPER UNUSED -VREF_MODE IN -VREF_MODE_VALUE 0.5 -DDR_TERM_MODE ON -DRIVE 7.5 -SLEW FAST
Executing : def_port {pad_dq_ch0[10]} -LOC U9 -IOSTANDARD SSTL15_I -VCCIO 1.5 -BUS_KEEPER UNUSED -VREF_MODE IN -VREF_MODE_VALUE 0.5 -DDR_TERM_MODE ON -DRIVE 7.5 -SLEW FAST successfully.
Executing : def_port {pad_dq_ch0[11]} -LOC V7 -IOSTANDARD SSTL15_I -VCCIO 1.5 -BUS_KEEPER UNUSED -VREF_MODE IN -VREF_MODE_VALUE 0.5 -DDR_TERM_MODE ON -DRIVE 7.5 -SLEW FAST
Executing : def_port {pad_dq_ch0[11]} -LOC V7 -IOSTANDARD SSTL15_I -VCCIO 1.5 -BUS_KEEPER UNUSED -VREF_MODE IN -VREF_MODE_VALUE 0.5 -DDR_TERM_MODE ON -DRIVE 7.5 -SLEW FAST successfully.
Executing : def_port {pad_dq_ch0[12]} -LOC U7 -IOSTANDARD SSTL15_I -VCCIO 1.5 -BUS_KEEPER UNUSED -VREF_MODE IN -VREF_MODE_VALUE 0.5 -DDR_TERM_MODE ON -DRIVE 7.5 -SLEW FAST
Executing : def_port {pad_dq_ch0[12]} -LOC U7 -IOSTANDARD SSTL15_I -VCCIO 1.5 -BUS_KEEPER UNUSED -VREF_MODE IN -VREF_MODE_VALUE 0.5 -DDR_TERM_MODE ON -DRIVE 7.5 -SLEW FAST successfully.
Executing : def_port {pad_dq_ch0[13]} -LOC V6 -IOSTANDARD SSTL15_I -VCCIO 1.5 -BUS_KEEPER UNUSED -VREF_MODE IN -VREF_MODE_VALUE 0.5 -DDR_TERM_MODE ON -DRIVE 7.5 -SLEW FAST
Executing : def_port {pad_dq_ch0[13]} -LOC V6 -IOSTANDARD SSTL15_I -VCCIO 1.5 -BUS_KEEPER UNUSED -VREF_MODE IN -VREF_MODE_VALUE 0.5 -DDR_TERM_MODE ON -DRIVE 7.5 -SLEW FAST successfully.
Executing : def_port {pad_dq_ch0[14]} -LOC U6 -IOSTANDARD SSTL15_I -VCCIO 1.5 -BUS_KEEPER UNUSED -VREF_MODE IN -VREF_MODE_VALUE 0.5 -DDR_TERM_MODE ON -DRIVE 7.5 -SLEW FAST
Executing : def_port {pad_dq_ch0[14]} -LOC U6 -IOSTANDARD SSTL15_I -VCCIO 1.5 -BUS_KEEPER UNUSED -VREF_MODE IN -VREF_MODE_VALUE 0.5 -DDR_TERM_MODE ON -DRIVE 7.5 -SLEW FAST successfully.
Executing : def_port {pad_dq_ch0[15]} -LOC V5 -IOSTANDARD SSTL15_I -VCCIO 1.5 -BUS_KEEPER UNUSED -VREF_MODE IN -VREF_MODE_VALUE 0.5 -DDR_TERM_MODE ON -DRIVE 7.5 -SLEW FAST
Executing : def_port {pad_dq_ch0[15]} -LOC V5 -IOSTANDARD SSTL15_I -VCCIO 1.5 -BUS_KEEPER UNUSED -VREF_MODE IN -VREF_MODE_VALUE 0.5 -DDR_TERM_MODE ON -DRIVE 7.5 -SLEW FAST successfully.
Executing : def_port {pad_dqs_ch0[0]} -LOC N6 -IOSTANDARD SSTL15D_I -VCCIO 1.5 -BUS_KEEPER UNUSED -DDR_TERM_MODE ON -DRIVE 7.5 -SLEW FAST
Executing : def_port {pad_dqs_ch0[0]} -LOC N6 -IOSTANDARD SSTL15D_I -VCCIO 1.5 -BUS_KEEPER UNUSED -DDR_TERM_MODE ON -DRIVE 7.5 -SLEW FAST successfully.
Executing : def_port {pad_dqs_ch0[1]} -LOC U8 -IOSTANDARD SSTL15D_I -VCCIO 1.5 -BUS_KEEPER UNUSED -DDR_TERM_MODE ON -DRIVE 7.5 -SLEW FAST
Executing : def_port {pad_dqs_ch0[1]} -LOC U8 -IOSTANDARD SSTL15D_I -VCCIO 1.5 -BUS_KEEPER UNUSED -DDR_TERM_MODE ON -DRIVE 7.5 -SLEW FAST successfully.
Executing : def_port {pad_dqsn_ch0[0]} -LOC N7 -IOSTANDARD SSTL15D_I -VCCIO 1.5 -BUS_KEEPER UNUSED -DDR_TERM_MODE ON -DRIVE 7.5 -SLEW FAST
Executing : def_port {pad_dqsn_ch0[0]} -LOC N7 -IOSTANDARD SSTL15D_I -VCCIO 1.5 -BUS_KEEPER UNUSED -DDR_TERM_MODE ON -DRIVE 7.5 -SLEW FAST successfully.
Executing : def_port {pad_dqsn_ch0[1]} -LOC V8 -IOSTANDARD SSTL15D_I -VCCIO 1.5 -BUS_KEEPER UNUSED -DDR_TERM_MODE ON -DRIVE 7.5 -SLEW FAST
Executing : def_port {pad_dqsn_ch0[1]} -LOC V8 -IOSTANDARD SSTL15D_I -VCCIO 1.5 -BUS_KEEPER UNUSED -DDR_TERM_MODE ON -DRIVE 7.5 -SLEW FAST successfully.
Executing : def_port cmos_xclk -LOC H13 -IOSTANDARD LVCMOS33 -VCCIO 3.3 -BUS_KEEPER PULLUP -DRIVE 4 -SLEW FAST -OPEN_DRAIN OFF
Executing : def_port cmos_xclk -LOC H13 -IOSTANDARD LVCMOS33 -VCCIO 3.3 -BUS_KEEPER PULLUP -DRIVE 4 -SLEW FAST -OPEN_DRAIN OFF successfully.
Executing : def_port {pad_addr_ch0[0]} -LOC M4 -IOSTANDARD SSTL15_I -VCCIO 1.5 -BUS_KEEPER UNUSED -DRIVE 7.5 -SLEW FAST
Executing : def_port {pad_addr_ch0[0]} -LOC M4 -IOSTANDARD SSTL15_I -VCCIO 1.5 -BUS_KEEPER UNUSED -DRIVE 7.5 -SLEW FAST successfully.
Executing : def_port {pad_addr_ch0[1]} -LOC M3 -IOSTANDARD SSTL15_I -VCCIO 1.5 -BUS_KEEPER UNUSED -DRIVE 7.5 -SLEW FAST
Executing : def_port {pad_addr_ch0[1]} -LOC M3 -IOSTANDARD SSTL15_I -VCCIO 1.5 -BUS_KEEPER UNUSED -DRIVE 7.5 -SLEW FAST successfully.
Executing : def_port {pad_addr_ch0[2]} -LOC P2 -IOSTANDARD SSTL15_I -VCCIO 1.5 -BUS_KEEPER UNUSED -DRIVE 7.5 -SLEW FAST
Executing : def_port {pad_addr_ch0[2]} -LOC P2 -IOSTANDARD SSTL15_I -VCCIO 1.5 -BUS_KEEPER UNUSED -DRIVE 7.5 -SLEW FAST successfully.
Executing : def_port {pad_addr_ch0[3]} -LOC P1 -IOSTANDARD SSTL15_I -VCCIO 1.5 -BUS_KEEPER UNUSED -DRIVE 7.5 -SLEW FAST
Executing : def_port {pad_addr_ch0[3]} -LOC P1 -IOSTANDARD SSTL15_I -VCCIO 1.5 -BUS_KEEPER UNUSED -DRIVE 7.5 -SLEW FAST successfully.
Executing : def_port {pad_addr_ch0[4]} -LOC L5 -IOSTANDARD SSTL15_I -VCCIO 1.5 -BUS_KEEPER UNUSED -DRIVE 7.5 -SLEW FAST
Executing : def_port {pad_addr_ch0[4]} -LOC L5 -IOSTANDARD SSTL15_I -VCCIO 1.5 -BUS_KEEPER UNUSED -DRIVE 7.5 -SLEW FAST successfully.
Executing : def_port {pad_addr_ch0[5]} -LOC M5 -IOSTANDARD SSTL15_I -VCCIO 1.5 -BUS_KEEPER UNUSED -DRIVE 7.5 -SLEW FAST
Executing : def_port {pad_addr_ch0[5]} -LOC M5 -IOSTANDARD SSTL15_I -VCCIO 1.5 -BUS_KEEPER UNUSED -DRIVE 7.5 -SLEW FAST successfully.
Executing : def_port {pad_addr_ch0[6]} -LOC N2 -IOSTANDARD SSTL15_I -VCCIO 1.5 -BUS_KEEPER UNUSED -DRIVE 7.5 -SLEW FAST
Executing : def_port {pad_addr_ch0[6]} -LOC N2 -IOSTANDARD SSTL15_I -VCCIO 1.5 -BUS_KEEPER UNUSED -DRIVE 7.5 -SLEW FAST successfully.
Executing : def_port {pad_addr_ch0[7]} -LOC N1 -IOSTANDARD SSTL15_I -VCCIO 1.5 -BUS_KEEPER UNUSED -DRIVE 7.5 -SLEW FAST
Executing : def_port {pad_addr_ch0[7]} -LOC N1 -IOSTANDARD SSTL15_I -VCCIO 1.5 -BUS_KEEPER UNUSED -DRIVE 7.5 -SLEW FAST successfully.
Executing : def_port {pad_addr_ch0[8]} -LOC K4 -IOSTANDARD SSTL15_I -VCCIO 1.5 -BUS_KEEPER UNUSED -DRIVE 7.5 -SLEW FAST
Executing : def_port {pad_addr_ch0[8]} -LOC K4 -IOSTANDARD SSTL15_I -VCCIO 1.5 -BUS_KEEPER UNUSED -DRIVE 7.5 -SLEW FAST successfully.
Executing : def_port {pad_addr_ch0[9]} -LOC M1 -IOSTANDARD SSTL15_I -VCCIO 1.5 -BUS_KEEPER UNUSED -DRIVE 7.5 -SLEW FAST
Executing : def_port {pad_addr_ch0[9]} -LOC M1 -IOSTANDARD SSTL15_I -VCCIO 1.5 -BUS_KEEPER UNUSED -DRIVE 7.5 -SLEW FAST successfully.
Executing : def_port {pad_addr_ch0[10]} -LOC M6 -IOSTANDARD SSTL15_I -VCCIO 1.5 -BUS_KEEPER UNUSED -DRIVE 7.5 -SLEW FAST
Executing : def_port {pad_addr_ch0[10]} -LOC M6 -IOSTANDARD SSTL15_I -VCCIO 1.5 -BUS_KEEPER UNUSED -DRIVE 7.5 -SLEW FAST successfully.
Executing : def_port {pad_addr_ch0[11]} -LOC L1 -IOSTANDARD SSTL15_I -VCCIO 1.5 -BUS_KEEPER UNUSED -DRIVE 7.5 -SLEW FAST
Executing : def_port {pad_addr_ch0[11]} -LOC L1 -IOSTANDARD SSTL15_I -VCCIO 1.5 -BUS_KEEPER UNUSED -DRIVE 7.5 -SLEW FAST successfully.
Executing : def_port {pad_addr_ch0[12]} -LOC K2 -IOSTANDARD SSTL15_I -VCCIO 1.5 -BUS_KEEPER UNUSED -DRIVE 7.5 -SLEW FAST
Executing : def_port {pad_addr_ch0[12]} -LOC K2 -IOSTANDARD SSTL15_I -VCCIO 1.5 -BUS_KEEPER UNUSED -DRIVE 7.5 -SLEW FAST successfully.
Executing : def_port {pad_addr_ch0[13]} -LOC K1 -IOSTANDARD SSTL15_I -VCCIO 1.5 -BUS_KEEPER UNUSED -DRIVE 7.5 -SLEW FAST
Executing : def_port {pad_addr_ch0[13]} -LOC K1 -IOSTANDARD SSTL15_I -VCCIO 1.5 -BUS_KEEPER UNUSED -DRIVE 7.5 -SLEW FAST successfully.
Executing : def_port {pad_addr_ch0[14]} -LOC J2 -IOSTANDARD SSTL15_I -VCCIO 1.5 -BUS_KEEPER UNUSED -DRIVE 7.5 -SLEW FAST
Executing : def_port {pad_addr_ch0[14]} -LOC J2 -IOSTANDARD SSTL15_I -VCCIO 1.5 -BUS_KEEPER UNUSED -DRIVE 7.5 -SLEW FAST successfully.
Executing : def_port {pad_addr_ch0[15]} -LOC J1 -IOSTANDARD SSTL15_I -VCCIO 1.5 -BUS_KEEPER UNUSED -DRIVE 7.5 -SLEW FAST
Executing : def_port {pad_addr_ch0[15]} -LOC J1 -IOSTANDARD SSTL15_I -VCCIO 1.5 -BUS_KEEPER UNUSED -DRIVE 7.5 -SLEW FAST successfully.
Executing : def_port {pad_ba_ch0[0]} -LOC U2 -IOSTANDARD SSTL15_I -VCCIO 1.5 -BUS_KEEPER UNUSED -DRIVE 7.5 -SLEW FAST
Executing : def_port {pad_ba_ch0[0]} -LOC U2 -IOSTANDARD SSTL15_I -VCCIO 1.5 -BUS_KEEPER UNUSED -DRIVE 7.5 -SLEW FAST successfully.
Executing : def_port {pad_ba_ch0[1]} -LOC U1 -IOSTANDARD SSTL15_I -VCCIO 1.5 -BUS_KEEPER UNUSED -DRIVE 7.5 -SLEW FAST
Executing : def_port {pad_ba_ch0[1]} -LOC U1 -IOSTANDARD SSTL15_I -VCCIO 1.5 -BUS_KEEPER UNUSED -DRIVE 7.5 -SLEW FAST successfully.
Executing : def_port {pad_ba_ch0[2]} -LOC T2 -IOSTANDARD SSTL15_I -VCCIO 1.5 -BUS_KEEPER UNUSED -DRIVE 7.5 -SLEW FAST
Executing : def_port {pad_ba_ch0[2]} -LOC T2 -IOSTANDARD SSTL15_I -VCCIO 1.5 -BUS_KEEPER UNUSED -DRIVE 7.5 -SLEW FAST successfully.
Executing : def_port pad_casn_ch0 -LOC T1 -IOSTANDARD SSTL15_I -VCCIO 1.5 -BUS_KEEPER UNUSED -DRIVE 7.5 -SLEW FAST
Executing : def_port pad_casn_ch0 -LOC T1 -IOSTANDARD SSTL15_I -VCCIO 1.5 -BUS_KEEPER UNUSED -DRIVE 7.5 -SLEW FAST successfully.
Executing : def_port pad_cke_ch0 -LOC L4 -IOSTANDARD SSTL15_I -VCCIO 1.5 -BUS_KEEPER UNUSED -DRIVE 7.5 -SLEW FAST
Executing : def_port pad_cke_ch0 -LOC L4 -IOSTANDARD SSTL15_I -VCCIO 1.5 -BUS_KEEPER UNUSED -DRIVE 7.5 -SLEW FAST successfully.
Executing : def_port pad_csn_ch0 -LOC R1 -IOSTANDARD SSTL15_I -VCCIO 1.5 -BUS_KEEPER UNUSED -DRIVE 7.5 -SLEW FAST
Executing : def_port pad_csn_ch0 -LOC R1 -IOSTANDARD SSTL15_I -VCCIO 1.5 -BUS_KEEPER UNUSED -DRIVE 7.5 -SLEW FAST successfully.
Executing : def_port pad_ddr_clk_w -LOC U3 -IOSTANDARD SSTL15D_I -VCCIO 1.5 -BUS_KEEPER UNUSED -DRIVE 7.5 -SLEW FAST
Executing : def_port pad_ddr_clk_w -LOC U3 -IOSTANDARD SSTL15D_I -VCCIO 1.5 -BUS_KEEPER UNUSED -DRIVE 7.5 -SLEW FAST successfully.
Executing : def_port pad_ddr_clkn_w -LOC V3 -IOSTANDARD SSTL15D_I -VCCIO 1.5 -BUS_KEEPER UNUSED -DRIVE 7.5 -SLEW FAST
Executing : def_port pad_ddr_clkn_w -LOC V3 -IOSTANDARD SSTL15D_I -VCCIO 1.5 -BUS_KEEPER UNUSED -DRIVE 7.5 -SLEW FAST successfully.
Executing : def_port {pad_dm_rdqs_ch0[0]} -LOC R8 -IOSTANDARD SSTL15_I -VCCIO 1.5 -BUS_KEEPER UNUSED -DRIVE 7.5 -SLEW FAST
Executing : def_port {pad_dm_rdqs_ch0[0]} -LOC R8 -IOSTANDARD SSTL15_I -VCCIO 1.5 -BUS_KEEPER UNUSED -DRIVE 7.5 -SLEW FAST successfully.
Executing : def_port {pad_dm_rdqs_ch0[1]} -LOC U5 -IOSTANDARD SSTL15_I -VCCIO 1.5 -BUS_KEEPER UNUSED -DRIVE 7.5 -SLEW FAST
Executing : def_port {pad_dm_rdqs_ch0[1]} -LOC U5 -IOSTANDARD SSTL15_I -VCCIO 1.5 -BUS_KEEPER UNUSED -DRIVE 7.5 -SLEW FAST successfully.
Executing : def_port pad_loop_out -LOC P8 -IOSTANDARD SSTL15_I -VCCIO 1.5 -BUS_KEEPER UNUSED -DRIVE 7.5 -SLEW FAST
Executing : def_port pad_loop_out -LOC P8 -IOSTANDARD SSTL15_I -VCCIO 1.5 -BUS_KEEPER UNUSED -DRIVE 7.5 -SLEW FAST successfully.
Executing : def_port pad_loop_out_h -LOC U4 -IOSTANDARD SSTL15_I -VCCIO 1.5 -BUS_KEEPER UNUSED -DRIVE 7.5 -SLEW FAST
Executing : def_port pad_loop_out_h -LOC U4 -IOSTANDARD SSTL15_I -VCCIO 1.5 -BUS_KEEPER UNUSED -DRIVE 7.5 -SLEW FAST successfully.
Executing : def_port pad_odt_ch0 -LOC V2 -IOSTANDARD SSTL15_I -VCCIO 1.5 -BUS_KEEPER UNUSED -DRIVE 7.5 -SLEW FAST
Executing : def_port pad_odt_ch0 -LOC V2 -IOSTANDARD SSTL15_I -VCCIO 1.5 -BUS_KEEPER UNUSED -DRIVE 7.5 -SLEW FAST successfully.
Executing : def_port pad_rasn_ch0 -LOC R2 -IOSTANDARD SSTL15_I -VCCIO 1.5 -BUS_KEEPER UNUSED -DRIVE 7.5 -SLEW FAST
Executing : def_port pad_rasn_ch0 -LOC R2 -IOSTANDARD SSTL15_I -VCCIO 1.5 -BUS_KEEPER UNUSED -DRIVE 7.5 -SLEW FAST successfully.
Executing : def_port pad_rstn_ch0 -LOC M2 -IOSTANDARD SSTL15_I -VCCIO 1.5 -BUS_KEEPER UNUSED -DRIVE 7.5 -SLEW FAST
Executing : def_port pad_rstn_ch0 -LOC M2 -IOSTANDARD SSTL15_I -VCCIO 1.5 -BUS_KEEPER UNUSED -DRIVE 7.5 -SLEW FAST successfully.
Executing : def_port pad_wen_ch0 -LOC V1 -IOSTANDARD SSTL15_I -VCCIO 1.5 -BUS_KEEPER UNUSED -DRIVE 7.5 -SLEW FAST
Executing : def_port pad_wen_ch0 -LOC V1 -IOSTANDARD SSTL15_I -VCCIO 1.5 -BUS_KEEPER UNUSED -DRIVE 7.5 -SLEW FAST successfully.
Executing : def_port tmds_clk_n -LOC A16 -IOSTANDARD LVTTL33 -VCCIO 3.3 -BUS_KEEPER NONE -DRIVE 12 -SLEW FAST -OPEN_DRAIN OFF
Executing : def_port tmds_clk_n -LOC A16 -IOSTANDARD LVTTL33 -VCCIO 3.3 -BUS_KEEPER NONE -DRIVE 12 -SLEW FAST -OPEN_DRAIN OFF successfully.
Executing : def_port tmds_clk_p -LOC B16 -IOSTANDARD LVTTL33 -VCCIO 3.3 -BUS_KEEPER NONE -DRIVE 12 -SLEW FAST -OPEN_DRAIN OFF
Executing : def_port tmds_clk_p -LOC B16 -IOSTANDARD LVTTL33 -VCCIO 3.3 -BUS_KEEPER NONE -DRIVE 12 -SLEW FAST -OPEN_DRAIN OFF successfully.
Executing : def_port {tmds_data_n[0]} -LOC A14 -IOSTANDARD LVTTL33 -VCCIO 3.3 -BUS_KEEPER NONE -DRIVE 12 -SLEW FAST -OPEN_DRAIN OFF
Executing : def_port {tmds_data_n[0]} -LOC A14 -IOSTANDARD LVTTL33 -VCCIO 3.3 -BUS_KEEPER NONE -DRIVE 12 -SLEW FAST -OPEN_DRAIN OFF successfully.
Executing : def_port {tmds_data_n[1]} -LOC A11 -IOSTANDARD LVTTL33 -VCCIO 3.3 -BUS_KEEPER NONE -DRIVE 12 -SLEW FAST -OPEN_DRAIN OFF
Executing : def_port {tmds_data_n[1]} -LOC A11 -IOSTANDARD LVTTL33 -VCCIO 3.3 -BUS_KEEPER NONE -DRIVE 12 -SLEW FAST -OPEN_DRAIN OFF successfully.
Executing : def_port {tmds_data_n[2]} -LOC A10 -IOSTANDARD LVTTL33 -VCCIO 3.3 -BUS_KEEPER NONE -DRIVE 12 -SLEW FAST -OPEN_DRAIN OFF
Executing : def_port {tmds_data_n[2]} -LOC A10 -IOSTANDARD LVTTL33 -VCCIO 3.3 -BUS_KEEPER NONE -DRIVE 12 -SLEW FAST -OPEN_DRAIN OFF successfully.
Executing : def_port {tmds_data_p[0]} -LOC B14 -IOSTANDARD LVTTL33 -VCCIO 3.3 -BUS_KEEPER NONE -DRIVE 12 -SLEW FAST -OPEN_DRAIN OFF
Executing : def_port {tmds_data_p[0]} -LOC B14 -IOSTANDARD LVTTL33 -VCCIO 3.3 -BUS_KEEPER NONE -DRIVE 12 -SLEW FAST -OPEN_DRAIN OFF successfully.
Executing : def_port {tmds_data_p[1]} -LOC B11 -IOSTANDARD LVTTL33 -VCCIO 3.3 -BUS_KEEPER NONE -DRIVE 12 -SLEW FAST -OPEN_DRAIN OFF
Executing : def_port {tmds_data_p[1]} -LOC B11 -IOSTANDARD LVTTL33 -VCCIO 3.3 -BUS_KEEPER NONE -DRIVE 12 -SLEW FAST -OPEN_DRAIN OFF successfully.
Executing : def_port {tmds_data_p[2]} -LOC B10 -IOSTANDARD LVTTL33 -VCCIO 3.3 -BUS_KEEPER NONE -DRIVE 12 -SLEW FAST -OPEN_DRAIN OFF
Executing : def_port {tmds_data_p[2]} -LOC B10 -IOSTANDARD LVTTL33 -VCCIO 3.3 -BUS_KEEPER NONE -DRIVE 12 -SLEW FAST -OPEN_DRAIN OFF successfully.
Executing : def_port uart_tx -LOC C10 -IOSTANDARD LVCMOS33 -VCCIO 3.3 -BUS_KEEPER PULLUP -DRIVE 4 -SLEW SLOW -OPEN_DRAIN OFF
Executing : def_port uart_tx -LOC C10 -IOSTANDARD LVCMOS33 -VCCIO 3.3 -BUS_KEEPER PULLUP -DRIVE 4 -SLEW SLOW -OPEN_DRAIN OFF successfully.
Executing : def_port {cmos_db[0]} -LOC E18 -IOSTANDARD LVCMOS33 -VCCIO 3.3 -HYS_DRIVE_MODE NOHYS -BUS_KEEPER PULLUP
C: ConstraintEditor-2001: [E:/PDS/PGL22G/CD_20210223/CD_20210223/demo/zhenjiuzhe_ddr3_ov5640_hdmi - 5 - 3/device_map/top.pcf(line number: 67)] Object 'cmos_db[0]' is dangling, which has no connection. it will be ignored.
Executing : def_port {cmos_db[0]} -LOC E18 -IOSTANDARD LVCMOS33 -VCCIO 3.3 -HYS_DRIVE_MODE NOHYS -BUS_KEEPER PULLUP successfully.
Executing : def_port {cmos_db[1]} -LOC D18 -IOSTANDARD LVCMOS33 -VCCIO 3.3 -HYS_DRIVE_MODE NOHYS -BUS_KEEPER PULLUP
C: ConstraintEditor-2001: [E:/PDS/PGL22G/CD_20210223/CD_20210223/demo/zhenjiuzhe_ddr3_ov5640_hdmi - 5 - 3/device_map/top.pcf(line number: 68)] Object 'cmos_db[1]' is dangling, which has no connection. it will be ignored.
Executing : def_port {cmos_db[1]} -LOC D18 -IOSTANDARD LVCMOS33 -VCCIO 3.3 -HYS_DRIVE_MODE NOHYS -BUS_KEEPER PULLUP successfully.
Executing : def_port {cmos_db[2]} -LOC F14 -IOSTANDARD LVCMOS33 -VCCIO 3.3 -HYS_DRIVE_MODE NOHYS -BUS_KEEPER PULLUP
C: ConstraintEditor-2001: [E:/PDS/PGL22G/CD_20210223/CD_20210223/demo/zhenjiuzhe_ddr3_ov5640_hdmi - 5 - 3/device_map/top.pcf(line number: 69)] Object 'cmos_db[2]' is dangling, which has no connection. it will be ignored.
Executing : def_port {cmos_db[2]} -LOC F14 -IOSTANDARD LVCMOS33 -VCCIO 3.3 -HYS_DRIVE_MODE NOHYS -BUS_KEEPER PULLUP successfully.
Executing : def_port {cmos_db[3]} -LOC F13 -IOSTANDARD LVCMOS33 -VCCIO 3.3 -HYS_DRIVE_MODE NOHYS -BUS_KEEPER PULLUP
C: ConstraintEditor-2001: [E:/PDS/PGL22G/CD_20210223/CD_20210223/demo/zhenjiuzhe_ddr3_ov5640_hdmi - 5 - 3/device_map/top.pcf(line number: 70)] Object 'cmos_db[3]' is dangling, which has no connection. it will be ignored.
Executing : def_port {cmos_db[3]} -LOC F13 -IOSTANDARD LVCMOS33 -VCCIO 3.3 -HYS_DRIVE_MODE NOHYS -BUS_KEEPER PULLUP successfully.
Executing : def_port {cmos_db[4]} -LOC E17 -IOSTANDARD LVCMOS33 -VCCIO 3.3 -HYS_DRIVE_MODE NOHYS -BUS_KEEPER PULLUP
C: ConstraintEditor-2001: [E:/PDS/PGL22G/CD_20210223/CD_20210223/demo/zhenjiuzhe_ddr3_ov5640_hdmi - 5 - 3/device_map/top.pcf(line number: 71)] Object 'cmos_db[4]' is dangling, which has no connection. it will be ignored.
Executing : def_port {cmos_db[4]} -LOC E17 -IOSTANDARD LVCMOS33 -VCCIO 3.3 -HYS_DRIVE_MODE NOHYS -BUS_KEEPER PULLUP successfully.
Executing : def_port {cmos_db[5]} -LOC D17 -IOSTANDARD LVCMOS33 -VCCIO 3.3 -HYS_DRIVE_MODE NOHYS -BUS_KEEPER PULLUP
C: ConstraintEditor-2001: [E:/PDS/PGL22G/CD_20210223/CD_20210223/demo/zhenjiuzhe_ddr3_ov5640_hdmi - 5 - 3/device_map/top.pcf(line number: 72)] Object 'cmos_db[5]' is dangling, which has no connection. it will be ignored.
Executing : def_port {cmos_db[5]} -LOC D17 -IOSTANDARD LVCMOS33 -VCCIO 3.3 -HYS_DRIVE_MODE NOHYS -BUS_KEEPER PULLUP successfully.
Executing : def_port {cmos_db[6]} -LOC G14 -IOSTANDARD LVCMOS33 -VCCIO 3.3 -HYS_DRIVE_MODE NOHYS -BUS_KEEPER PULLUP
C: ConstraintEditor-2001: [E:/PDS/PGL22G/CD_20210223/CD_20210223/demo/zhenjiuzhe_ddr3_ov5640_hdmi - 5 - 3/device_map/top.pcf(line number: 73)] Object 'cmos_db[6]' is dangling, which has no connection. it will be ignored.
Executing : def_port {cmos_db[6]} -LOC G14 -IOSTANDARD LVCMOS33 -VCCIO 3.3 -HYS_DRIVE_MODE NOHYS -BUS_KEEPER PULLUP successfully.
Executing : def_port {cmos_db[7]} -LOC G13 -IOSTANDARD LVCMOS33 -VCCIO 3.3 -HYS_DRIVE_MODE NOHYS -BUS_KEEPER PULLUP
C: ConstraintEditor-2001: [E:/PDS/PGL22G/CD_20210223/CD_20210223/demo/zhenjiuzhe_ddr3_ov5640_hdmi - 5 - 3/device_map/top.pcf(line number: 74)] Object 'cmos_db[7]' is dangling, which has no connection. it will be ignored.
Executing : def_port {cmos_db[7]} -LOC G13 -IOSTANDARD LVCMOS33 -VCCIO 3.3 -HYS_DRIVE_MODE NOHYS -BUS_KEEPER PULLUP successfully.
Executing : def_port cmos_href -LOC H14 -IOSTANDARD LVCMOS33 -VCCIO 3.3 -HYS_DRIVE_MODE NOHYS -BUS_KEEPER PULLUP
C: ConstraintEditor-2001: [E:/PDS/PGL22G/CD_20210223/CD_20210223/demo/zhenjiuzhe_ddr3_ov5640_hdmi - 5 - 3/device_map/top.pcf(line number: 75)] Object 'cmos_href' is dangling, which has no connection. it will be ignored.
Executing : def_port cmos_href -LOC H14 -IOSTANDARD LVCMOS33 -VCCIO 3.3 -HYS_DRIVE_MODE NOHYS -BUS_KEEPER PULLUP successfully.
Executing : def_port cmos_pclk -LOC J17 -IOSTANDARD LVCMOS33 -VCCIO 3.3 -HYS_DRIVE_MODE NOHYS -BUS_KEEPER PULLUP
C: ConstraintEditor-2001: [E:/PDS/PGL22G/CD_20210223/CD_20210223/demo/zhenjiuzhe_ddr3_ov5640_hdmi - 5 - 3/device_map/top.pcf(line number: 76)] Object 'cmos_pclk' is dangling, which has no connection. it will be ignored.
Executing : def_port cmos_pclk -LOC J17 -IOSTANDARD LVCMOS33 -VCCIO 3.3 -HYS_DRIVE_MODE NOHYS -BUS_KEEPER PULLUP successfully.
Executing : def_port cmos_vsync -LOC J18 -IOSTANDARD LVCMOS33 -VCCIO 3.3 -HYS_DRIVE_MODE NOHYS -BUS_KEEPER PULLUP
C: ConstraintEditor-2001: [E:/PDS/PGL22G/CD_20210223/CD_20210223/demo/zhenjiuzhe_ddr3_ov5640_hdmi - 5 - 3/device_map/top.pcf(line number: 77)] Object 'cmos_vsync' is dangling, which has no connection. it will be ignored.
Executing : def_port cmos_vsync -LOC J18 -IOSTANDARD LVCMOS33 -VCCIO 3.3 -HYS_DRIVE_MODE NOHYS -BUS_KEEPER PULLUP successfully.
Executing : def_port pad_loop_in -LOC P7 -IOSTANDARD SSTL15_I -VCCIO 1.5 -BUS_KEEPER UNUSED -VREF_MODE IN -VREF_MODE_VALUE 0.5 -DDR_TERM_MODE ON
Executing : def_port pad_loop_in -LOC P7 -IOSTANDARD SSTL15_I -VCCIO 1.5 -BUS_KEEPER UNUSED -VREF_MODE IN -VREF_MODE_VALUE 0.5 -DDR_TERM_MODE ON successfully.
Executing : def_port pad_loop_in_h -LOC V4 -IOSTANDARD SSTL15_I -VCCIO 1.5 -BUS_KEEPER UNUSED -VREF_MODE IN -VREF_MODE_VALUE 0.5 -DDR_TERM_MODE ON
Executing : def_port pad_loop_in_h -LOC V4 -IOSTANDARD SSTL15_I -VCCIO 1.5 -BUS_KEEPER UNUSED -VREF_MODE IN -VREF_MODE_VALUE 0.5 -DDR_TERM_MODE ON successfully.
Executing : def_port rst_n -LOC U12 -IOSTANDARD LVCMOS33 -VCCIO 3.3 -HYS_DRIVE_MODE NOHYS -BUS_KEEPER PULLUP
Executing : def_port rst_n -LOC U12 -IOSTANDARD LVCMOS33 -VCCIO 3.3 -HYS_DRIVE_MODE NOHYS -BUS_KEEPER PULLUP successfully.
Executing : def_port sys_clk -LOC B5 -IOSTANDARD LVCMOS33 -VCCIO 3.3 -HYS_DRIVE_MODE NOHYS -BUS_KEEPER PULLUP
Executing : def_port sys_clk -LOC B5 -IOSTANDARD LVCMOS33 -VCCIO 3.3 -HYS_DRIVE_MODE NOHYS -BUS_KEEPER PULLUP successfully.
Executing : def_inst_site u_ipsl_hmic_h_top/u_pll_50_400/u_pll_e1/goppll PLL_82_71
Executing : def_inst_site u_ipsl_hmic_h_top/u_pll_50_400/u_pll_e1/goppll PLL_82_71 successfully.
W: ConstraintEditor-4019: Port 'ddr_init_done' unspecified I/O constraint.
W: ConstraintEditor-4019: Port 'ddrphy_rst_done' unspecified I/O constraint.
W: ConstraintEditor-4019: Port 'pll_lock' unspecified I/O constraint.
Executing : apply_constraint -f {E:/PDS/PGL22G/CD_20210223/CD_20210223/demo/zhenjiuzhe_ddr3_ov5640_hdmi - 5 - 3/device_map/top.pcf} successfully.

Placement started.
Mapping instance u_ipsl_hmic_h_top/u_ipsl_hmic_h_phy_top/u_phy_io_v1_1/u_gtp_ddrphy/gateop_DDRC to HMEMC_16_1.
Mapping instance u_ipsl_hmic_h_top/u_ipsl_hmic_h_phy_top/u_phy_io_v1_1/dqs2_dut/opit_0 to DQSL_6_96.
Mapping instance u_ipsl_hmic_h_top/u_ipsl_hmic_h_phy_top/u_phy_io_v1_1/dqs0_dut/opit_0 to DQSL_6_24.
Mapping instance u_ipsl_hmic_h_top/u_ipsl_hmic_h_phy_top/u_phy_io_v1_1/dll_hmemc_dut/gopdll to DLL_7_59.
Mapping instance u_ipsl_hmic_h_top/u_ipsl_hmic_h_phy_top/u_phy_io_v1_1/dqs1_dut/opit_0 to DQSL_6_52.
Mapping instance u_ipsl_hmic_h_top/u_ipsl_hmic_h_phy_top/u_phy_io_v1_1/dqs3_dut/opit_0 to DQSL_6_148.
Mapping instance u_ipsl_hmic_h_top/u_ipsl_hmic_h_phy_top/u_phy_io_v1_1/dqs4_dut/opit_0 to DQSL_6_176.
Mapping instance u_ipsl_hmic_h_top/u_ipsl_hmic_h_phy_top/u_phy_io_v1_1/ioclkdiv_dut/gopclkdiv to IOCKDIV_6_64.
Mapping instance u_ipsl_hmic_h_top/u_ipsl_hmic_h_phy_top/u_phy_io_v1_1/ioclkbuf01_dut/gopclkgate to IOCKGATE_6_56.
Mapping instance u_ipsl_hmic_h_top/u_ipsl_hmic_h_phy_top/u_phy_io_v1_1/ioclkbuf02_dut/gopclkgate to IOCKGATE_6_181.
Mapping instance video_pll_m0/u_pll_e1/goppll to PLL_82_51.
Mapping instance cmos_xclkbufg/gopclkbufg to USCM_74_107.
Mapping instance video_clkbufg/gopclkbufg to USCM_74_108.
Mapping instance sys_clkbufg/gopclkbufg to USCM_74_104.
Mapping instance clkbufg_1/gopclkbufg to USCM_74_105.
Mapping instance clkbufg_0/gopclkbufg to USCM_74_106.
Pre global placement takes 3.69 sec.
Design Utilization : 65%.
Global placement takes 2.75 sec.
Wirelength after global placement is 159072.
Placed fixed instance clkbufg_0/gopclkbufg on USCM_74_106.
Placed fixed instance clkbufg_1/gopclkbufg on USCM_74_105.
Placed fixed group with base inst cmos_xclk_obuf/opit_1 on IOL_151_225.
Placed fixed instance cmos_xclkbufg/gopclkbufg on USCM_74_107.
Placed fixed group with base inst i2c_config_m0.i2c_scl_tri/opit_1 on IOL_151_209.
Placed fixed group with base inst i2c_config_m0.i2c_sda_tri/opit_1 on IOL_151_210.
Placed fixed group with base inst rst_n_ibuf/opit_1 on IOL_151_106.
Placed fixed group with base inst sys_clk_ibuf/opit_1 on IOL_7_298.
Placed fixed instance sys_clkbufg/gopclkbufg on USCM_74_104.
Placed fixed group with base inst tmds_clk_n/opit_1 on IOL_151_297.
Placed fixed group with base inst tmds_clk_p/opit_1 on IOL_151_298.
Placed fixed group with base inst tmds_data_n[0]/opit_1 on IOL_151_321.
Placed fixed group with base inst tmds_data_n[1]/opit_1 on IOL_151_337.
Placed fixed group with base inst tmds_data_n[2]/opit_1 on IOL_151_349.
Placed fixed group with base inst tmds_data_p[0]/opit_1 on IOL_151_322.
Placed fixed group with base inst tmds_data_p[1]/opit_1 on IOL_151_338.
Placed fixed group with base inst tmds_data_p[2]/opit_1 on IOL_151_350.
Placed fixed instance u_ipsl_hmic_h_top/u_ipsl_hmic_h_phy_top/u_phy_io_v1_1/dll_hmemc_dut/gopdll on DLL_7_59.
Placed fixed instance u_ipsl_hmic_h_top/u_ipsl_hmic_h_phy_top/u_phy_io_v1_1/dqs0_dut/opit_0 on DQSL_6_24.
Placed fixed instance u_ipsl_hmic_h_top/u_ipsl_hmic_h_phy_top/u_phy_io_v1_1/dqs1_dut/opit_0 on DQSL_6_52.
Placed fixed instance u_ipsl_hmic_h_top/u_ipsl_hmic_h_phy_top/u_phy_io_v1_1/dqs2_dut/opit_0 on DQSL_6_96.
Placed fixed instance u_ipsl_hmic_h_top/u_ipsl_hmic_h_phy_top/u_phy_io_v1_1/dqs3_dut/opit_0 on DQSL_6_148.
Placed fixed instance u_ipsl_hmic_h_top/u_ipsl_hmic_h_phy_top/u_phy_io_v1_1/dqs4_dut/opit_0 on DQSL_6_176.
Placed fixed group with base inst u_ipsl_hmic_h_top/u_ipsl_hmic_h_phy_top/u_phy_io_v1_1/genblk2.iob_08_09_dut/opit_2_O on IOL_7_22.
Placed fixed group with base inst u_ipsl_hmic_h_top/u_ipsl_hmic_h_phy_top/u_phy_io_v1_1/genblk3.iob_30_31_dut/opit_2_O on IOL_7_102.
Placed fixed group with base inst u_ipsl_hmic_h_top/u_ipsl_hmic_h_phy_top/u_phy_io_v1_1/iob_00_dut/opit_0_iol on IOL_7_5.
Placed fixed group with base inst u_ipsl_hmic_h_top/u_ipsl_hmic_h_phy_top/u_phy_io_v1_1/iob_01_dut/opit_1 on IOL_7_6.
Placed fixed group with base inst u_ipsl_hmic_h_top/u_ipsl_hmic_h_phy_top/u_phy_io_v1_1/iob_02_dut/opit_1_IOL on IOL_7_9.
Placed fixed group with base inst u_ipsl_hmic_h_top/u_ipsl_hmic_h_phy_top/u_phy_io_v1_1/iob_16_17_dut/opit_3_IOL on IOL_7_46.
Placed fixed group with base inst u_ipsl_hmic_h_top/u_ipsl_hmic_h_phy_top/u_phy_io_v1_1/iob_18_dut/opit_1_IOL on IOL_7_49.
Placed fixed group with base inst u_ipsl_hmic_h_top/u_ipsl_hmic_h_phy_top/u_phy_io_v1_1/iob_19_dut/opit_1_IOL on IOL_7_50.
Placed fixed group with base inst u_ipsl_hmic_h_top/u_ipsl_hmic_h_phy_top/u_phy_io_v1_1/iob_20_dut/opit_1_IOL on IOL_7_73.
Placed fixed group with base inst u_ipsl_hmic_h_top/u_ipsl_hmic_h_phy_top/u_phy_io_v1_1/iob_21_dut/opit_1_IOL on IOL_7_74.
Placed fixed group with base inst u_ipsl_hmic_h_top/u_ipsl_hmic_h_phy_top/u_phy_io_v1_1/iob_22_dut/opit_1_IOL on IOL_7_77.
Placed fixed group with base inst u_ipsl_hmic_h_top/u_ipsl_hmic_h_phy_top/u_phy_io_v1_1/iob_23_dut/opit_1_IOL on IOL_7_78.
Placed fixed group with base inst u_ipsl_hmic_h_top/u_ipsl_hmic_h_phy_top/u_phy_io_v1_1/iob_24_dut/opit_1_IOL on IOL_7_81.
Placed fixed group with base inst u_ipsl_hmic_h_top/u_ipsl_hmic_h_phy_top/u_phy_io_v1_1/iob_25_dut/opit_1_IOL on IOL_7_82.
Placed fixed group with base inst u_ipsl_hmic_h_top/u_ipsl_hmic_h_phy_top/u_phy_io_v1_1/iob_37_dut/opit_1_IOL on IOL_7_114.
Placed fixed group with base inst u_ipsl_hmic_h_top/u_ipsl_hmic_h_phy_top/u_phy_io_v1_1/iob_38_dut/opit_0_iol on IOL_7_117.
Placed fixed group with base inst u_ipsl_hmic_h_top/u_ipsl_hmic_h_phy_top/u_phy_io_v1_1/iob_39_dut/opit_1 on IOL_7_118.
Placed fixed group with base inst u_ipsl_hmic_h_top/u_ipsl_hmic_h_phy_top/u_phy_io_v1_1/iob_40_dut/opit_1_IOL on IOL_7_129.
Placed fixed group with base inst u_ipsl_hmic_h_top/u_ipsl_hmic_h_phy_top/u_phy_io_v1_1/iob_41_dut/opit_1_IOL on IOL_7_130.
Placed fixed group with base inst u_ipsl_hmic_h_top/u_ipsl_hmic_h_phy_top/u_phy_io_v1_1/iob_42_dut/opit_1_IOL on IOL_7_133.
Placed fixed group with base inst u_ipsl_hmic_h_top/u_ipsl_hmic_h_phy_top/u_phy_io_v1_1/iob_43_dut/opit_1_IOL on IOL_7_134.
Placed fixed group with base inst u_ipsl_hmic_h_top/u_ipsl_hmic_h_phy_top/u_phy_io_v1_1/iob_44_dut/opit_1_IOL on IOL_7_137.
Placed fixed group with base inst u_ipsl_hmic_h_top/u_ipsl_hmic_h_phy_top/u_phy_io_v1_1/iob_45_dut/opit_1_IOL on IOL_7_138.
Placed fixed group with base inst u_ipsl_hmic_h_top/u_ipsl_hmic_h_phy_top/u_phy_io_v1_1/iob_46_dut/opit_1_IOL on IOL_7_141.
Placed fixed group with base inst u_ipsl_hmic_h_top/u_ipsl_hmic_h_phy_top/u_phy_io_v1_1/iob_47_dut/opit_1_IOL on IOL_7_142.
Placed fixed group with base inst u_ipsl_hmic_h_top/u_ipsl_hmic_h_phy_top/u_phy_io_v1_1/iob_48_dut/opit_1_IOL on IOL_7_145.
Placed fixed group with base inst u_ipsl_hmic_h_top/u_ipsl_hmic_h_phy_top/u_phy_io_v1_1/iob_49_dut/opit_1_IOL on IOL_7_146.
Placed fixed group with base inst u_ipsl_hmic_h_top/u_ipsl_hmic_h_phy_top/u_phy_io_v1_1/iob_50_dut/opit_1 on IOL_7_157.
Placed fixed group with base inst u_ipsl_hmic_h_top/u_ipsl_hmic_h_phy_top/u_phy_io_v1_1/iob_51_dut/opit_1_IOL on IOL_7_158.
Placed fixed group with base inst u_ipsl_hmic_h_top/u_ipsl_hmic_h_phy_top/u_phy_io_v1_1/iob_52_dut/opit_1_IOL on IOL_7_161.
Placed fixed group with base inst u_ipsl_hmic_h_top/u_ipsl_hmic_h_phy_top/u_phy_io_v1_1/iob_55_dut/opit_1_IOL on IOL_7_166.
Placed fixed group with base inst u_ipsl_hmic_h_top/u_ipsl_hmic_h_phy_top/u_phy_io_v1_1/iob_56_dut/opit_1_IOL on IOL_7_169.
Placed fixed group with base inst u_ipsl_hmic_h_top/u_ipsl_hmic_h_phy_top/u_phy_io_v1_1/iob_57_dut/opit_1_IOL on IOL_7_170.
Placed fixed group with base inst u_ipsl_hmic_h_top/u_ipsl_hmic_h_phy_top/u_phy_io_v1_1/iob_58_dut/opit_1_IOL on IOL_7_173.
Placed fixed group with base inst u_ipsl_hmic_h_top/u_ipsl_hmic_h_phy_top/u_phy_io_v1_1/iob_59_dut/opit_1_IOL on IOL_7_174.
Placed fixed instance u_ipsl_hmic_h_top/u_ipsl_hmic_h_phy_top/u_phy_io_v1_1/ioclkbuf01_dut/gopclkgate on IOCKGATE_6_56.
Placed fixed instance u_ipsl_hmic_h_top/u_ipsl_hmic_h_phy_top/u_phy_io_v1_1/ioclkbuf02_dut/gopclkgate on IOCKGATE_6_181.
Placed fixed instance u_ipsl_hmic_h_top/u_ipsl_hmic_h_phy_top/u_phy_io_v1_1/ioclkdiv_dut/gopclkdiv on IOCKDIV_6_64.
Placed fixed group with base inst u_ipsl_hmic_h_top/u_ipsl_hmic_h_phy_top/u_phy_io_v1_1/iol_iddr3_dut/gateop_inv_IO on IOL_7_10.
Placed fixed group with base inst u_ipsl_hmic_h_top/u_ipsl_hmic_h_phy_top/u_phy_io_v1_1/iol_iddr4_dut/gateop_inv_IO on IOL_7_13.
Placed fixed group with base inst u_ipsl_hmic_h_top/u_ipsl_hmic_h_phy_top/u_phy_io_v1_1/iol_iddr5_dut/gateop_inv_IO on IOL_7_14.
Placed fixed group with base inst u_ipsl_hmic_h_top/u_ipsl_hmic_h_phy_top/u_phy_io_v1_1/iol_iddr6_dut/gateop_inv_IO on IOL_7_17.
Placed fixed group with base inst u_ipsl_hmic_h_top/u_ipsl_hmic_h_phy_top/u_phy_io_v1_1/iol_iddr7_dut/gateop_inv_IO on IOL_7_18.
Placed fixed group with base inst u_ipsl_hmic_h_top/u_ipsl_hmic_h_phy_top/u_phy_io_v1_1/iol_iddr10_dut/gateop_inv_IO on IOL_7_33.
Placed fixed group with base inst u_ipsl_hmic_h_top/u_ipsl_hmic_h_phy_top/u_phy_io_v1_1/iol_iddr11_dut/gateop_inv_IO on IOL_7_34.
Placed fixed group with base inst u_ipsl_hmic_h_top/u_ipsl_hmic_h_phy_top/u_phy_io_v1_1/iol_iddr12_dut/gateop_inv_IO on IOL_7_37.
Placed fixed group with base inst u_ipsl_hmic_h_top/u_ipsl_hmic_h_phy_top/u_phy_io_v1_1/iol_iddr27_dut/gateop_inv_IO on IOL_7_86.
Placed fixed group with base inst u_ipsl_hmic_h_top/u_ipsl_hmic_h_phy_top/u_phy_io_v1_1/iol_iddr28_dut/gateop_inv_IO on IOL_7_89.
Placed fixed group with base inst u_ipsl_hmic_h_top/u_ipsl_hmic_h_phy_top/u_phy_io_v1_1/iol_iddr29_dut/gateop_inv_IO on IOL_7_90.
Placed fixed group with base inst u_ipsl_hmic_h_top/u_ipsl_hmic_h_phy_top/u_phy_io_v1_1/iol_iddr32_dut/gateop_inv_IO on IOL_7_105.
Placed fixed group with base inst u_ipsl_hmic_h_top/u_ipsl_hmic_h_phy_top/u_phy_io_v1_1/iol_iddr33_dut/gateop_inv_IO on IOL_7_106.
Placed fixed group with base inst u_ipsl_hmic_h_top/u_ipsl_hmic_h_phy_top/u_phy_io_v1_1/iol_iddr34_dut/gateop_inv_IO on IOL_7_109.
Placed fixed group with base inst u_ipsl_hmic_h_top/u_ipsl_hmic_h_phy_top/u_phy_io_v1_1/iol_iddr35_dut/gateop_inv_IO on IOL_7_110.
Placed fixed group with base inst u_ipsl_hmic_h_top/u_ipsl_hmic_h_phy_top/u_phy_io_v1_1/iol_iddr36_dut/gateop_inv_IO on IOL_7_113.
Placed fixed instance u_ipsl_hmic_h_top/u_ipsl_hmic_h_phy_top/u_phy_io_v1_1/u_gtp_ddrphy/gateop_DDRC on HMEMC_16_1.
Placed fixed instance u_ipsl_hmic_h_top/u_pll_50_400/u_pll_e1/goppll on PLL_82_71.
Placed fixed group with base inst uart_tx_obuf/opit_1 on IOL_151_361.
Placed fixed instance video_clkbufg/gopclkbufg on USCM_74_108.
Placed fixed instance video_pll_m0/u_pll_e1/goppll on PLL_82_51.
Placed fixed instance BKCL_auto_0 on BKCL_2_268.
Placed fixed instance BKCL_auto_1 on BKCL_2_144.
Placed fixed instance BKCL_auto_2 on BKCL_2_20.
Placed fixed instance BKCL_auto_3 on BKCL_154_268.
Placed fixed instance BKCL_auto_4 on BKCL_154_144.
Placed fixed instance BKCL_auto_5 on BKCL_154_20.
Placed instance u_ipsl_hmic_h_top/u_ipsl_hmic_h_phy_top/u_phy_io_v1_1/dll_hmemc_dut/gopdll(gopDLL) on DLL_7_59, and placed u_ipsl_hmic_h_top/u_ipsl_hmic_h_phy_top/u_phy_io_v1_1/dqs0_dut/opit_0(gopDQS_DDC) on DQSL_6_24.
Placed instance u_ipsl_hmic_h_top/u_ipsl_hmic_h_phy_top/u_phy_io_v1_1/dll_hmemc_dut/gopdll(gopDLL) on DLL_7_59, and placed u_ipsl_hmic_h_top/u_ipsl_hmic_h_phy_top/u_phy_io_v1_1/dqs1_dut/opit_0(gopDQS_DDC) on DQSL_6_52.
Placed instance u_ipsl_hmic_h_top/u_ipsl_hmic_h_phy_top/u_phy_io_v1_1/dll_hmemc_dut/gopdll(gopDLL) on DLL_7_59, and placed u_ipsl_hmic_h_top/u_ipsl_hmic_h_phy_top/u_phy_io_v1_1/dqs2_dut/opit_0(gopDQS_DDC) on DQSL_6_96.
Placed instance u_ipsl_hmic_h_top/u_ipsl_hmic_h_phy_top/u_phy_io_v1_1/dll_hmemc_dut/gopdll(gopDLL) on DLL_7_59, and placed u_ipsl_hmic_h_top/u_ipsl_hmic_h_phy_top/u_phy_io_v1_1/dqs3_dut/opit_0(gopDQS_DDC) on DQSL_6_148.
Placed instance u_ipsl_hmic_h_top/u_ipsl_hmic_h_phy_top/u_phy_io_v1_1/dll_hmemc_dut/gopdll(gopDLL) on DLL_7_59, and placed u_ipsl_hmic_h_top/u_ipsl_hmic_h_phy_top/u_phy_io_v1_1/dqs4_dut/opit_0(gopDQS_DDC) on DQSL_6_176.
Forbidden IOL_7_38.
Forbidden IOL_7_41.
Forbidden IOL_7_42.
Forbidden IOL_7_85.
Forbidden IOL_7_162.
Forbidden IOL_7_165.
Wirelength after Macro cell placement is 172619.
Macro cell placement takes 0.17 sec.
Design Utilization : 65%.
Wirelength after post global placement is 163713.
Post global placement takes 3.33 sec.
Wirelength after legalization is 166373.
Legalization takes 1.75 sec.
Placement done.
Total placement takes 12.41 sec.
Finished placement. (CPU time elapsed 0h:00m:13s)

Routing started.
Building routing graph takes 2.45 sec.
Worst slack is -78179.
Processing design graph takes 0.63 sec.
Total memory for routing:
	54.643860 M.
Total nets for routing : 16043.
Rcf routing step 1 processed 0 nets, it takes 0.00 sec.
Rcf routing step 2 processed 0 nets, it takes 0.00 sec.
Rcf routing step 3 processed 0 nets, it takes 0.00 sec.
Global Routing step 1 processed 0 nets, it takes 0.03 sec.
Global Routing step 2 processed 0 nets, it takes 0.02 sec.
Unrouted nets 367 at the end of iteration 0.
Unrouted nets 226 at the end of iteration 1.
Unrouted nets 144 at the end of iteration 2.
Unrouted nets 92 at the end of iteration 3.
Unrouted nets 70 at the end of iteration 4.
Unrouted nets 42 at the end of iteration 5.
Unrouted nets 31 at the end of iteration 6.
Unrouted nets 21 at the end of iteration 7.
Unrouted nets 16 at the end of iteration 8.
Unrouted nets 16 at the end of iteration 9.
Unrouted nets 8 at the end of iteration 10.
Unrouted nets 4 at the end of iteration 11.
Unrouted nets 2 at the end of iteration 12.
Unrouted nets 0 at the end of iteration 13.
Global Routing step 3 processed 1032 nets, it takes 5.02 sec.
Global routing takes 5.06 sec.
Total 19483 subnets.
    forward max bucket size 769 , backward 1240.
        Unrouted nets 13406 at the end of iteration 0.
    route iteration 0, CPU time elapsed 3.781250 sec.
    forward max bucket size 568 , backward 941.
        Unrouted nets 10864 at the end of iteration 1.
    route iteration 1, CPU time elapsed 3.031250 sec.
    forward max bucket size 999 , backward 1140.
        Unrouted nets 8895 at the end of iteration 2.
    route iteration 2, CPU time elapsed 3.390625 sec.
    forward max bucket size 1612 , backward 1047.
        Unrouted nets 7341 at the end of iteration 3.
    route iteration 3, CPU time elapsed 4.031250 sec.
    forward max bucket size 4980 , backward 4115.
        Unrouted nets 6245 at the end of iteration 4.
    route iteration 4, CPU time elapsed 4.375000 sec.
    forward max bucket size 1334 , backward 680.
        Unrouted nets 5518 at the end of iteration 5.
    route iteration 5, CPU time elapsed 4.796875 sec.
    forward max bucket size 3694 , backward 616.
        Unrouted nets 6324 at the end of iteration 6.
    route iteration 6, CPU time elapsed 4.062500 sec.
    forward max bucket size 4253 , backward 867.
        Unrouted nets 6370 at the end of iteration 7.
    route iteration 7, CPU time elapsed 4.171875 sec.
    forward max bucket size 756 , backward 688.
        Unrouted nets 5962 at the end of iteration 8.
    route iteration 8, CPU time elapsed 3.656250 sec.
    forward max bucket size 439 , backward 869.
        Unrouted nets 5244 at the end of iteration 9.
    route iteration 9, CPU time elapsed 3.343750 sec.
    forward max bucket size 382 , backward 578.
        Unrouted nets 4623 at the end of iteration 10.
    route iteration 10, CPU time elapsed 3.000000 sec.
    forward max bucket size 487 , backward 783.
        Unrouted nets 3945 at the end of iteration 11.
    route iteration 11, CPU time elapsed 2.687500 sec.
    forward max bucket size 371 , backward 669.
        Unrouted nets 3414 at the end of iteration 12.
    route iteration 12, CPU time elapsed 2.750000 sec.
    forward max bucket size 419 , backward 548.
        Unrouted nets 2973 at the end of iteration 13.
    route iteration 13, CPU time elapsed 2.828125 sec.
    forward max bucket size 636 , backward 472.
        Unrouted nets 2621 at the end of iteration 14.
    route iteration 14, CPU time elapsed 2.031250 sec.
    forward max bucket size 388 , backward 590.
        Unrouted nets 2279 at the end of iteration 15.
    route iteration 15, CPU time elapsed 1.656250 sec.
    forward max bucket size 2448 , backward 1752.
        Unrouted nets 1962 at the end of iteration 16.
    route iteration 16, CPU time elapsed 1.812500 sec.
    forward max bucket size 502 , backward 431.
        Unrouted nets 1747 at the end of iteration 17.
    route iteration 17, CPU time elapsed 1.718750 sec.
    forward max bucket size 283 , backward 433.
        Unrouted nets 1512 at the end of iteration 18.
    route iteration 18, CPU time elapsed 1.390625 sec.
    forward max bucket size 1096 , backward 936.
        Unrouted nets 1336 at the end of iteration 19.
    route iteration 19, CPU time elapsed 1.171875 sec.
    forward max bucket size 697 , backward 859.
        Unrouted nets 1160 at the end of iteration 20.
    route iteration 20, CPU time elapsed 1.125000 sec.
    forward max bucket size 911 , backward 1289.
        Unrouted nets 1081 at the end of iteration 21.
    route iteration 21, CPU time elapsed 1.093750 sec.
    forward max bucket size 280 , backward 442.
        Unrouted nets 964 at the end of iteration 22.
    route iteration 22, CPU time elapsed 1.046875 sec.
    forward max bucket size 207 , backward 433.
        Unrouted nets 872 at the end of iteration 23.
    route iteration 23, CPU time elapsed 0.937500 sec.
    forward max bucket size 868 , backward 880.
        Unrouted nets 788 at the end of iteration 24.
    route iteration 24, CPU time elapsed 0.828125 sec.
    forward max bucket size 246 , backward 510.
        Unrouted nets 759 at the end of iteration 25.
    route iteration 25, CPU time elapsed 0.828125 sec.
    forward max bucket size 454 , backward 485.
        Unrouted nets 691 at the end of iteration 26.
    route iteration 26, CPU time elapsed 0.859375 sec.
    forward max bucket size 511 , backward 580.
        Unrouted nets 606 at the end of iteration 27.
    route iteration 27, CPU time elapsed 0.859375 sec.
    forward max bucket size 234 , backward 593.
        Unrouted nets 528 at the end of iteration 28.
    route iteration 28, CPU time elapsed 0.718750 sec.
    forward max bucket size 251 , backward 486.
        Unrouted nets 512 at the end of iteration 29.
    route iteration 29, CPU time elapsed 0.640625 sec.
    forward max bucket size 96 , backward 426.
        Unrouted nets 448 at the end of iteration 30.
    route iteration 30, CPU time elapsed 0.625000 sec.
    forward max bucket size 1864 , backward 840.
        Unrouted nets 424 at the end of iteration 31.
    route iteration 31, CPU time elapsed 0.625000 sec.
    forward max bucket size 646 , backward 420.
        Unrouted nets 433 at the end of iteration 32.
    route iteration 32, CPU time elapsed 0.484375 sec.
    forward max bucket size 196 , backward 280.
        Unrouted nets 394 at the end of iteration 33.
    route iteration 33, CPU time elapsed 0.531250 sec.
    forward max bucket size 275 , backward 684.
        Unrouted nets 353 at the end of iteration 34.
    route iteration 34, CPU time elapsed 0.421875 sec.
    forward max bucket size 1029 , backward 1107.
        Unrouted nets 335 at the end of iteration 35.
    route iteration 35, CPU time elapsed 0.484375 sec.
    forward max bucket size 153 , backward 718.
        Unrouted nets 318 at the end of iteration 36.
    route iteration 36, CPU time elapsed 0.468750 sec.
    forward max bucket size 149 , backward 293.
        Unrouted nets 306 at the end of iteration 37.
    route iteration 37, CPU time elapsed 0.406250 sec.
    forward max bucket size 356 , backward 388.
        Unrouted nets 303 at the end of iteration 38.
    route iteration 38, CPU time elapsed 0.375000 sec.
    forward max bucket size 283 , backward 771.
        Unrouted nets 290 at the end of iteration 39.
    route iteration 39, CPU time elapsed 0.390625 sec.
    forward max bucket size 231 , backward 210.
        Unrouted nets 252 at the end of iteration 40.
    route iteration 40, CPU time elapsed 0.453125 sec.
    forward max bucket size 117 , backward 244.
        Unrouted nets 229 at the end of iteration 41.
    route iteration 41, CPU time elapsed 0.359375 sec.
    forward max bucket size 147 , backward 268.
        Unrouted nets 216 at the end of iteration 42.
    route iteration 42, CPU time elapsed 0.312500 sec.
    forward max bucket size 345 , backward 273.
        Unrouted nets 216 at the end of iteration 43.
    route iteration 43, CPU time elapsed 0.359375 sec.
    forward max bucket size 132 , backward 344.
        Unrouted nets 200 at the end of iteration 44.
    route iteration 44, CPU time elapsed 0.281250 sec.
    forward max bucket size 412 , backward 396.
        Unrouted nets 185 at the end of iteration 45.
    route iteration 45, CPU time elapsed 0.281250 sec.
    forward max bucket size 467 , backward 215.
        Unrouted nets 175 at the end of iteration 46.
    route iteration 46, CPU time elapsed 0.265625 sec.
    forward max bucket size 479 , backward 208.
        Unrouted nets 154 at the end of iteration 47.
    route iteration 47, CPU time elapsed 0.265625 sec.
    forward max bucket size 350 , backward 436.
        Unrouted nets 146 at the end of iteration 48.
    route iteration 48, CPU time elapsed 0.250000 sec.
    forward max bucket size 382 , backward 363.
        Unrouted nets 145 at the end of iteration 49.
    route iteration 49, CPU time elapsed 0.250000 sec.
    forward max bucket size 122 , backward 211.
        Unrouted nets 143 at the end of iteration 50.
    route iteration 50, CPU time elapsed 0.234375 sec.
    forward max bucket size 192 , backward 211.
        Unrouted nets 136 at the end of iteration 51.
    route iteration 51, CPU time elapsed 0.203125 sec.
    forward max bucket size 132 , backward 489.
        Unrouted nets 125 at the end of iteration 52.
    route iteration 52, CPU time elapsed 0.250000 sec.
    forward max bucket size 128 , backward 437.
        Unrouted nets 122 at the end of iteration 53.
    route iteration 53, CPU time elapsed 0.218750 sec.
    forward max bucket size 121 , backward 421.
        Unrouted nets 111 at the end of iteration 54.
    route iteration 54, CPU time elapsed 0.187500 sec.
    forward max bucket size 120 , backward 147.
        Unrouted nets 112 at the end of iteration 55.
    route iteration 55, CPU time elapsed 0.187500 sec.
    forward max bucket size 120 , backward 98.
        Unrouted nets 112 at the end of iteration 56.
    route iteration 56, CPU time elapsed 0.187500 sec.
    forward max bucket size 301 , backward 404.
        Unrouted nets 108 at the end of iteration 57.
    route iteration 57, CPU time elapsed 0.187500 sec.
    forward max bucket size 147 , backward 134.
        Unrouted nets 93 at the end of iteration 58.
    route iteration 58, CPU time elapsed 0.187500 sec.
    forward max bucket size 318 , backward 434.
        Unrouted nets 86 at the end of iteration 59.
    route iteration 59, CPU time elapsed 0.171875 sec.
    forward max bucket size 270 , backward 534.
        Unrouted nets 101 at the end of iteration 60.
    route iteration 60, CPU time elapsed 0.156250 sec.
    forward max bucket size 219 , backward 651.
        Unrouted nets 97 at the end of iteration 61.
    route iteration 61, CPU time elapsed 0.203125 sec.
    forward max bucket size 143 , backward 420.
        Unrouted nets 99 at the end of iteration 62.
    route iteration 62, CPU time elapsed 0.265625 sec.
    forward max bucket size 104 , backward 103.
        Unrouted nets 85 at the end of iteration 63.
    route iteration 63, CPU time elapsed 0.187500 sec.
    forward max bucket size 96 , backward 107.
        Unrouted nets 91 at the end of iteration 64.
    route iteration 64, CPU time elapsed 0.203125 sec.
    forward max bucket size 128 , backward 399.
        Unrouted nets 82 at the end of iteration 65.
    route iteration 65, CPU time elapsed 0.171875 sec.
    forward max bucket size 96 , backward 393.
        Unrouted nets 87 at the end of iteration 66.
    route iteration 66, CPU time elapsed 0.218750 sec.
    forward max bucket size 147 , backward 166.
        Unrouted nets 108 at the end of iteration 67.
    route iteration 67, CPU time elapsed 0.296875 sec.
    forward max bucket size 217 , backward 141.
        Unrouted nets 105 at the end of iteration 68.
    route iteration 68, CPU time elapsed 0.218750 sec.
    forward max bucket size 218 , backward 128.
        Unrouted nets 98 at the end of iteration 69.
    route iteration 69, CPU time elapsed 0.203125 sec.
    forward max bucket size 339 , backward 166.
        Unrouted nets 95 at the end of iteration 70.
    route iteration 70, CPU time elapsed 0.187500 sec.
    forward max bucket size 330 , backward 184.
        Unrouted nets 83 at the end of iteration 71.
    route iteration 71, CPU time elapsed 0.203125 sec.
    forward max bucket size 127 , backward 104.
        Unrouted nets 70 at the end of iteration 72.
    route iteration 72, CPU time elapsed 0.187500 sec.
    forward max bucket size 92 , backward 122.
        Unrouted nets 90 at the end of iteration 73.
    route iteration 73, CPU time elapsed 0.171875 sec.
    forward max bucket size 80 , backward 407.
        Unrouted nets 95 at the end of iteration 74.
    route iteration 74, CPU time elapsed 0.171875 sec.
    forward max bucket size 117 , backward 164.
        Unrouted nets 81 at the end of iteration 75.
    route iteration 75, CPU time elapsed 0.187500 sec.
    forward max bucket size 142 , backward 463.
        Unrouted nets 62 at the end of iteration 76.
    route iteration 76, CPU time elapsed 0.187500 sec.
    forward max bucket size 115 , backward 124.
        Unrouted nets 53 at the end of iteration 77.
    route iteration 77, CPU time elapsed 0.140625 sec.
    forward max bucket size 84 , backward 115.
        Unrouted nets 39 at the end of iteration 78.
    route iteration 78, CPU time elapsed 0.109375 sec.
    forward max bucket size 209 , backward 158.
        Unrouted nets 37 at the end of iteration 79.
    route iteration 79, CPU time elapsed 0.140625 sec.
    forward max bucket size 85 , backward 75.
        Unrouted nets 34 at the end of iteration 80.
    route iteration 80, CPU time elapsed 0.109375 sec.
    forward max bucket size 73 , backward 146.
        Unrouted nets 30 at the end of iteration 81.
    route iteration 81, CPU time elapsed 0.125000 sec.
    forward max bucket size 80 , backward 58.
        Unrouted nets 26 at the end of iteration 82.
    route iteration 82, CPU time elapsed 0.093750 sec.
    forward max bucket size 41 , backward 58.
        Unrouted nets 26 at the end of iteration 83.
    route iteration 83, CPU time elapsed 0.078125 sec.
    forward max bucket size 62 , backward 35.
        Unrouted nets 14 at the end of iteration 84.
    route iteration 84, CPU time elapsed 0.093750 sec.
    forward max bucket size 36 , backward 42.
        Unrouted nets 17 at the end of iteration 85.
    route iteration 85, CPU time elapsed 0.078125 sec.
    forward max bucket size 27 , backward 23.
        Unrouted nets 19 at the end of iteration 86.
    route iteration 86, CPU time elapsed 0.093750 sec.
    forward max bucket size 28 , backward 60.
        Unrouted nets 19 at the end of iteration 87.
    route iteration 87, CPU time elapsed 0.078125 sec.
    forward max bucket size 41 , backward 39.
        Unrouted nets 22 at the end of iteration 88.
    route iteration 88, CPU time elapsed 0.078125 sec.
    forward max bucket size 48 , backward 44.
        Unrouted nets 21 at the end of iteration 89.
    route iteration 89, CPU time elapsed 0.093750 sec.
    forward max bucket size 36 , backward 43.
        Unrouted nets 25 at the end of iteration 90.
    route iteration 90, CPU time elapsed 0.093750 sec.
    forward max bucket size 58 , backward 44.
        Unrouted nets 24 at the end of iteration 91.
    route iteration 91, CPU time elapsed 0.109375 sec.
    forward max bucket size 72 , backward 52.
        Unrouted nets 16 at the end of iteration 92.
    route iteration 92, CPU time elapsed 0.093750 sec.
    forward max bucket size 42 , backward 42.
        Unrouted nets 20 at the end of iteration 93.
    route iteration 93, CPU time elapsed 0.093750 sec.
    forward max bucket size 36 , backward 51.
        Unrouted nets 10 at the end of iteration 94.
    route iteration 94, CPU time elapsed 0.078125 sec.
    forward max bucket size 50 , backward 35.
        Unrouted nets 11 at the end of iteration 95.
    route iteration 95, CPU time elapsed 0.078125 sec.
    forward max bucket size 82 , backward 77.
        Unrouted nets 9 at the end of iteration 96.
    route iteration 96, CPU time elapsed 0.093750 sec.
    forward max bucket size 48 , backward 63.
        Unrouted nets 9 at the end of iteration 97.
    route iteration 97, CPU time elapsed 0.078125 sec.
    forward max bucket size 50 , backward 47.
        Unrouted nets 12 at the end of iteration 98.
    route iteration 98, CPU time elapsed 0.078125 sec.
    forward max bucket size 54 , backward 44.
        Unrouted nets 12 at the end of iteration 99.
    route iteration 99, CPU time elapsed 0.078125 sec.
    forward max bucket size 59 , backward 57.
        Unrouted nets 15 at the end of iteration 100.
    route iteration 100, CPU time elapsed 0.078125 sec.
    forward max bucket size 42 , backward 50.
        Unrouted nets 16 at the end of iteration 101.
    route iteration 101, CPU time elapsed 0.078125 sec.
    forward max bucket size 46 , backward 43.
        Unrouted nets 25 at the end of iteration 102.
    route iteration 102, CPU time elapsed 0.093750 sec.
    forward max bucket size 38 , backward 47.
        Unrouted nets 24 at the end of iteration 103.
    route iteration 103, CPU time elapsed 0.093750 sec.
    forward max bucket size 296 , backward 580.
        Unrouted nets 20 at the end of iteration 104.
    route iteration 104, CPU time elapsed 0.078125 sec.
    forward max bucket size 47 , backward 55.
        Unrouted nets 17 at the end of iteration 105.
    route iteration 105, CPU time elapsed 0.078125 sec.
    forward max bucket size 76 , backward 224.
        Unrouted nets 23 at the end of iteration 106.
    route iteration 106, CPU time elapsed 0.093750 sec.
    forward max bucket size 27 , backward 508.
        Unrouted nets 20 at the end of iteration 107.
    route iteration 107, CPU time elapsed 0.078125 sec.
    forward max bucket size 330 , backward 348.
        Unrouted nets 20 at the end of iteration 108.
    route iteration 108, CPU time elapsed 0.078125 sec.
    forward max bucket size 94 , backward 92.
        Unrouted nets 21 at the end of iteration 109.
    route iteration 109, CPU time elapsed 0.093750 sec.
    forward max bucket size 57 , backward 506.
        Unrouted nets 16 at the end of iteration 110.
    route iteration 110, CPU time elapsed 0.078125 sec.
    forward max bucket size 48 , backward 48.
        Unrouted nets 11 at the end of iteration 111.
    route iteration 111, CPU time elapsed 0.078125 sec.
    forward max bucket size 47 , backward 60.
        Unrouted nets 6 at the end of iteration 112.
    route iteration 112, CPU time elapsed 0.078125 sec.
    forward max bucket size 90 , backward 178.
        Unrouted nets 2 at the end of iteration 113.
    route iteration 113, CPU time elapsed 0.078125 sec.
    forward max bucket size 40 , backward 19.
        Unrouted nets 2 at the end of iteration 114.
    route iteration 114, CPU time elapsed 0.078125 sec.
    forward max bucket size 14 , backward 9.
        Unrouted nets 2 at the end of iteration 115.
    route iteration 115, CPU time elapsed 0.078125 sec.
    forward max bucket size 26 , backward 14.
        Unrouted nets 2 at the end of iteration 116.
    route iteration 116, CPU time elapsed 0.078125 sec.
    forward max bucket size 9 , backward 13.
        Unrouted nets 2 at the end of iteration 117.
    route iteration 117, CPU time elapsed 0.078125 sec.
    forward max bucket size 16 , backward 9.
        Unrouted nets 2 at the end of iteration 118.
    route iteration 118, CPU time elapsed 0.078125 sec.
    forward max bucket size 26 , backward 17.
        Unrouted nets 2 at the end of iteration 119.
    route iteration 119, CPU time elapsed 0.078125 sec.
    forward max bucket size 11 , backward 21.
        Unrouted nets 2 at the end of iteration 120.
    route iteration 120, CPU time elapsed 0.078125 sec.
    forward max bucket size 16 , backward 20.
        Unrouted nets 2 at the end of iteration 121.
    route iteration 121, CPU time elapsed 0.078125 sec.
    forward max bucket size 35 , backward 33.
        Unrouted nets 2 at the end of iteration 122.
    route iteration 122, CPU time elapsed 0.062500 sec.
    forward max bucket size 33 , backward 25.
        Unrouted nets 3 at the end of iteration 123.
    route iteration 123, CPU time elapsed 0.078125 sec.
    forward max bucket size 41 , backward 22.
        Unrouted nets 2 at the end of iteration 124.
    route iteration 124, CPU time elapsed 0.093750 sec.
    forward max bucket size 37 , backward 29.
        Unrouted nets 2 at the end of iteration 125.
    route iteration 125, CPU time elapsed 0.078125 sec.
    forward max bucket size 38 , backward 30.
        Unrouted nets 2 at the end of iteration 126.
    route iteration 126, CPU time elapsed 0.078125 sec.
    forward max bucket size 13 , backward 7.
        Unrouted nets 2 at the end of iteration 127.
    route iteration 127, CPU time elapsed 0.062500 sec.
    forward max bucket size 20 , backward 12.
        Unrouted nets 2 at the end of iteration 128.
    route iteration 128, CPU time elapsed 0.078125 sec.
    forward max bucket size 10 , backward 5.
        Unrouted nets 2 at the end of iteration 129.
    route iteration 129, CPU time elapsed 0.062500 sec.
    forward max bucket size 34 , backward 9.
        Unrouted nets 0 at the end of iteration 130.
    route iteration 130, CPU time elapsed 0.078125 sec.
Detailed routing takes 92.00 sec.

Dispose routing result:
    Collect routing result.
    Delete unused device instances.
    Annotate routing result.
    Change LUT configuration.
    Dispose misc instances.
I: Route-6001: Insert route through in CLMA_90_93.
I: Route-6001: Insert route through in CLMA_94_56.
I: Route-6001: Insert route through in CLMA_70_21.
I: Route-6001: Insert route through in CLMS_86_105.
I: Route-6001: Insert route through in CLMS_86_105.
I: Route-6001: Insert route through in CLMA_26_244.
I: Route-6001: Insert route through in CLMS_94_33.
I: Route-6001: Insert route through in CLMS_86_85.
I: Route-6001: Insert route through in CLMA_102_144.
I: Route-6001: Insert route through in CLMA_86_24.
I: Route-6001: Insert route through in CLMA_94_52.
I: Route-6001: Insert route through in CLMS_46_217.
I: Route-6001: Insert route through in CLMA_98_129.
I: Route-6001: Insert route through in CLMA_90_89.
I: Route-6001: Insert route through in CLMA_82_24.
I: Route-6001: Insert route through in CLMA_98_32.
I: Route-6001: Insert route through in CLMS_94_33.
I: Route-6001: Insert route through in CLMA_70_93.
I: Route-6001: Insert route through in CLMS_86_109.
I: Route-6001: Insert route through in CLMA_90_37.
I: Route-6001: Insert route through in CLMA_82_88.
I: Route-6001: Insert route through in CLMA_70_157.
I: Route-6001: Insert route through in CLMA_82_85.
I: Route-6001: Insert route through in CLMA_82_25.
I: Route-6001: Insert route through in CLMS_94_21.
I: Route-6001: Insert route through in CLMA_70_65.
I: Route-6001: Insert route through in CLMA_98_81.
I: Route-6001: Insert route through in CLMA_98_32.
I: Route-6001: Insert route through in CLMA_98_364.
I: Route-6001: Insert route through in CLMA_50_177.
I: Route-6001: Insert route through in CLMA_78_12.
I: Route-6001: Insert route through in CLMS_66_69.
I: Route-6001: Insert route through in CLMA_126_272.
I: Route-6001: Insert route through in CLMS_94_97.
I: Route-6001: Insert route through in CLMS_66_69.
I: Route-6001: Insert route through in CLMA_82_108.
I: Route-6001: Insert route through in CLMA_102_292.
I: Route-6001: Insert route through in CLMA_90_81.
I: Route-6001: Insert route through in CLMA_86_24.
I: Route-6001: Insert route through in CLMS_94_97.
I: Route-6001: Insert route through in CLMA_54_172.
I: Route-6001: Insert route through in CLMS_66_97.
I: Route-6001: Insert route through in CLMA_50_177.
I: Route-6001: Insert route through in CLMA_94_76.
I: Route-6001: Insert route through in CLMA_94_52.
I: Route-6001: Insert route through in CLMA_26_252.
I: Route-6001: Insert route through in CLMS_86_297.
I: Route-6001: Insert route through in CLMA_90_312.
I: Route-6001: Insert route through in CLMA_90_73.
I: Route-6001: Insert route through in CLMA_90_73.
I: Route-6001: Insert route through in CLMS_54_81.
I: Route-6001: Insert route through in CLMA_70_52.
I: Route-6001: Insert route through in CLMA_98_260.
I: Route-6001: Insert route through in CLMA_42_193.
I: Route-6001: Insert route through in CLMA_70_93.
I: Route-6001: Insert route through in CLMA_98_81.
I: Route-6001: Insert route through in CLMA_70_161.
I: Route-6001: Insert route through in CLMA_146_220.
I: Route-6001: Insert route through in CLMA_94_40.
I: Route-6001: Insert route through in CLMA_98_120.
I: Route-6001: Insert route through in CLMA_70_53.
I: Route-6001: Insert route through in CLMS_66_97.
I: Route-6001: Insert route through in CLMA_70_44.
I: Route-6001: Insert route through in CLMS_66_81.
I: Route-6001: Insert route through in CLMA_94_56.
I: Route-6001: Insert route through in CLMS_86_37.
I: Route-6001: Insert route through in CLMS_86_33.
I: Route-6001: Insert route through in CLMS_94_89.
I: Route-6001: Insert route through in CLMA_70_117.
I: Route-6001: Insert route through in CLMS_86_53.
I: Route-6001: Insert route through in CLMS_86_53.
I: Route-6001: Insert route through in CLMS_94_93.
I: Route-6001: Insert route through in CLMA_90_17.
I: Route-6001: Insert route through in CLMA_94_76.
I: Route-6001: Insert route through in CLMA_90_44.
I: Route-6001: Insert route through in CLMA_90_81.
I: Route-6001: Insert route through in CLMS_94_113.
I: Route-6001: Insert route through in CLMS_114_249.
I: Route-6001: Insert route through in CLMA_94_72.
I: Route-6001: Insert route through in CLMA_54_64.
I: Route-6001: Insert route through in CLMS_54_117.
I: Route-6001: Insert route through in CLMA_94_120.
I: Route-6001: Insert route through in CLMA_130_256.
I: Route-6001: Insert route through in CLMS_86_37.
I: Route-6001: Insert route through in CLMA_94_40.
I: Route-6001: Insert route through in CLMS_94_85.
I: Route-6001: Insert route through in CLMA_82_32.
I: Route-6001: Insert route through in CLMS_86_321.
I: Route-6001: Insert route through in CLMA_54_172.
I: Route-6001: Insert route through in CLMA_98_161.
I: Route-6001: Insert route through in CLMA_70_76.
I: Route-6001: Insert route through in CLMS_78_133.
I: Route-6001: Insert route through in CLMA_42_181.
I: Route-6001: Insert route through in CLMA_46_180.
I: Route-6001: Insert route through in CLMA_90_89.
I: Route-6001: Insert route through in CLMA_94_84.
I: Route-6001: Insert route through in CLMS_94_85.
I: Route-6001: Insert route through in CLMA_94_72.
I: Route-6001: Insert route through in CLMA_90_64.
I: Route-6001: Insert route through in CLMA_90_37.
I: Route-6001: Insert route through in CLMA_94_48.
I: Route-6001: Insert route through in CLMS_94_89.
I: Route-6001: Insert route through in CLMA_98_337.
I: Route-6001: Insert route through in CLMA_142_260.
I: Route-6001: Insert route through in CLMA_142_260.
I: Route-6001: Insert route through in CLMA_146_281.
I: Route-6001: Insert route through in CLMA_102_340.
I: Route-6001: Insert route through in CLMS_134_221.
I: Route-6001: Insert route through in CLMS_94_113.
I: Route-6001: Insert route through in CLMA_102_264.
I: Route-6001: Insert route through in CLMA_94_276.
I: Route-6001: Insert route through in CLMA_130_288.
I: Route-6001: Insert route through in RCKB_7_63.
I: Route-6001: Insert route through in RCKB_7_62.
I: Route-6001: Insert route through in RCKB_151_63.
I: Route-6001: Insert route through in RCKB_7_60.
    Annotate routing result again.
Finish routing takes 1.55 sec.
Used srb routing arc is 198960.
Cleanup routing takes 0.02 sec.
Routing done.
Total routing takes 102.88 sec.


Device Utilization Summary :
+----------------------------------------------------------------------------+
| Logic Utilization        | Used     | Available     | Utilization(%)     
+----------------------------------------------------------------------------+
| Use of ADC               | 0        | 1             | 0                   
| Use of APM               | 23.5     | 30            | 78                  
| Use of BKCL              | 6        | 6             | 100                 
| Use of CLMA              | 2872     | 3274          | 88                  
|   FF                     | 4695     | 19644         | 24                  
|   LUT                    | 8920     | 13096         | 68                  
|   LUT-FF pairs           | 838      | 13096         | 6                   
| Use of CLMS              | 941      | 1110          | 85                  
|   FF                     | 1479     | 6660          | 22                  
|   LUT                    | 2790     | 4440          | 63                  
|   LUT-FF pairs           | 256      | 4440          | 6                   
|   Distributed RAM        | 0        | 4440          | 0                   
| Use of CRYSTAL           | 0        | 6             | 0                   
| Use of DLL               | 2        | 6             | 33                  
| Use of DQSL              | 5        | 18            | 28                  
| Use of DRM               | 16       | 48            | 33                  
| Use of FLSIF             | 0        | 1             | 0                   
| Use of FUSECODE          | 0        | 1             | 0                   
| Use of HARD0N1           | 0        | 2745          | 0                   
| Use of HMEMC             | 1        | 2             | 50                  
| Use of IO                | 71       | 240           | 30                  
|   IOBD                   | 37       | 120           | 31                  
|   IOBR                   | 1        | 6             | 17                  
|   IOBS                   | 33       | 114           | 29                  
| Use of IOCKDIV           | 1        | 12            | 8                   
| Use of IOCKDLY           | 0        | 24            | 0                   
| Use of IOCKGATE          | 2        | 12            | 17                  
| Use of IOCKGMUX_TEST     | 0        | 12            | 0                   
| Use of IOL               | 71       | 240           | 30                  
| Use of IPAL              | 0        | 1             | 0                   
| Use of MFG_TEST          | 0        | 1             | 0                   
| Use of OSC               | 0        | 1             | 0                   
| Use of PLL               | 2        | 6             | 33                  
| Use of PREGMUX_TEST      | 0        | 6             | 0                   
| Use of RCKB              | 4        | 24            | 17                  
| Use of RCKBMUX_TEST      | 0        | 12            | 0                   
| Use of RESCAL            | 0        | 6             | 0                   
| Use of SCANCHAIN         | 0        | 4             | 0                   
| Use of START             | 1        | 1             | 100                 
| Use of UDID              | 0        | 1             | 0                   
| Use of USCM              | 5        | 20            | 25                  
| Use of USCMMUX_TEST      | 0        | 20            | 0                   
| Use of VCKBMUX_TEST      | 0        | 12            | 0                   
+----------------------------------------------------------------------------+

Finished routing. (CPU time elapsed 0h:01m:58s)
Design 'top' has been placed and routed successfully.
Saving design to DB.
Action pnr: Real time elapsed is 123.000 sec
Action pnr: CPU time elapsed is 120.984 sec
Current time: Thu Jul 21 21:00:09 2022
Action pnr: Peak memory pool usage is 727,126,016 bytes
Finished placement and routing. (CPU time elapsed 0h:01m:58s)
