#Build: Fabric Compiler 2020.3, Build 62942, Sep 29 13:34 2020
#Install: E:\PDS\PDS1\PDS_2020.3\bin
#Application name: pds_shell.exe
#OS: Windows 10 10.0.22000
#Hostname: LAPTOP-K7MPPOL0
Generated by Fabric Compiler (version 2020.3 build 62942) at Thu Jul 21 20:19:11 2022
Compiling verification operator library.
Compiling common defs.
Compiling prim grid devices.
Compiling gate devices.
Compiling gate operators.
Building architecture model.
Loading device packaging model 'MBG324'.
I: Parameter configuration file E:/PDS/PGL22G/CD_20210223/CD_20210223/demo/zhenjiuzhe_ddr3_ov5640_hdmi - 5 - 2-1 - 1/testparam.txt cannot open.
Starting placement and routing flow. (CPU time elapsed 0h:00m:00s)
Reading design from devmap DB.
Building architecture floorplan logic view.
Executing : apply_constraint -f {E:/PDS/PGL22G/CD_20210223/CD_20210223/demo/zhenjiuzhe_ddr3_ov5640_hdmi - 5 - 2-1 - 1/device_map/top.pcf}
Executing : def_port cmos_scl -LOC J14 -IOSTANDARD LVCMOS33 -VCCIO 3.3 -HYS_DRIVE_MODE NOHYS -BUS_KEEPER PULLUP -DRIVE 4 -SLEW FAST
Executing : def_port cmos_scl -LOC J14 -IOSTANDARD LVCMOS33 -VCCIO 3.3 -HYS_DRIVE_MODE NOHYS -BUS_KEEPER PULLUP -DRIVE 4 -SLEW FAST successfully.
Executing : def_port cmos_sda -LOC J15 -IOSTANDARD LVCMOS33 -VCCIO 3.3 -HYS_DRIVE_MODE NOHYS -BUS_KEEPER PULLUP -DRIVE 4 -SLEW FAST
Executing : def_port cmos_sda -LOC J15 -IOSTANDARD LVCMOS33 -VCCIO 3.3 -HYS_DRIVE_MODE NOHYS -BUS_KEEPER PULLUP -DRIVE 4 -SLEW FAST successfully.
Executing : def_port {pad_dq_ch0[0]} -LOC T8 -IOSTANDARD SSTL15_I -VCCIO 1.5 -BUS_KEEPER UNUSED -VREF_MODE IN -VREF_MODE_VALUE 0.5 -DDR_TERM_MODE ON -DRIVE 7.5 -SLEW FAST
Executing : def_port {pad_dq_ch0[0]} -LOC T8 -IOSTANDARD SSTL15_I -VCCIO 1.5 -BUS_KEEPER UNUSED -VREF_MODE IN -VREF_MODE_VALUE 0.5 -DDR_TERM_MODE ON -DRIVE 7.5 -SLEW FAST successfully.
Executing : def_port {pad_dq_ch0[1]} -LOC T6 -IOSTANDARD SSTL15_I -VCCIO 1.5 -BUS_KEEPER UNUSED -VREF_MODE IN -VREF_MODE_VALUE 0.5 -DDR_TERM_MODE ON -DRIVE 7.5 -SLEW FAST
Executing : def_port {pad_dq_ch0[1]} -LOC T6 -IOSTANDARD SSTL15_I -VCCIO 1.5 -BUS_KEEPER UNUSED -VREF_MODE IN -VREF_MODE_VALUE 0.5 -DDR_TERM_MODE ON -DRIVE 7.5 -SLEW FAST successfully.
Executing : def_port {pad_dq_ch0[2]} -LOC R6 -IOSTANDARD SSTL15_I -VCCIO 1.5 -BUS_KEEPER UNUSED -VREF_MODE IN -VREF_MODE_VALUE 0.5 -DDR_TERM_MODE ON -DRIVE 7.5 -SLEW FAST
Executing : def_port {pad_dq_ch0[2]} -LOC R6 -IOSTANDARD SSTL15_I -VCCIO 1.5 -BUS_KEEPER UNUSED -VREF_MODE IN -VREF_MODE_VALUE 0.5 -DDR_TERM_MODE ON -DRIVE 7.5 -SLEW FAST successfully.
Executing : def_port {pad_dq_ch0[3]} -LOC R9 -IOSTANDARD SSTL15_I -VCCIO 1.5 -BUS_KEEPER UNUSED -VREF_MODE IN -VREF_MODE_VALUE 0.5 -DDR_TERM_MODE ON -DRIVE 7.5 -SLEW FAST
Executing : def_port {pad_dq_ch0[3]} -LOC R9 -IOSTANDARD SSTL15_I -VCCIO 1.5 -BUS_KEEPER UNUSED -VREF_MODE IN -VREF_MODE_VALUE 0.5 -DDR_TERM_MODE ON -DRIVE 7.5 -SLEW FAST successfully.
Executing : def_port {pad_dq_ch0[4]} -LOC T9 -IOSTANDARD SSTL15_I -VCCIO 1.5 -BUS_KEEPER UNUSED -VREF_MODE IN -VREF_MODE_VALUE 0.5 -DDR_TERM_MODE ON -DRIVE 7.5 -SLEW FAST
Executing : def_port {pad_dq_ch0[4]} -LOC T9 -IOSTANDARD SSTL15_I -VCCIO 1.5 -BUS_KEEPER UNUSED -VREF_MODE IN -VREF_MODE_VALUE 0.5 -DDR_TERM_MODE ON -DRIVE 7.5 -SLEW FAST successfully.
Executing : def_port {pad_dq_ch0[5]} -LOC N4 -IOSTANDARD SSTL15_I -VCCIO 1.5 -BUS_KEEPER UNUSED -VREF_MODE IN -VREF_MODE_VALUE 0.5 -DDR_TERM_MODE ON -DRIVE 7.5 -SLEW FAST
Executing : def_port {pad_dq_ch0[5]} -LOC N4 -IOSTANDARD SSTL15_I -VCCIO 1.5 -BUS_KEEPER UNUSED -VREF_MODE IN -VREF_MODE_VALUE 0.5 -DDR_TERM_MODE ON -DRIVE 7.5 -SLEW FAST successfully.
Executing : def_port {pad_dq_ch0[6]} -LOC N5 -IOSTANDARD SSTL15_I -VCCIO 1.5 -BUS_KEEPER UNUSED -VREF_MODE IN -VREF_MODE_VALUE 0.5 -DDR_TERM_MODE ON -DRIVE 7.5 -SLEW FAST
Executing : def_port {pad_dq_ch0[6]} -LOC N5 -IOSTANDARD SSTL15_I -VCCIO 1.5 -BUS_KEEPER UNUSED -VREF_MODE IN -VREF_MODE_VALUE 0.5 -DDR_TERM_MODE ON -DRIVE 7.5 -SLEW FAST successfully.
Executing : def_port {pad_dq_ch0[7]} -LOC P6 -IOSTANDARD SSTL15_I -VCCIO 1.5 -BUS_KEEPER UNUSED -VREF_MODE IN -VREF_MODE_VALUE 0.5 -DDR_TERM_MODE ON -DRIVE 7.5 -SLEW FAST
Executing : def_port {pad_dq_ch0[7]} -LOC P6 -IOSTANDARD SSTL15_I -VCCIO 1.5 -BUS_KEEPER UNUSED -VREF_MODE IN -VREF_MODE_VALUE 0.5 -DDR_TERM_MODE ON -DRIVE 7.5 -SLEW FAST successfully.
Executing : def_port {pad_dq_ch0[8]} -LOC T4 -IOSTANDARD SSTL15_I -VCCIO 1.5 -BUS_KEEPER UNUSED -VREF_MODE IN -VREF_MODE_VALUE 0.5 -DDR_TERM_MODE ON -DRIVE 7.5 -SLEW FAST
Executing : def_port {pad_dq_ch0[8]} -LOC T4 -IOSTANDARD SSTL15_I -VCCIO 1.5 -BUS_KEEPER UNUSED -VREF_MODE IN -VREF_MODE_VALUE 0.5 -DDR_TERM_MODE ON -DRIVE 7.5 -SLEW FAST successfully.
Executing : def_port {pad_dq_ch0[9]} -LOC V9 -IOSTANDARD SSTL15_I -VCCIO 1.5 -BUS_KEEPER UNUSED -VREF_MODE IN -VREF_MODE_VALUE 0.5 -DDR_TERM_MODE ON -DRIVE 7.5 -SLEW FAST
Executing : def_port {pad_dq_ch0[9]} -LOC V9 -IOSTANDARD SSTL15_I -VCCIO 1.5 -BUS_KEEPER UNUSED -VREF_MODE IN -VREF_MODE_VALUE 0.5 -DDR_TERM_MODE ON -DRIVE 7.5 -SLEW FAST successfully.
Executing : def_port {pad_dq_ch0[10]} -LOC U9 -IOSTANDARD SSTL15_I -VCCIO 1.5 -BUS_KEEPER UNUSED -VREF_MODE IN -VREF_MODE_VALUE 0.5 -DDR_TERM_MODE ON -DRIVE 7.5 -SLEW FAST
Executing : def_port {pad_dq_ch0[10]} -LOC U9 -IOSTANDARD SSTL15_I -VCCIO 1.5 -BUS_KEEPER UNUSED -VREF_MODE IN -VREF_MODE_VALUE 0.5 -DDR_TERM_MODE ON -DRIVE 7.5 -SLEW FAST successfully.
Executing : def_port {pad_dq_ch0[11]} -LOC V7 -IOSTANDARD SSTL15_I -VCCIO 1.5 -BUS_KEEPER UNUSED -VREF_MODE IN -VREF_MODE_VALUE 0.5 -DDR_TERM_MODE ON -DRIVE 7.5 -SLEW FAST
Executing : def_port {pad_dq_ch0[11]} -LOC V7 -IOSTANDARD SSTL15_I -VCCIO 1.5 -BUS_KEEPER UNUSED -VREF_MODE IN -VREF_MODE_VALUE 0.5 -DDR_TERM_MODE ON -DRIVE 7.5 -SLEW FAST successfully.
Executing : def_port {pad_dq_ch0[12]} -LOC U7 -IOSTANDARD SSTL15_I -VCCIO 1.5 -BUS_KEEPER UNUSED -VREF_MODE IN -VREF_MODE_VALUE 0.5 -DDR_TERM_MODE ON -DRIVE 7.5 -SLEW FAST
Executing : def_port {pad_dq_ch0[12]} -LOC U7 -IOSTANDARD SSTL15_I -VCCIO 1.5 -BUS_KEEPER UNUSED -VREF_MODE IN -VREF_MODE_VALUE 0.5 -DDR_TERM_MODE ON -DRIVE 7.5 -SLEW FAST successfully.
Executing : def_port {pad_dq_ch0[13]} -LOC V6 -IOSTANDARD SSTL15_I -VCCIO 1.5 -BUS_KEEPER UNUSED -VREF_MODE IN -VREF_MODE_VALUE 0.5 -DDR_TERM_MODE ON -DRIVE 7.5 -SLEW FAST
Executing : def_port {pad_dq_ch0[13]} -LOC V6 -IOSTANDARD SSTL15_I -VCCIO 1.5 -BUS_KEEPER UNUSED -VREF_MODE IN -VREF_MODE_VALUE 0.5 -DDR_TERM_MODE ON -DRIVE 7.5 -SLEW FAST successfully.
Executing : def_port {pad_dq_ch0[14]} -LOC U6 -IOSTANDARD SSTL15_I -VCCIO 1.5 -BUS_KEEPER UNUSED -VREF_MODE IN -VREF_MODE_VALUE 0.5 -DDR_TERM_MODE ON -DRIVE 7.5 -SLEW FAST
Executing : def_port {pad_dq_ch0[14]} -LOC U6 -IOSTANDARD SSTL15_I -VCCIO 1.5 -BUS_KEEPER UNUSED -VREF_MODE IN -VREF_MODE_VALUE 0.5 -DDR_TERM_MODE ON -DRIVE 7.5 -SLEW FAST successfully.
Executing : def_port {pad_dq_ch0[15]} -LOC V5 -IOSTANDARD SSTL15_I -VCCIO 1.5 -BUS_KEEPER UNUSED -VREF_MODE IN -VREF_MODE_VALUE 0.5 -DDR_TERM_MODE ON -DRIVE 7.5 -SLEW FAST
Executing : def_port {pad_dq_ch0[15]} -LOC V5 -IOSTANDARD SSTL15_I -VCCIO 1.5 -BUS_KEEPER UNUSED -VREF_MODE IN -VREF_MODE_VALUE 0.5 -DDR_TERM_MODE ON -DRIVE 7.5 -SLEW FAST successfully.
Executing : def_port {pad_dqs_ch0[0]} -LOC N6 -IOSTANDARD SSTL15D_I -VCCIO 1.5 -BUS_KEEPER UNUSED -DDR_TERM_MODE ON -DRIVE 7.5 -SLEW FAST
Executing : def_port {pad_dqs_ch0[0]} -LOC N6 -IOSTANDARD SSTL15D_I -VCCIO 1.5 -BUS_KEEPER UNUSED -DDR_TERM_MODE ON -DRIVE 7.5 -SLEW FAST successfully.
Executing : def_port {pad_dqs_ch0[1]} -LOC U8 -IOSTANDARD SSTL15D_I -VCCIO 1.5 -BUS_KEEPER UNUSED -DDR_TERM_MODE ON -DRIVE 7.5 -SLEW FAST
Executing : def_port {pad_dqs_ch0[1]} -LOC U8 -IOSTANDARD SSTL15D_I -VCCIO 1.5 -BUS_KEEPER UNUSED -DDR_TERM_MODE ON -DRIVE 7.5 -SLEW FAST successfully.
Executing : def_port {pad_dqsn_ch0[0]} -LOC N7 -IOSTANDARD SSTL15D_I -VCCIO 1.5 -BUS_KEEPER UNUSED -DDR_TERM_MODE ON -DRIVE 7.5 -SLEW FAST
Executing : def_port {pad_dqsn_ch0[0]} -LOC N7 -IOSTANDARD SSTL15D_I -VCCIO 1.5 -BUS_KEEPER UNUSED -DDR_TERM_MODE ON -DRIVE 7.5 -SLEW FAST successfully.
Executing : def_port {pad_dqsn_ch0[1]} -LOC V8 -IOSTANDARD SSTL15D_I -VCCIO 1.5 -BUS_KEEPER UNUSED -DDR_TERM_MODE ON -DRIVE 7.5 -SLEW FAST
Executing : def_port {pad_dqsn_ch0[1]} -LOC V8 -IOSTANDARD SSTL15D_I -VCCIO 1.5 -BUS_KEEPER UNUSED -DDR_TERM_MODE ON -DRIVE 7.5 -SLEW FAST successfully.
Executing : def_port cmos_xclk -LOC H13 -IOSTANDARD LVCMOS33 -VCCIO 3.3 -BUS_KEEPER PULLUP -DRIVE 4 -SLEW FAST -OPEN_DRAIN OFF
Executing : def_port cmos_xclk -LOC H13 -IOSTANDARD LVCMOS33 -VCCIO 3.3 -BUS_KEEPER PULLUP -DRIVE 4 -SLEW FAST -OPEN_DRAIN OFF successfully.
Executing : def_port {pad_addr_ch0[0]} -LOC M4 -IOSTANDARD SSTL15_I -VCCIO 1.5 -BUS_KEEPER UNUSED -DRIVE 7.5 -SLEW FAST
Executing : def_port {pad_addr_ch0[0]} -LOC M4 -IOSTANDARD SSTL15_I -VCCIO 1.5 -BUS_KEEPER UNUSED -DRIVE 7.5 -SLEW FAST successfully.
Executing : def_port {pad_addr_ch0[1]} -LOC M3 -IOSTANDARD SSTL15_I -VCCIO 1.5 -BUS_KEEPER UNUSED -DRIVE 7.5 -SLEW FAST
Executing : def_port {pad_addr_ch0[1]} -LOC M3 -IOSTANDARD SSTL15_I -VCCIO 1.5 -BUS_KEEPER UNUSED -DRIVE 7.5 -SLEW FAST successfully.
Executing : def_port {pad_addr_ch0[2]} -LOC P2 -IOSTANDARD SSTL15_I -VCCIO 1.5 -BUS_KEEPER UNUSED -DRIVE 7.5 -SLEW FAST
Executing : def_port {pad_addr_ch0[2]} -LOC P2 -IOSTANDARD SSTL15_I -VCCIO 1.5 -BUS_KEEPER UNUSED -DRIVE 7.5 -SLEW FAST successfully.
Executing : def_port {pad_addr_ch0[3]} -LOC P1 -IOSTANDARD SSTL15_I -VCCIO 1.5 -BUS_KEEPER UNUSED -DRIVE 7.5 -SLEW FAST
Executing : def_port {pad_addr_ch0[3]} -LOC P1 -IOSTANDARD SSTL15_I -VCCIO 1.5 -BUS_KEEPER UNUSED -DRIVE 7.5 -SLEW FAST successfully.
Executing : def_port {pad_addr_ch0[4]} -LOC L5 -IOSTANDARD SSTL15_I -VCCIO 1.5 -BUS_KEEPER UNUSED -DRIVE 7.5 -SLEW FAST
Executing : def_port {pad_addr_ch0[4]} -LOC L5 -IOSTANDARD SSTL15_I -VCCIO 1.5 -BUS_KEEPER UNUSED -DRIVE 7.5 -SLEW FAST successfully.
Executing : def_port {pad_addr_ch0[5]} -LOC M5 -IOSTANDARD SSTL15_I -VCCIO 1.5 -BUS_KEEPER UNUSED -DRIVE 7.5 -SLEW FAST
Executing : def_port {pad_addr_ch0[5]} -LOC M5 -IOSTANDARD SSTL15_I -VCCIO 1.5 -BUS_KEEPER UNUSED -DRIVE 7.5 -SLEW FAST successfully.
Executing : def_port {pad_addr_ch0[6]} -LOC N2 -IOSTANDARD SSTL15_I -VCCIO 1.5 -BUS_KEEPER UNUSED -DRIVE 7.5 -SLEW FAST
Executing : def_port {pad_addr_ch0[6]} -LOC N2 -IOSTANDARD SSTL15_I -VCCIO 1.5 -BUS_KEEPER UNUSED -DRIVE 7.5 -SLEW FAST successfully.
Executing : def_port {pad_addr_ch0[7]} -LOC N1 -IOSTANDARD SSTL15_I -VCCIO 1.5 -BUS_KEEPER UNUSED -DRIVE 7.5 -SLEW FAST
Executing : def_port {pad_addr_ch0[7]} -LOC N1 -IOSTANDARD SSTL15_I -VCCIO 1.5 -BUS_KEEPER UNUSED -DRIVE 7.5 -SLEW FAST successfully.
Executing : def_port {pad_addr_ch0[8]} -LOC K4 -IOSTANDARD SSTL15_I -VCCIO 1.5 -BUS_KEEPER UNUSED -DRIVE 7.5 -SLEW FAST
Executing : def_port {pad_addr_ch0[8]} -LOC K4 -IOSTANDARD SSTL15_I -VCCIO 1.5 -BUS_KEEPER UNUSED -DRIVE 7.5 -SLEW FAST successfully.
Executing : def_port {pad_addr_ch0[9]} -LOC M1 -IOSTANDARD SSTL15_I -VCCIO 1.5 -BUS_KEEPER UNUSED -DRIVE 7.5 -SLEW FAST
Executing : def_port {pad_addr_ch0[9]} -LOC M1 -IOSTANDARD SSTL15_I -VCCIO 1.5 -BUS_KEEPER UNUSED -DRIVE 7.5 -SLEW FAST successfully.
Executing : def_port {pad_addr_ch0[10]} -LOC M6 -IOSTANDARD SSTL15_I -VCCIO 1.5 -BUS_KEEPER UNUSED -DRIVE 7.5 -SLEW FAST
Executing : def_port {pad_addr_ch0[10]} -LOC M6 -IOSTANDARD SSTL15_I -VCCIO 1.5 -BUS_KEEPER UNUSED -DRIVE 7.5 -SLEW FAST successfully.
Executing : def_port {pad_addr_ch0[11]} -LOC L1 -IOSTANDARD SSTL15_I -VCCIO 1.5 -BUS_KEEPER UNUSED -DRIVE 7.5 -SLEW FAST
Executing : def_port {pad_addr_ch0[11]} -LOC L1 -IOSTANDARD SSTL15_I -VCCIO 1.5 -BUS_KEEPER UNUSED -DRIVE 7.5 -SLEW FAST successfully.
Executing : def_port {pad_addr_ch0[12]} -LOC K2 -IOSTANDARD SSTL15_I -VCCIO 1.5 -BUS_KEEPER UNUSED -DRIVE 7.5 -SLEW FAST
Executing : def_port {pad_addr_ch0[12]} -LOC K2 -IOSTANDARD SSTL15_I -VCCIO 1.5 -BUS_KEEPER UNUSED -DRIVE 7.5 -SLEW FAST successfully.
Executing : def_port {pad_addr_ch0[13]} -LOC K1 -IOSTANDARD SSTL15_I -VCCIO 1.5 -BUS_KEEPER UNUSED -DRIVE 7.5 -SLEW FAST
Executing : def_port {pad_addr_ch0[13]} -LOC K1 -IOSTANDARD SSTL15_I -VCCIO 1.5 -BUS_KEEPER UNUSED -DRIVE 7.5 -SLEW FAST successfully.
Executing : def_port {pad_addr_ch0[14]} -LOC J2 -IOSTANDARD SSTL15_I -VCCIO 1.5 -BUS_KEEPER UNUSED -DRIVE 7.5 -SLEW FAST
Executing : def_port {pad_addr_ch0[14]} -LOC J2 -IOSTANDARD SSTL15_I -VCCIO 1.5 -BUS_KEEPER UNUSED -DRIVE 7.5 -SLEW FAST successfully.
Executing : def_port {pad_addr_ch0[15]} -LOC J1 -IOSTANDARD SSTL15_I -VCCIO 1.5 -BUS_KEEPER UNUSED -DRIVE 7.5 -SLEW FAST
Executing : def_port {pad_addr_ch0[15]} -LOC J1 -IOSTANDARD SSTL15_I -VCCIO 1.5 -BUS_KEEPER UNUSED -DRIVE 7.5 -SLEW FAST successfully.
Executing : def_port {pad_ba_ch0[0]} -LOC U2 -IOSTANDARD SSTL15_I -VCCIO 1.5 -BUS_KEEPER UNUSED -DRIVE 7.5 -SLEW FAST
Executing : def_port {pad_ba_ch0[0]} -LOC U2 -IOSTANDARD SSTL15_I -VCCIO 1.5 -BUS_KEEPER UNUSED -DRIVE 7.5 -SLEW FAST successfully.
Executing : def_port {pad_ba_ch0[1]} -LOC U1 -IOSTANDARD SSTL15_I -VCCIO 1.5 -BUS_KEEPER UNUSED -DRIVE 7.5 -SLEW FAST
Executing : def_port {pad_ba_ch0[1]} -LOC U1 -IOSTANDARD SSTL15_I -VCCIO 1.5 -BUS_KEEPER UNUSED -DRIVE 7.5 -SLEW FAST successfully.
Executing : def_port {pad_ba_ch0[2]} -LOC T2 -IOSTANDARD SSTL15_I -VCCIO 1.5 -BUS_KEEPER UNUSED -DRIVE 7.5 -SLEW FAST
Executing : def_port {pad_ba_ch0[2]} -LOC T2 -IOSTANDARD SSTL15_I -VCCIO 1.5 -BUS_KEEPER UNUSED -DRIVE 7.5 -SLEW FAST successfully.
Executing : def_port pad_casn_ch0 -LOC T1 -IOSTANDARD SSTL15_I -VCCIO 1.5 -BUS_KEEPER UNUSED -DRIVE 7.5 -SLEW FAST
Executing : def_port pad_casn_ch0 -LOC T1 -IOSTANDARD SSTL15_I -VCCIO 1.5 -BUS_KEEPER UNUSED -DRIVE 7.5 -SLEW FAST successfully.
Executing : def_port pad_cke_ch0 -LOC L4 -IOSTANDARD SSTL15_I -VCCIO 1.5 -BUS_KEEPER UNUSED -DRIVE 7.5 -SLEW FAST
Executing : def_port pad_cke_ch0 -LOC L4 -IOSTANDARD SSTL15_I -VCCIO 1.5 -BUS_KEEPER UNUSED -DRIVE 7.5 -SLEW FAST successfully.
Executing : def_port pad_csn_ch0 -LOC R1 -IOSTANDARD SSTL15_I -VCCIO 1.5 -BUS_KEEPER UNUSED -DRIVE 7.5 -SLEW FAST
Executing : def_port pad_csn_ch0 -LOC R1 -IOSTANDARD SSTL15_I -VCCIO 1.5 -BUS_KEEPER UNUSED -DRIVE 7.5 -SLEW FAST successfully.
Executing : def_port pad_ddr_clk_w -LOC U3 -IOSTANDARD SSTL15D_I -VCCIO 1.5 -BUS_KEEPER UNUSED -DRIVE 7.5 -SLEW FAST
Executing : def_port pad_ddr_clk_w -LOC U3 -IOSTANDARD SSTL15D_I -VCCIO 1.5 -BUS_KEEPER UNUSED -DRIVE 7.5 -SLEW FAST successfully.
Executing : def_port pad_ddr_clkn_w -LOC V3 -IOSTANDARD SSTL15D_I -VCCIO 1.5 -BUS_KEEPER UNUSED -DRIVE 7.5 -SLEW FAST
Executing : def_port pad_ddr_clkn_w -LOC V3 -IOSTANDARD SSTL15D_I -VCCIO 1.5 -BUS_KEEPER UNUSED -DRIVE 7.5 -SLEW FAST successfully.
Executing : def_port {pad_dm_rdqs_ch0[0]} -LOC R8 -IOSTANDARD SSTL15_I -VCCIO 1.5 -BUS_KEEPER UNUSED -DRIVE 7.5 -SLEW FAST
Executing : def_port {pad_dm_rdqs_ch0[0]} -LOC R8 -IOSTANDARD SSTL15_I -VCCIO 1.5 -BUS_KEEPER UNUSED -DRIVE 7.5 -SLEW FAST successfully.
Executing : def_port {pad_dm_rdqs_ch0[1]} -LOC U5 -IOSTANDARD SSTL15_I -VCCIO 1.5 -BUS_KEEPER UNUSED -DRIVE 7.5 -SLEW FAST
Executing : def_port {pad_dm_rdqs_ch0[1]} -LOC U5 -IOSTANDARD SSTL15_I -VCCIO 1.5 -BUS_KEEPER UNUSED -DRIVE 7.5 -SLEW FAST successfully.
Executing : def_port pad_loop_out -LOC P8 -IOSTANDARD SSTL15_I -VCCIO 1.5 -BUS_KEEPER UNUSED -DRIVE 7.5 -SLEW FAST
Executing : def_port pad_loop_out -LOC P8 -IOSTANDARD SSTL15_I -VCCIO 1.5 -BUS_KEEPER UNUSED -DRIVE 7.5 -SLEW FAST successfully.
Executing : def_port pad_loop_out_h -LOC U4 -IOSTANDARD SSTL15_I -VCCIO 1.5 -BUS_KEEPER UNUSED -DRIVE 7.5 -SLEW FAST
Executing : def_port pad_loop_out_h -LOC U4 -IOSTANDARD SSTL15_I -VCCIO 1.5 -BUS_KEEPER UNUSED -DRIVE 7.5 -SLEW FAST successfully.
Executing : def_port pad_odt_ch0 -LOC V2 -IOSTANDARD SSTL15_I -VCCIO 1.5 -BUS_KEEPER UNUSED -DRIVE 7.5 -SLEW FAST
Executing : def_port pad_odt_ch0 -LOC V2 -IOSTANDARD SSTL15_I -VCCIO 1.5 -BUS_KEEPER UNUSED -DRIVE 7.5 -SLEW FAST successfully.
Executing : def_port pad_rasn_ch0 -LOC R2 -IOSTANDARD SSTL15_I -VCCIO 1.5 -BUS_KEEPER UNUSED -DRIVE 7.5 -SLEW FAST
Executing : def_port pad_rasn_ch0 -LOC R2 -IOSTANDARD SSTL15_I -VCCIO 1.5 -BUS_KEEPER UNUSED -DRIVE 7.5 -SLEW FAST successfully.
Executing : def_port pad_rstn_ch0 -LOC M2 -IOSTANDARD SSTL15_I -VCCIO 1.5 -BUS_KEEPER UNUSED -DRIVE 7.5 -SLEW FAST
Executing : def_port pad_rstn_ch0 -LOC M2 -IOSTANDARD SSTL15_I -VCCIO 1.5 -BUS_KEEPER UNUSED -DRIVE 7.5 -SLEW FAST successfully.
Executing : def_port pad_wen_ch0 -LOC V1 -IOSTANDARD SSTL15_I -VCCIO 1.5 -BUS_KEEPER UNUSED -DRIVE 7.5 -SLEW FAST
Executing : def_port pad_wen_ch0 -LOC V1 -IOSTANDARD SSTL15_I -VCCIO 1.5 -BUS_KEEPER UNUSED -DRIVE 7.5 -SLEW FAST successfully.
Executing : def_port tmds_clk_n -LOC A16 -IOSTANDARD LVTTL33 -VCCIO 3.3 -BUS_KEEPER NONE -DRIVE 12 -SLEW FAST -OPEN_DRAIN OFF
Executing : def_port tmds_clk_n -LOC A16 -IOSTANDARD LVTTL33 -VCCIO 3.3 -BUS_KEEPER NONE -DRIVE 12 -SLEW FAST -OPEN_DRAIN OFF successfully.
Executing : def_port tmds_clk_p -LOC B16 -IOSTANDARD LVTTL33 -VCCIO 3.3 -BUS_KEEPER NONE -DRIVE 12 -SLEW FAST -OPEN_DRAIN OFF
Executing : def_port tmds_clk_p -LOC B16 -IOSTANDARD LVTTL33 -VCCIO 3.3 -BUS_KEEPER NONE -DRIVE 12 -SLEW FAST -OPEN_DRAIN OFF successfully.
Executing : def_port {tmds_data_n[0]} -LOC A14 -IOSTANDARD LVTTL33 -VCCIO 3.3 -BUS_KEEPER NONE -DRIVE 12 -SLEW FAST -OPEN_DRAIN OFF
Executing : def_port {tmds_data_n[0]} -LOC A14 -IOSTANDARD LVTTL33 -VCCIO 3.3 -BUS_KEEPER NONE -DRIVE 12 -SLEW FAST -OPEN_DRAIN OFF successfully.
Executing : def_port {tmds_data_n[1]} -LOC A11 -IOSTANDARD LVTTL33 -VCCIO 3.3 -BUS_KEEPER NONE -DRIVE 12 -SLEW FAST -OPEN_DRAIN OFF
Executing : def_port {tmds_data_n[1]} -LOC A11 -IOSTANDARD LVTTL33 -VCCIO 3.3 -BUS_KEEPER NONE -DRIVE 12 -SLEW FAST -OPEN_DRAIN OFF successfully.
Executing : def_port {tmds_data_n[2]} -LOC A10 -IOSTANDARD LVTTL33 -VCCIO 3.3 -BUS_KEEPER NONE -DRIVE 12 -SLEW FAST -OPEN_DRAIN OFF
Executing : def_port {tmds_data_n[2]} -LOC A10 -IOSTANDARD LVTTL33 -VCCIO 3.3 -BUS_KEEPER NONE -DRIVE 12 -SLEW FAST -OPEN_DRAIN OFF successfully.
Executing : def_port {tmds_data_p[0]} -LOC B14 -IOSTANDARD LVTTL33 -VCCIO 3.3 -BUS_KEEPER NONE -DRIVE 12 -SLEW FAST -OPEN_DRAIN OFF
Executing : def_port {tmds_data_p[0]} -LOC B14 -IOSTANDARD LVTTL33 -VCCIO 3.3 -BUS_KEEPER NONE -DRIVE 12 -SLEW FAST -OPEN_DRAIN OFF successfully.
Executing : def_port {tmds_data_p[1]} -LOC B11 -IOSTANDARD LVTTL33 -VCCIO 3.3 -BUS_KEEPER NONE -DRIVE 12 -SLEW FAST -OPEN_DRAIN OFF
Executing : def_port {tmds_data_p[1]} -LOC B11 -IOSTANDARD LVTTL33 -VCCIO 3.3 -BUS_KEEPER NONE -DRIVE 12 -SLEW FAST -OPEN_DRAIN OFF successfully.
Executing : def_port {tmds_data_p[2]} -LOC B10 -IOSTANDARD LVTTL33 -VCCIO 3.3 -BUS_KEEPER NONE -DRIVE 12 -SLEW FAST -OPEN_DRAIN OFF
Executing : def_port {tmds_data_p[2]} -LOC B10 -IOSTANDARD LVTTL33 -VCCIO 3.3 -BUS_KEEPER NONE -DRIVE 12 -SLEW FAST -OPEN_DRAIN OFF successfully.
Executing : def_port uart_tx -LOC C10 -IOSTANDARD LVCMOS33 -VCCIO 3.3 -BUS_KEEPER PULLUP -DRIVE 4 -SLEW SLOW -OPEN_DRAIN OFF
Executing : def_port uart_tx -LOC C10 -IOSTANDARD LVCMOS33 -VCCIO 3.3 -BUS_KEEPER PULLUP -DRIVE 4 -SLEW SLOW -OPEN_DRAIN OFF successfully.
Executing : def_port {cmos_db[0]} -LOC E18 -IOSTANDARD LVCMOS33 -VCCIO 3.3 -HYS_DRIVE_MODE NOHYS -BUS_KEEPER PULLUP
C: ConstraintEditor-2002: [E:/PDS/PGL22G/CD_20210223/CD_20210223/demo/zhenjiuzhe_ddr3_ov5640_hdmi - 5 - 2-1 - 1/device_map/top.pcf(line number: 67)] | Port cmos_db[0] has been placed at location E18, whose type is share pin.
Executing : def_port {cmos_db[0]} -LOC E18 -IOSTANDARD LVCMOS33 -VCCIO 3.3 -HYS_DRIVE_MODE NOHYS -BUS_KEEPER PULLUP successfully.
Executing : def_port {cmos_db[1]} -LOC D18 -IOSTANDARD LVCMOS33 -VCCIO 3.3 -HYS_DRIVE_MODE NOHYS -BUS_KEEPER PULLUP
C: ConstraintEditor-2002: [E:/PDS/PGL22G/CD_20210223/CD_20210223/demo/zhenjiuzhe_ddr3_ov5640_hdmi - 5 - 2-1 - 1/device_map/top.pcf(line number: 68)] | Port cmos_db[1] has been placed at location D18, whose type is share pin.
Executing : def_port {cmos_db[1]} -LOC D18 -IOSTANDARD LVCMOS33 -VCCIO 3.3 -HYS_DRIVE_MODE NOHYS -BUS_KEEPER PULLUP successfully.
Executing : def_port {cmos_db[2]} -LOC F14 -IOSTANDARD LVCMOS33 -VCCIO 3.3 -HYS_DRIVE_MODE NOHYS -BUS_KEEPER PULLUP
C: ConstraintEditor-2002: [E:/PDS/PGL22G/CD_20210223/CD_20210223/demo/zhenjiuzhe_ddr3_ov5640_hdmi - 5 - 2-1 - 1/device_map/top.pcf(line number: 69)] | Port cmos_db[2] has been placed at location F14, whose type is share pin.
Executing : def_port {cmos_db[2]} -LOC F14 -IOSTANDARD LVCMOS33 -VCCIO 3.3 -HYS_DRIVE_MODE NOHYS -BUS_KEEPER PULLUP successfully.
Executing : def_port {cmos_db[3]} -LOC F13 -IOSTANDARD LVCMOS33 -VCCIO 3.3 -HYS_DRIVE_MODE NOHYS -BUS_KEEPER PULLUP
Executing : def_port {cmos_db[3]} -LOC F13 -IOSTANDARD LVCMOS33 -VCCIO 3.3 -HYS_DRIVE_MODE NOHYS -BUS_KEEPER PULLUP successfully.
Executing : def_port {cmos_db[4]} -LOC E17 -IOSTANDARD LVCMOS33 -VCCIO 3.3 -HYS_DRIVE_MODE NOHYS -BUS_KEEPER PULLUP
C: ConstraintEditor-2002: [E:/PDS/PGL22G/CD_20210223/CD_20210223/demo/zhenjiuzhe_ddr3_ov5640_hdmi - 5 - 2-1 - 1/device_map/top.pcf(line number: 71)] | Port cmos_db[4] has been placed at location E17, whose type is share pin.
Executing : def_port {cmos_db[4]} -LOC E17 -IOSTANDARD LVCMOS33 -VCCIO 3.3 -HYS_DRIVE_MODE NOHYS -BUS_KEEPER PULLUP successfully.
Executing : def_port {cmos_db[5]} -LOC D17 -IOSTANDARD LVCMOS33 -VCCIO 3.3 -HYS_DRIVE_MODE NOHYS -BUS_KEEPER PULLUP
C: ConstraintEditor-2002: [E:/PDS/PGL22G/CD_20210223/CD_20210223/demo/zhenjiuzhe_ddr3_ov5640_hdmi - 5 - 2-1 - 1/device_map/top.pcf(line number: 72)] | Port cmos_db[5] has been placed at location D17, whose type is share pin.
Executing : def_port {cmos_db[5]} -LOC D17 -IOSTANDARD LVCMOS33 -VCCIO 3.3 -HYS_DRIVE_MODE NOHYS -BUS_KEEPER PULLUP successfully.
Executing : def_port {cmos_db[6]} -LOC G14 -IOSTANDARD LVCMOS33 -VCCIO 3.3 -HYS_DRIVE_MODE NOHYS -BUS_KEEPER PULLUP
C: ConstraintEditor-2002: [E:/PDS/PGL22G/CD_20210223/CD_20210223/demo/zhenjiuzhe_ddr3_ov5640_hdmi - 5 - 2-1 - 1/device_map/top.pcf(line number: 73)] | Port cmos_db[6] has been placed at location G14, whose type is share pin.
Executing : def_port {cmos_db[6]} -LOC G14 -IOSTANDARD LVCMOS33 -VCCIO 3.3 -HYS_DRIVE_MODE NOHYS -BUS_KEEPER PULLUP successfully.
Executing : def_port {cmos_db[7]} -LOC G13 -IOSTANDARD LVCMOS33 -VCCIO 3.3 -HYS_DRIVE_MODE NOHYS -BUS_KEEPER PULLUP
C: ConstraintEditor-2002: [E:/PDS/PGL22G/CD_20210223/CD_20210223/demo/zhenjiuzhe_ddr3_ov5640_hdmi - 5 - 2-1 - 1/device_map/top.pcf(line number: 74)] | Port cmos_db[7] has been placed at location G13, whose type is share pin.
Executing : def_port {cmos_db[7]} -LOC G13 -IOSTANDARD LVCMOS33 -VCCIO 3.3 -HYS_DRIVE_MODE NOHYS -BUS_KEEPER PULLUP successfully.
Executing : def_port cmos_href -LOC H14 -IOSTANDARD LVCMOS33 -VCCIO 3.3 -HYS_DRIVE_MODE NOHYS -BUS_KEEPER PULLUP
C: ConstraintEditor-2002: [E:/PDS/PGL22G/CD_20210223/CD_20210223/demo/zhenjiuzhe_ddr3_ov5640_hdmi - 5 - 2-1 - 1/device_map/top.pcf(line number: 75)] | Port cmos_href has been placed at location H14, whose type is share pin.
Executing : def_port cmos_href -LOC H14 -IOSTANDARD LVCMOS33 -VCCIO 3.3 -HYS_DRIVE_MODE NOHYS -BUS_KEEPER PULLUP successfully.
Executing : def_port cmos_pclk -LOC J17 -IOSTANDARD LVCMOS33 -VCCIO 3.3 -HYS_DRIVE_MODE NOHYS -BUS_KEEPER PULLUP
Executing : def_port cmos_pclk -LOC J17 -IOSTANDARD LVCMOS33 -VCCIO 3.3 -HYS_DRIVE_MODE NOHYS -BUS_KEEPER PULLUP successfully.
Executing : def_port cmos_vsync -LOC J18 -IOSTANDARD LVCMOS33 -VCCIO 3.3 -HYS_DRIVE_MODE NOHYS -BUS_KEEPER PULLUP
Executing : def_port cmos_vsync -LOC J18 -IOSTANDARD LVCMOS33 -VCCIO 3.3 -HYS_DRIVE_MODE NOHYS -BUS_KEEPER PULLUP successfully.
Executing : def_port pad_loop_in -LOC P7 -IOSTANDARD SSTL15_I -VCCIO 1.5 -BUS_KEEPER UNUSED -VREF_MODE IN -VREF_MODE_VALUE 0.5 -DDR_TERM_MODE ON
Executing : def_port pad_loop_in -LOC P7 -IOSTANDARD SSTL15_I -VCCIO 1.5 -BUS_KEEPER UNUSED -VREF_MODE IN -VREF_MODE_VALUE 0.5 -DDR_TERM_MODE ON successfully.
Executing : def_port pad_loop_in_h -LOC V4 -IOSTANDARD SSTL15_I -VCCIO 1.5 -BUS_KEEPER UNUSED -VREF_MODE IN -VREF_MODE_VALUE 0.5 -DDR_TERM_MODE ON
Executing : def_port pad_loop_in_h -LOC V4 -IOSTANDARD SSTL15_I -VCCIO 1.5 -BUS_KEEPER UNUSED -VREF_MODE IN -VREF_MODE_VALUE 0.5 -DDR_TERM_MODE ON successfully.
Executing : def_port rst_n -LOC U12 -IOSTANDARD LVCMOS33 -VCCIO 3.3 -HYS_DRIVE_MODE NOHYS -BUS_KEEPER PULLUP
Executing : def_port rst_n -LOC U12 -IOSTANDARD LVCMOS33 -VCCIO 3.3 -HYS_DRIVE_MODE NOHYS -BUS_KEEPER PULLUP successfully.
Executing : def_port sys_clk -LOC B5 -IOSTANDARD LVCMOS33 -VCCIO 3.3 -HYS_DRIVE_MODE NOHYS -BUS_KEEPER PULLUP
Executing : def_port sys_clk -LOC B5 -IOSTANDARD LVCMOS33 -VCCIO 3.3 -HYS_DRIVE_MODE NOHYS -BUS_KEEPER PULLUP successfully.
Executing : def_inst_site u_ipsl_hmic_h_top/u_pll_50_400/u_pll_e1/goppll PLL_82_71
Executing : def_inst_site u_ipsl_hmic_h_top/u_pll_50_400/u_pll_e1/goppll PLL_82_71 successfully.
W: ConstraintEditor-4019: Port 'ddr_init_done' unspecified I/O constraint.
W: ConstraintEditor-4019: Port 'ddrphy_rst_done' unspecified I/O constraint.
W: ConstraintEditor-4019: Port 'pll_lock' unspecified I/O constraint.
Executing : apply_constraint -f {E:/PDS/PGL22G/CD_20210223/CD_20210223/demo/zhenjiuzhe_ddr3_ov5640_hdmi - 5 - 2-1 - 1/device_map/top.pcf} successfully.

Placement started.
Mapping instance u_ipsl_hmic_h_top/u_ipsl_hmic_h_phy_top/u_phy_io_v1_1/u_gtp_ddrphy/gateop_DDRC to HMEMC_16_1.
Mapping instance u_ipsl_hmic_h_top/u_ipsl_hmic_h_phy_top/u_phy_io_v1_1/dqs2_dut/opit_0 to DQSL_6_96.
Mapping instance u_ipsl_hmic_h_top/u_ipsl_hmic_h_phy_top/u_phy_io_v1_1/dqs0_dut/opit_0 to DQSL_6_24.
Mapping instance u_ipsl_hmic_h_top/u_ipsl_hmic_h_phy_top/u_phy_io_v1_1/dll_hmemc_dut/gopdll to DLL_7_59.
Mapping instance u_ipsl_hmic_h_top/u_ipsl_hmic_h_phy_top/u_phy_io_v1_1/dqs1_dut/opit_0 to DQSL_6_52.
Mapping instance u_ipsl_hmic_h_top/u_ipsl_hmic_h_phy_top/u_phy_io_v1_1/dqs3_dut/opit_0 to DQSL_6_148.
Mapping instance u_ipsl_hmic_h_top/u_ipsl_hmic_h_phy_top/u_phy_io_v1_1/dqs4_dut/opit_0 to DQSL_6_176.
Mapping instance u_ipsl_hmic_h_top/u_ipsl_hmic_h_phy_top/u_phy_io_v1_1/ioclkdiv_dut/gopclkdiv to IOCKDIV_6_64.
Mapping instance u_ipsl_hmic_h_top/u_ipsl_hmic_h_phy_top/u_phy_io_v1_1/ioclkbuf01_dut/gopclkgate to IOCKGATE_6_56.
Mapping instance u_ipsl_hmic_h_top/u_ipsl_hmic_h_phy_top/u_phy_io_v1_1/ioclkbuf02_dut/gopclkgate to IOCKGATE_6_181.
Mapping instance video_pll_m0/u_pll_e1/goppll to PLL_82_51.
Mapping instance cmos_xclkbufg/gopclkbufg to USCM_74_108.
Mapping instance video_clkbufg/gopclkbufg to USCM_74_109.
Mapping instance clkbufg_1/gopclkbufg to USCM_74_104.
Mapping instance sys_clkbufg/gopclkbufg to USCM_74_105.
Mapping instance clkbufg_0/gopclkbufg to USCM_74_106.
Mapping instance cmos_pclkbufg/gopclkbufg to USCM_74_107.
Pre global placement takes 4.47 sec.
Design Utilization : 69%.
Global placement takes 3.78 sec.
Wirelength after global placement is 141348.
Placed fixed instance clkbufg_0/gopclkbufg on USCM_74_106.
Placed fixed instance clkbufg_1/gopclkbufg on USCM_74_104.
Placed fixed group with base inst cmos_db_ibuf[0]/opit_1 on IOL_151_254.
Placed fixed group with base inst cmos_db_ibuf[1]/opit_1 on IOL_151_258.
Placed fixed group with base inst cmos_db_ibuf[2]/opit_1 on IOL_151_242.
Placed fixed group with base inst cmos_db_ibuf[3]/opit_1 on IOL_151_241.
Placed fixed group with base inst cmos_db_ibuf[4]/opit_1 on IOL_151_253.
Placed fixed group with base inst cmos_db_ibuf[5]/opit_1 on IOL_151_257.
Placed fixed group with base inst cmos_db_ibuf[6]/opit_1 on IOL_151_234.
Placed fixed group with base inst cmos_db_ibuf[7]/opit_1 on IOL_151_233.
Placed fixed group with base inst cmos_href_ibuf/opit_1 on IOL_151_226.
Placed fixed group with base inst cmos_pclk_ibuf/opit_1 on IOL_151_173.
Placed fixed instance cmos_pclkbufg/gopclkbufg on USCM_74_107.
Placed fixed group with base inst cmos_vsync_ibuf/opit_1 on IOL_151_174.
Placed fixed group with base inst cmos_xclk_obuf/opit_1 on IOL_151_225.
Placed fixed instance cmos_xclkbufg/gopclkbufg on USCM_74_108.
Placed fixed group with base inst i2c_config_m0.i2c_scl_tri/opit_1 on IOL_151_209.
Placed fixed group with base inst i2c_config_m0.i2c_sda_tri/opit_1 on IOL_151_210.
Placed fixed group with base inst rst_n_ibuf/opit_1 on IOL_151_106.
Placed fixed group with base inst sys_clk_ibuf/opit_1 on IOL_7_298.
Placed fixed instance sys_clkbufg/gopclkbufg on USCM_74_105.
Placed fixed group with base inst tmds_clk_n/opit_1 on IOL_151_297.
Placed fixed group with base inst tmds_clk_p/opit_1 on IOL_151_298.
Placed fixed group with base inst tmds_data_n[0]/opit_1 on IOL_151_321.
Placed fixed group with base inst tmds_data_n[1]/opit_1 on IOL_151_337.
Placed fixed group with base inst tmds_data_n[2]/opit_1 on IOL_151_349.
Placed fixed group with base inst tmds_data_p[0]/opit_1 on IOL_151_322.
Placed fixed group with base inst tmds_data_p[1]/opit_1 on IOL_151_338.
Placed fixed group with base inst tmds_data_p[2]/opit_1 on IOL_151_350.
Placed fixed instance u_ipsl_hmic_h_top/u_ipsl_hmic_h_phy_top/u_phy_io_v1_1/dll_hmemc_dut/gopdll on DLL_7_59.
Placed fixed instance u_ipsl_hmic_h_top/u_ipsl_hmic_h_phy_top/u_phy_io_v1_1/dqs0_dut/opit_0 on DQSL_6_24.
Placed fixed instance u_ipsl_hmic_h_top/u_ipsl_hmic_h_phy_top/u_phy_io_v1_1/dqs1_dut/opit_0 on DQSL_6_52.
Placed fixed instance u_ipsl_hmic_h_top/u_ipsl_hmic_h_phy_top/u_phy_io_v1_1/dqs2_dut/opit_0 on DQSL_6_96.
Placed fixed instance u_ipsl_hmic_h_top/u_ipsl_hmic_h_phy_top/u_phy_io_v1_1/dqs3_dut/opit_0 on DQSL_6_148.
Placed fixed instance u_ipsl_hmic_h_top/u_ipsl_hmic_h_phy_top/u_phy_io_v1_1/dqs4_dut/opit_0 on DQSL_6_176.
Placed fixed group with base inst u_ipsl_hmic_h_top/u_ipsl_hmic_h_phy_top/u_phy_io_v1_1/genblk2.iob_08_09_dut/opit_2_O on IOL_7_22.
Placed fixed group with base inst u_ipsl_hmic_h_top/u_ipsl_hmic_h_phy_top/u_phy_io_v1_1/genblk3.iob_30_31_dut/opit_2_O on IOL_7_102.
Placed fixed group with base inst u_ipsl_hmic_h_top/u_ipsl_hmic_h_phy_top/u_phy_io_v1_1/iob_00_dut/opit_0_iol on IOL_7_5.
Placed fixed group with base inst u_ipsl_hmic_h_top/u_ipsl_hmic_h_phy_top/u_phy_io_v1_1/iob_01_dut/opit_1 on IOL_7_6.
Placed fixed group with base inst u_ipsl_hmic_h_top/u_ipsl_hmic_h_phy_top/u_phy_io_v1_1/iob_02_dut/opit_1_IOL on IOL_7_9.
Placed fixed group with base inst u_ipsl_hmic_h_top/u_ipsl_hmic_h_phy_top/u_phy_io_v1_1/iob_16_17_dut/opit_3_IOL on IOL_7_46.
Placed fixed group with base inst u_ipsl_hmic_h_top/u_ipsl_hmic_h_phy_top/u_phy_io_v1_1/iob_18_dut/opit_1_IOL on IOL_7_49.
Placed fixed group with base inst u_ipsl_hmic_h_top/u_ipsl_hmic_h_phy_top/u_phy_io_v1_1/iob_19_dut/opit_1_IOL on IOL_7_50.
Placed fixed group with base inst u_ipsl_hmic_h_top/u_ipsl_hmic_h_phy_top/u_phy_io_v1_1/iob_20_dut/opit_1_IOL on IOL_7_73.
Placed fixed group with base inst u_ipsl_hmic_h_top/u_ipsl_hmic_h_phy_top/u_phy_io_v1_1/iob_21_dut/opit_1_IOL on IOL_7_74.
Placed fixed group with base inst u_ipsl_hmic_h_top/u_ipsl_hmic_h_phy_top/u_phy_io_v1_1/iob_22_dut/opit_1_IOL on IOL_7_77.
Placed fixed group with base inst u_ipsl_hmic_h_top/u_ipsl_hmic_h_phy_top/u_phy_io_v1_1/iob_23_dut/opit_1_IOL on IOL_7_78.
Placed fixed group with base inst u_ipsl_hmic_h_top/u_ipsl_hmic_h_phy_top/u_phy_io_v1_1/iob_24_dut/opit_1_IOL on IOL_7_81.
Placed fixed group with base inst u_ipsl_hmic_h_top/u_ipsl_hmic_h_phy_top/u_phy_io_v1_1/iob_25_dut/opit_1_IOL on IOL_7_82.
Placed fixed group with base inst u_ipsl_hmic_h_top/u_ipsl_hmic_h_phy_top/u_phy_io_v1_1/iob_37_dut/opit_1_IOL on IOL_7_114.
Placed fixed group with base inst u_ipsl_hmic_h_top/u_ipsl_hmic_h_phy_top/u_phy_io_v1_1/iob_38_dut/opit_0_iol on IOL_7_117.
Placed fixed group with base inst u_ipsl_hmic_h_top/u_ipsl_hmic_h_phy_top/u_phy_io_v1_1/iob_39_dut/opit_1 on IOL_7_118.
Placed fixed group with base inst u_ipsl_hmic_h_top/u_ipsl_hmic_h_phy_top/u_phy_io_v1_1/iob_40_dut/opit_1_IOL on IOL_7_129.
Placed fixed group with base inst u_ipsl_hmic_h_top/u_ipsl_hmic_h_phy_top/u_phy_io_v1_1/iob_41_dut/opit_1_IOL on IOL_7_130.
Placed fixed group with base inst u_ipsl_hmic_h_top/u_ipsl_hmic_h_phy_top/u_phy_io_v1_1/iob_42_dut/opit_1_IOL on IOL_7_133.
Placed fixed group with base inst u_ipsl_hmic_h_top/u_ipsl_hmic_h_phy_top/u_phy_io_v1_1/iob_43_dut/opit_1_IOL on IOL_7_134.
Placed fixed group with base inst u_ipsl_hmic_h_top/u_ipsl_hmic_h_phy_top/u_phy_io_v1_1/iob_44_dut/opit_1_IOL on IOL_7_137.
Placed fixed group with base inst u_ipsl_hmic_h_top/u_ipsl_hmic_h_phy_top/u_phy_io_v1_1/iob_45_dut/opit_1_IOL on IOL_7_138.
Placed fixed group with base inst u_ipsl_hmic_h_top/u_ipsl_hmic_h_phy_top/u_phy_io_v1_1/iob_46_dut/opit_1_IOL on IOL_7_141.
Placed fixed group with base inst u_ipsl_hmic_h_top/u_ipsl_hmic_h_phy_top/u_phy_io_v1_1/iob_47_dut/opit_1_IOL on IOL_7_142.
Placed fixed group with base inst u_ipsl_hmic_h_top/u_ipsl_hmic_h_phy_top/u_phy_io_v1_1/iob_48_dut/opit_1_IOL on IOL_7_145.
Placed fixed group with base inst u_ipsl_hmic_h_top/u_ipsl_hmic_h_phy_top/u_phy_io_v1_1/iob_49_dut/opit_1_IOL on IOL_7_146.
Placed fixed group with base inst u_ipsl_hmic_h_top/u_ipsl_hmic_h_phy_top/u_phy_io_v1_1/iob_50_dut/opit_1 on IOL_7_157.
Placed fixed group with base inst u_ipsl_hmic_h_top/u_ipsl_hmic_h_phy_top/u_phy_io_v1_1/iob_51_dut/opit_1_IOL on IOL_7_158.
Placed fixed group with base inst u_ipsl_hmic_h_top/u_ipsl_hmic_h_phy_top/u_phy_io_v1_1/iob_52_dut/opit_1_IOL on IOL_7_161.
Placed fixed group with base inst u_ipsl_hmic_h_top/u_ipsl_hmic_h_phy_top/u_phy_io_v1_1/iob_55_dut/opit_1_IOL on IOL_7_166.
Placed fixed group with base inst u_ipsl_hmic_h_top/u_ipsl_hmic_h_phy_top/u_phy_io_v1_1/iob_56_dut/opit_1_IOL on IOL_7_169.
Placed fixed group with base inst u_ipsl_hmic_h_top/u_ipsl_hmic_h_phy_top/u_phy_io_v1_1/iob_57_dut/opit_1_IOL on IOL_7_170.
Placed fixed group with base inst u_ipsl_hmic_h_top/u_ipsl_hmic_h_phy_top/u_phy_io_v1_1/iob_58_dut/opit_1_IOL on IOL_7_173.
Placed fixed group with base inst u_ipsl_hmic_h_top/u_ipsl_hmic_h_phy_top/u_phy_io_v1_1/iob_59_dut/opit_1_IOL on IOL_7_174.
Placed fixed instance u_ipsl_hmic_h_top/u_ipsl_hmic_h_phy_top/u_phy_io_v1_1/ioclkbuf01_dut/gopclkgate on IOCKGATE_6_56.
Placed fixed instance u_ipsl_hmic_h_top/u_ipsl_hmic_h_phy_top/u_phy_io_v1_1/ioclkbuf02_dut/gopclkgate on IOCKGATE_6_181.
Placed fixed instance u_ipsl_hmic_h_top/u_ipsl_hmic_h_phy_top/u_phy_io_v1_1/ioclkdiv_dut/gopclkdiv on IOCKDIV_6_64.
Placed fixed group with base inst u_ipsl_hmic_h_top/u_ipsl_hmic_h_phy_top/u_phy_io_v1_1/iol_iddr3_dut/gateop_inv_IO on IOL_7_10.
Placed fixed group with base inst u_ipsl_hmic_h_top/u_ipsl_hmic_h_phy_top/u_phy_io_v1_1/iol_iddr4_dut/gateop_inv_IO on IOL_7_13.
Placed fixed group with base inst u_ipsl_hmic_h_top/u_ipsl_hmic_h_phy_top/u_phy_io_v1_1/iol_iddr5_dut/gateop_inv_IO on IOL_7_14.
Placed fixed group with base inst u_ipsl_hmic_h_top/u_ipsl_hmic_h_phy_top/u_phy_io_v1_1/iol_iddr6_dut/gateop_inv_IO on IOL_7_17.
Placed fixed group with base inst u_ipsl_hmic_h_top/u_ipsl_hmic_h_phy_top/u_phy_io_v1_1/iol_iddr7_dut/gateop_inv_IO on IOL_7_18.
Placed fixed group with base inst u_ipsl_hmic_h_top/u_ipsl_hmic_h_phy_top/u_phy_io_v1_1/iol_iddr10_dut/gateop_inv_IO on IOL_7_33.
Placed fixed group with base inst u_ipsl_hmic_h_top/u_ipsl_hmic_h_phy_top/u_phy_io_v1_1/iol_iddr11_dut/gateop_inv_IO on IOL_7_34.
Placed fixed group with base inst u_ipsl_hmic_h_top/u_ipsl_hmic_h_phy_top/u_phy_io_v1_1/iol_iddr12_dut/gateop_inv_IO on IOL_7_37.
Placed fixed group with base inst u_ipsl_hmic_h_top/u_ipsl_hmic_h_phy_top/u_phy_io_v1_1/iol_iddr27_dut/gateop_inv_IO on IOL_7_86.
Placed fixed group with base inst u_ipsl_hmic_h_top/u_ipsl_hmic_h_phy_top/u_phy_io_v1_1/iol_iddr28_dut/gateop_inv_IO on IOL_7_89.
Placed fixed group with base inst u_ipsl_hmic_h_top/u_ipsl_hmic_h_phy_top/u_phy_io_v1_1/iol_iddr29_dut/gateop_inv_IO on IOL_7_90.
Placed fixed group with base inst u_ipsl_hmic_h_top/u_ipsl_hmic_h_phy_top/u_phy_io_v1_1/iol_iddr32_dut/gateop_inv_IO on IOL_7_105.
Placed fixed group with base inst u_ipsl_hmic_h_top/u_ipsl_hmic_h_phy_top/u_phy_io_v1_1/iol_iddr33_dut/gateop_inv_IO on IOL_7_106.
Placed fixed group with base inst u_ipsl_hmic_h_top/u_ipsl_hmic_h_phy_top/u_phy_io_v1_1/iol_iddr34_dut/gateop_inv_IO on IOL_7_109.
Placed fixed group with base inst u_ipsl_hmic_h_top/u_ipsl_hmic_h_phy_top/u_phy_io_v1_1/iol_iddr35_dut/gateop_inv_IO on IOL_7_110.
Placed fixed group with base inst u_ipsl_hmic_h_top/u_ipsl_hmic_h_phy_top/u_phy_io_v1_1/iol_iddr36_dut/gateop_inv_IO on IOL_7_113.
Placed fixed instance u_ipsl_hmic_h_top/u_ipsl_hmic_h_phy_top/u_phy_io_v1_1/u_gtp_ddrphy/gateop_DDRC on HMEMC_16_1.
Placed fixed instance u_ipsl_hmic_h_top/u_pll_50_400/u_pll_e1/goppll on PLL_82_71.
Placed fixed group with base inst uart_tx_obuf/opit_1 on IOL_151_361.
Placed fixed instance video_clkbufg/gopclkbufg on USCM_74_109.
Placed fixed instance video_pll_m0/u_pll_e1/goppll on PLL_82_51.
Placed fixed instance BKCL_auto_0 on BKCL_2_268.
Placed fixed instance BKCL_auto_1 on BKCL_2_144.
Placed fixed instance BKCL_auto_2 on BKCL_2_20.
Placed fixed instance BKCL_auto_3 on BKCL_154_268.
Placed fixed instance BKCL_auto_4 on BKCL_154_144.
Placed fixed instance BKCL_auto_5 on BKCL_154_20.
Placed instance u_ipsl_hmic_h_top/u_ipsl_hmic_h_phy_top/u_phy_io_v1_1/dll_hmemc_dut/gopdll(gopDLL) on DLL_7_59, and placed u_ipsl_hmic_h_top/u_ipsl_hmic_h_phy_top/u_phy_io_v1_1/dqs0_dut/opit_0(gopDQS_DDC) on DQSL_6_24.
Placed instance u_ipsl_hmic_h_top/u_ipsl_hmic_h_phy_top/u_phy_io_v1_1/dll_hmemc_dut/gopdll(gopDLL) on DLL_7_59, and placed u_ipsl_hmic_h_top/u_ipsl_hmic_h_phy_top/u_phy_io_v1_1/dqs1_dut/opit_0(gopDQS_DDC) on DQSL_6_52.
Placed instance u_ipsl_hmic_h_top/u_ipsl_hmic_h_phy_top/u_phy_io_v1_1/dll_hmemc_dut/gopdll(gopDLL) on DLL_7_59, and placed u_ipsl_hmic_h_top/u_ipsl_hmic_h_phy_top/u_phy_io_v1_1/dqs2_dut/opit_0(gopDQS_DDC) on DQSL_6_96.
Placed instance u_ipsl_hmic_h_top/u_ipsl_hmic_h_phy_top/u_phy_io_v1_1/dll_hmemc_dut/gopdll(gopDLL) on DLL_7_59, and placed u_ipsl_hmic_h_top/u_ipsl_hmic_h_phy_top/u_phy_io_v1_1/dqs3_dut/opit_0(gopDQS_DDC) on DQSL_6_148.
Placed instance u_ipsl_hmic_h_top/u_ipsl_hmic_h_phy_top/u_phy_io_v1_1/dll_hmemc_dut/gopdll(gopDLL) on DLL_7_59, and placed u_ipsl_hmic_h_top/u_ipsl_hmic_h_phy_top/u_phy_io_v1_1/dqs4_dut/opit_0(gopDQS_DDC) on DQSL_6_176.
Forbidden IOL_7_38.
Forbidden IOL_7_41.
Forbidden IOL_7_42.
Forbidden IOL_7_85.
Forbidden IOL_7_162.
Forbidden IOL_7_165.
Wirelength after Macro cell placement is 161781.
Macro cell placement takes 0.22 sec.
Design Utilization : 69%.
Wirelength after post global placement is 153355.
Post global placement takes 3.97 sec.
Wirelength after legalization is 159259.
Legalization takes 2.08 sec.
Placement done.
Total placement takes 15.25 sec.
Finished placement. (CPU time elapsed 0h:00m:16s)

Routing started.
Building routing graph takes 2.50 sec.
Worst slack is -68758.
Processing design graph takes 0.73 sec.
Total memory for routing:
	55.121902 M.
Total nets for routing : 17023.
Rcf routing step 1 processed 0 nets, it takes 0.00 sec.
Rcf routing step 2 processed 0 nets, it takes 0.00 sec.
Rcf routing step 3 processed 0 nets, it takes 0.00 sec.
Global Routing step 1 processed 0 nets, it takes 0.02 sec.
Global Routing step 2 processed 0 nets, it takes 0.03 sec.
Unrouted nets 345 at the end of iteration 0.
Unrouted nets 211 at the end of iteration 1.
Unrouted nets 126 at the end of iteration 2.
Unrouted nets 101 at the end of iteration 3.
Unrouted nets 72 at the end of iteration 4.
Unrouted nets 65 at the end of iteration 5.
Unrouted nets 49 at the end of iteration 6.
Unrouted nets 40 at the end of iteration 7.
Unrouted nets 28 at the end of iteration 8.
Unrouted nets 17 at the end of iteration 9.
Unrouted nets 12 at the end of iteration 10.
Unrouted nets 7 at the end of iteration 11.
Unrouted nets 10 at the end of iteration 12.
Unrouted nets 7 at the end of iteration 13.
Unrouted nets 5 at the end of iteration 14.
Unrouted nets 0 at the end of iteration 15.
Global Routing step 3 processed 1038 nets, it takes 7.61 sec.
Global routing takes 7.66 sec.
Total 20109 subnets.
    forward max bucket size 853 , backward 722.
        Unrouted nets 13767 at the end of iteration 0.
    route iteration 0, CPU time elapsed 3.937500 sec.
    forward max bucket size 2070 , backward 2267.
        Unrouted nets 11042 at the end of iteration 1.
    route iteration 1, CPU time elapsed 3.953125 sec.
    forward max bucket size 2890 , backward 2035.
        Unrouted nets 9023 at the end of iteration 2.
    route iteration 2, CPU time elapsed 4.906250 sec.
    forward max bucket size 4623 , backward 6875.
        Unrouted nets 7485 at the end of iteration 3.
    route iteration 3, CPU time elapsed 6.125000 sec.
    forward max bucket size 7808 , backward 5999.
        Unrouted nets 6390 at the end of iteration 4.
    route iteration 4, CPU time elapsed 7.500000 sec.
    forward max bucket size 6072 , backward 4321.
        Unrouted nets 5853 at the end of iteration 5.
    route iteration 5, CPU time elapsed 9.312500 sec.
    forward max bucket size 7895 , backward 4965.
        Unrouted nets 6596 at the end of iteration 6.
    route iteration 6, CPU time elapsed 8.718750 sec.
    forward max bucket size 6250 , backward 5239.
        Unrouted nets 6573 at the end of iteration 7.
    route iteration 7, CPU time elapsed 8.828125 sec.
    forward max bucket size 5851 , backward 3727.
        Unrouted nets 6208 at the end of iteration 8.
    route iteration 8, CPU time elapsed 8.609375 sec.
    forward max bucket size 6009 , backward 3654.
        Unrouted nets 5676 at the end of iteration 9.
    route iteration 9, CPU time elapsed 8.093750 sec.
    forward max bucket size 6511 , backward 5728.
        Unrouted nets 5041 at the end of iteration 10.
    route iteration 10, CPU time elapsed 7.609375 sec.
    forward max bucket size 6490 , backward 6356.
        Unrouted nets 4458 at the end of iteration 11.
    route iteration 11, CPU time elapsed 6.468750 sec.
    forward max bucket size 5874 , backward 5562.
        Unrouted nets 3928 at the end of iteration 12.
    route iteration 12, CPU time elapsed 6.671875 sec.
    forward max bucket size 5868 , backward 6341.
        Unrouted nets 3426 at the end of iteration 13.
    route iteration 13, CPU time elapsed 6.281250 sec.
    forward max bucket size 5892 , backward 5864.
        Unrouted nets 3107 at the end of iteration 14.
    route iteration 14, CPU time elapsed 5.796875 sec.
    forward max bucket size 6042 , backward 6927.
        Unrouted nets 2777 at the end of iteration 15.
    route iteration 15, CPU time elapsed 5.453125 sec.
    forward max bucket size 7724 , backward 8390.
        Unrouted nets 2437 at the end of iteration 16.
    route iteration 16, CPU time elapsed 5.140625 sec.
    forward max bucket size 5349 , backward 4312.
        Unrouted nets 2248 at the end of iteration 17.
    route iteration 17, CPU time elapsed 5.093750 sec.
    forward max bucket size 4904 , backward 3600.
        Unrouted nets 2083 at the end of iteration 18.
    route iteration 18, CPU time elapsed 5.390625 sec.
    forward max bucket size 5233 , backward 2335.
        Unrouted nets 1914 at the end of iteration 19.
    route iteration 19, CPU time elapsed 4.953125 sec.
    forward max bucket size 5522 , backward 1574.
        Unrouted nets 1706 at the end of iteration 20.
    route iteration 20, CPU time elapsed 4.171875 sec.
    forward max bucket size 5221 , backward 2630.
        Unrouted nets 1564 at the end of iteration 21.
    route iteration 21, CPU time elapsed 3.984375 sec.
    forward max bucket size 5604 , backward 3282.
        Unrouted nets 1512 at the end of iteration 22.
    route iteration 22, CPU time elapsed 4.187500 sec.
    forward max bucket size 5352 , backward 4098.
        Unrouted nets 1403 at the end of iteration 23.
    route iteration 23, CPU time elapsed 3.343750 sec.
    forward max bucket size 7102 , backward 7506.
        Unrouted nets 1372 at the end of iteration 24.
    route iteration 24, CPU time elapsed 4.171875 sec.
    forward max bucket size 1848 , backward 2264.
        Unrouted nets 1284 at the end of iteration 25.
    route iteration 25, CPU time elapsed 4.453125 sec.
    forward max bucket size 5560 , backward 1753.
        Unrouted nets 1252 at the end of iteration 26.
    route iteration 26, CPU time elapsed 3.265625 sec.
    forward max bucket size 8465 , backward 6763.
        Unrouted nets 1147 at the end of iteration 27.
    route iteration 27, CPU time elapsed 3.187500 sec.
    forward max bucket size 739 , backward 1099.
        Unrouted nets 990 at the end of iteration 28.
    route iteration 28, CPU time elapsed 2.562500 sec.
    forward max bucket size 7813 , backward 11566.
        Unrouted nets 1004 at the end of iteration 29.
    route iteration 29, CPU time elapsed 2.687500 sec.
    forward max bucket size 2027 , backward 1250.
        Unrouted nets 1024 at the end of iteration 30.
    route iteration 30, CPU time elapsed 3.453125 sec.
    forward max bucket size 5363 , backward 2062.
        Unrouted nets 990 at the end of iteration 31.
    route iteration 31, CPU time elapsed 3.687500 sec.
    forward max bucket size 8538 , backward 6786.
        Unrouted nets 936 at the end of iteration 32.
    route iteration 32, CPU time elapsed 3.500000 sec.
    forward max bucket size 5039 , backward 3152.
        Unrouted nets 874 at the end of iteration 33.
    route iteration 33, CPU time elapsed 3.000000 sec.
    forward max bucket size 5120 , backward 1726.
        Unrouted nets 855 at the end of iteration 34.
    route iteration 34, CPU time elapsed 2.343750 sec.
    forward max bucket size 3873 , backward 1923.
        Unrouted nets 849 at the end of iteration 35.
    route iteration 35, CPU time elapsed 2.906250 sec.
    forward max bucket size 5045 , backward 2079.
        Unrouted nets 854 at the end of iteration 36.
    route iteration 36, CPU time elapsed 2.625000 sec.
    forward max bucket size 4964 , backward 1406.
        Unrouted nets 769 at the end of iteration 37.
    route iteration 37, CPU time elapsed 2.968750 sec.
    forward max bucket size 5060 , backward 1208.
        Unrouted nets 771 at the end of iteration 38.
    route iteration 38, CPU time elapsed 2.562500 sec.
    forward max bucket size 1085 , backward 1910.
        Unrouted nets 716 at the end of iteration 39.
    route iteration 39, CPU time elapsed 2.187500 sec.
    forward max bucket size 5076 , backward 2005.
        Unrouted nets 728 at the end of iteration 40.
    route iteration 40, CPU time elapsed 2.453125 sec.
    forward max bucket size 4786 , backward 1966.
        Unrouted nets 711 at the end of iteration 41.
    route iteration 41, CPU time elapsed 2.593750 sec.
    forward max bucket size 4892 , backward 1501.
        Unrouted nets 687 at the end of iteration 42.
    route iteration 42, CPU time elapsed 2.890625 sec.
    forward max bucket size 4924 , backward 1258.
        Unrouted nets 677 at the end of iteration 43.
    route iteration 43, CPU time elapsed 2.968750 sec.
    forward max bucket size 8287 , backward 6015.
        Unrouted nets 663 at the end of iteration 44.
    route iteration 44, CPU time elapsed 3.359375 sec.
    forward max bucket size 5268 , backward 1846.
        Unrouted nets 646 at the end of iteration 45.
    route iteration 45, CPU time elapsed 2.703125 sec.
    forward max bucket size 2111 , backward 1268.
        Unrouted nets 648 at the end of iteration 46.
    route iteration 46, CPU time elapsed 2.640625 sec.
    forward max bucket size 995 , backward 1778.
        Unrouted nets 597 at the end of iteration 47.
    route iteration 47, CPU time elapsed 1.906250 sec.
    forward max bucket size 3732 , backward 1690.
        Unrouted nets 572 at the end of iteration 48.
    route iteration 48, CPU time elapsed 2.062500 sec.
    forward max bucket size 1516 , backward 1368.
        Unrouted nets 548 at the end of iteration 49.
    route iteration 49, CPU time elapsed 1.484375 sec.
    forward max bucket size 3849 , backward 364.
        Unrouted nets 548 at the end of iteration 50.
    route iteration 50, CPU time elapsed 1.750000 sec.
    forward max bucket size 3801 , backward 1671.
        Unrouted nets 563 at the end of iteration 51.
    route iteration 51, CPU time elapsed 2.156250 sec.
    forward max bucket size 7242 , backward 2325.
        Unrouted nets 531 at the end of iteration 52.
    route iteration 52, CPU time elapsed 2.687500 sec.
    forward max bucket size 3581 , backward 1907.
        Unrouted nets 499 at the end of iteration 53.
    route iteration 53, CPU time elapsed 2.109375 sec.
    forward max bucket size 3561 , backward 1661.
        Unrouted nets 457 at the end of iteration 54.
    route iteration 54, CPU time elapsed 1.734375 sec.
    forward max bucket size 989 , backward 1855.
        Unrouted nets 408 at the end of iteration 55.
    route iteration 55, CPU time elapsed 1.562500 sec.
    forward max bucket size 451 , backward 896.
        Unrouted nets 405 at the end of iteration 56.
    route iteration 56, CPU time elapsed 2.000000 sec.
    forward max bucket size 488 , backward 4018.
        Unrouted nets 363 at the end of iteration 57.
    route iteration 57, CPU time elapsed 1.234375 sec.
    forward max bucket size 915 , backward 1773.
        Unrouted nets 387 at the end of iteration 58.
    route iteration 58, CPU time elapsed 1.625000 sec.
    forward max bucket size 2760 , backward 1464.
        Unrouted nets 393 at the end of iteration 59.
    route iteration 59, CPU time elapsed 1.671875 sec.
    forward max bucket size 3084 , backward 1150.
        Unrouted nets 395 at the end of iteration 60.
    route iteration 60, CPU time elapsed 1.859375 sec.
    forward max bucket size 5268 , backward 2705.
        Unrouted nets 429 at the end of iteration 61.
    route iteration 61, CPU time elapsed 1.718750 sec.
    forward max bucket size 7485 , backward 2873.
        Unrouted nets 434 at the end of iteration 62.
    route iteration 62, CPU time elapsed 1.781250 sec.
    forward max bucket size 6257 , backward 2517.
        Unrouted nets 391 at the end of iteration 63.
    route iteration 63, CPU time elapsed 1.656250 sec.
    forward max bucket size 3327 , backward 1643.
        Unrouted nets 385 at the end of iteration 64.
    route iteration 64, CPU time elapsed 1.265625 sec.
    forward max bucket size 7863 , backward 2747.
        Unrouted nets 354 at the end of iteration 65.
    route iteration 65, CPU time elapsed 1.921875 sec.
    forward max bucket size 3651 , backward 460.
        Unrouted nets 349 at the end of iteration 66.
    route iteration 66, CPU time elapsed 1.421875 sec.
    forward max bucket size 1814 , backward 253.
        Unrouted nets 337 at the end of iteration 67.
    route iteration 67, CPU time elapsed 1.359375 sec.
    forward max bucket size 1464 , backward 1112.
        Unrouted nets 333 at the end of iteration 68.
    route iteration 68, CPU time elapsed 1.515625 sec.
    forward max bucket size 580 , backward 953.
        Unrouted nets 331 at the end of iteration 69.
    route iteration 69, CPU time elapsed 1.375000 sec.
    forward max bucket size 5070 , backward 921.
        Unrouted nets 340 at the end of iteration 70.
    route iteration 70, CPU time elapsed 1.406250 sec.
    forward max bucket size 2889 , backward 823.
        Unrouted nets 334 at the end of iteration 71.
    route iteration 71, CPU time elapsed 1.875000 sec.
    forward max bucket size 479 , backward 143.
        Unrouted nets 350 at the end of iteration 72.
    route iteration 72, CPU time elapsed 1.593750 sec.
    forward max bucket size 2452 , backward 1434.
        Unrouted nets 302 at the end of iteration 73.
    route iteration 73, CPU time elapsed 1.687500 sec.
    forward max bucket size 4171 , backward 751.
        Unrouted nets 333 at the end of iteration 74.
    route iteration 74, CPU time elapsed 1.531250 sec.
    forward max bucket size 323 , backward 798.
        Unrouted nets 342 at the end of iteration 75.
    route iteration 75, CPU time elapsed 1.562500 sec.
    forward max bucket size 352 , backward 478.
        Unrouted nets 337 at the end of iteration 76.
    route iteration 76, CPU time elapsed 1.281250 sec.
    forward max bucket size 360 , backward 583.
        Unrouted nets 343 at the end of iteration 77.
    route iteration 77, CPU time elapsed 1.437500 sec.
    forward max bucket size 2880 , backward 1726.
        Unrouted nets 357 at the end of iteration 78.
    route iteration 78, CPU time elapsed 2.203125 sec.
    forward max bucket size 1495 , backward 1607.
        Unrouted nets 362 at the end of iteration 79.
    route iteration 79, CPU time elapsed 1.984375 sec.
    forward max bucket size 169 , backward 210.
        Unrouted nets 358 at the end of iteration 80.
    route iteration 80, CPU time elapsed 1.359375 sec.
    forward max bucket size 554 , backward 635.
        Unrouted nets 340 at the end of iteration 81.
    route iteration 81, CPU time elapsed 2.703125 sec.
    forward max bucket size 1596 , backward 443.
        Unrouted nets 319 at the end of iteration 82.
    route iteration 82, CPU time elapsed 1.843750 sec.
    forward max bucket size 1836 , backward 568.
        Unrouted nets 313 at the end of iteration 83.
    route iteration 83, CPU time elapsed 2.296875 sec.
    forward max bucket size 1442 , backward 572.
        Unrouted nets 307 at the end of iteration 84.
    route iteration 84, CPU time elapsed 1.640625 sec.
    forward max bucket size 2714 , backward 669.
        Unrouted nets 328 at the end of iteration 85.
    route iteration 85, CPU time elapsed 1.921875 sec.
    forward max bucket size 7042 , backward 6973.
        Unrouted nets 304 at the end of iteration 86.
    route iteration 86, CPU time elapsed 1.687500 sec.
    forward max bucket size 4429 , backward 343.
        Unrouted nets 283 at the end of iteration 87.
    route iteration 87, CPU time elapsed 1.937500 sec.
    forward max bucket size 5329 , backward 6113.
        Unrouted nets 284 at the end of iteration 88.
    route iteration 88, CPU time elapsed 1.562500 sec.
    forward max bucket size 1771 , backward 889.
        Unrouted nets 305 at the end of iteration 89.
    route iteration 89, CPU time elapsed 1.390625 sec.
    forward max bucket size 447 , backward 396.
        Unrouted nets 302 at the end of iteration 90.
    route iteration 90, CPU time elapsed 1.375000 sec.
    forward max bucket size 907 , backward 726.
        Unrouted nets 346 at the end of iteration 91.
    route iteration 91, CPU time elapsed 1.109375 sec.
    forward max bucket size 505 , backward 239.
        Unrouted nets 340 at the end of iteration 92.
    route iteration 92, CPU time elapsed 1.718750 sec.
    forward max bucket size 505 , backward 555.
        Unrouted nets 346 at the end of iteration 93.
    route iteration 93, CPU time elapsed 1.671875 sec.
    forward max bucket size 910 , backward 1390.
        Unrouted nets 332 at the end of iteration 94.
    route iteration 94, CPU time elapsed 1.078125 sec.
    forward max bucket size 376 , backward 106.
        Unrouted nets 320 at the end of iteration 95.
    route iteration 95, CPU time elapsed 0.984375 sec.
    forward max bucket size 1370 , backward 706.
        Unrouted nets 312 at the end of iteration 96.
    route iteration 96, CPU time elapsed 1.296875 sec.
    forward max bucket size 412 , backward 177.
        Unrouted nets 320 at the end of iteration 97.
    route iteration 97, CPU time elapsed 1.156250 sec.
    forward max bucket size 5553 , backward 7106.
        Unrouted nets 349 at the end of iteration 98.
    route iteration 98, CPU time elapsed 2.125000 sec.
    forward max bucket size 474 , backward 1481.
        Unrouted nets 343 at the end of iteration 99.
    route iteration 99, CPU time elapsed 2.031250 sec.
    forward max bucket size 329 , backward 1528.
        Unrouted nets 283 at the end of iteration 100.
    route iteration 100, CPU time elapsed 2.000000 sec.
    forward max bucket size 891 , backward 1638.
        Unrouted nets 280 at the end of iteration 101.
    route iteration 101, CPU time elapsed 1.750000 sec.
    forward max bucket size 667 , backward 903.
        Unrouted nets 273 at the end of iteration 102.
    route iteration 102, CPU time elapsed 1.906250 sec.
    forward max bucket size 7457 , backward 4011.
        Unrouted nets 283 at the end of iteration 103.
    route iteration 103, CPU time elapsed 2.281250 sec.
    forward max bucket size 1080 , backward 673.
        Unrouted nets 264 at the end of iteration 104.
    route iteration 104, CPU time elapsed 1.843750 sec.
    forward max bucket size 816 , backward 922.
        Unrouted nets 277 at the end of iteration 105.
    route iteration 105, CPU time elapsed 2.375000 sec.
    forward max bucket size 1842 , backward 986.
        Unrouted nets 283 at the end of iteration 106.
    route iteration 106, CPU time elapsed 2.328125 sec.
    forward max bucket size 2796 , backward 987.
        Unrouted nets 270 at the end of iteration 107.
    route iteration 107, CPU time elapsed 2.453125 sec.
    forward max bucket size 505 , backward 173.
        Unrouted nets 262 at the end of iteration 108.
    route iteration 108, CPU time elapsed 1.734375 sec.
    forward max bucket size 1531 , backward 856.
        Unrouted nets 278 at the end of iteration 109.
    route iteration 109, CPU time elapsed 1.718750 sec.
    forward max bucket size 832 , backward 177.
        Unrouted nets 262 at the end of iteration 110.
    route iteration 110, CPU time elapsed 1.375000 sec.
    forward max bucket size 640 , backward 175.
        Unrouted nets 261 at the end of iteration 111.
    route iteration 111, CPU time elapsed 1.484375 sec.
    forward max bucket size 2667 , backward 492.
        Unrouted nets 282 at the end of iteration 112.
    route iteration 112, CPU time elapsed 1.593750 sec.
    forward max bucket size 329 , backward 1186.
        Unrouted nets 287 at the end of iteration 113.
    route iteration 113, CPU time elapsed 1.843750 sec.
    forward max bucket size 507 , backward 1141.
        Unrouted nets 283 at the end of iteration 114.
    route iteration 114, CPU time elapsed 1.859375 sec.
    forward max bucket size 136 , backward 1170.
        Unrouted nets 279 at the end of iteration 115.
    route iteration 115, CPU time elapsed 1.390625 sec.
    forward max bucket size 3255 , backward 1496.
        Unrouted nets 288 at the end of iteration 116.
    route iteration 116, CPU time elapsed 1.281250 sec.
    forward max bucket size 1762 , backward 591.
        Unrouted nets 288 at the end of iteration 117.
    route iteration 117, CPU time elapsed 1.640625 sec.
    forward max bucket size 2853 , backward 811.
        Unrouted nets 301 at the end of iteration 118.
    route iteration 118, CPU time elapsed 2.046875 sec.
    forward max bucket size 4413 , backward 591.
        Unrouted nets 296 at the end of iteration 119.
    route iteration 119, CPU time elapsed 1.968750 sec.
    forward max bucket size 4331 , backward 1339.
        Unrouted nets 282 at the end of iteration 120.
    route iteration 120, CPU time elapsed 2.125000 sec.
    forward max bucket size 2517 , backward 626.
        Unrouted nets 296 at the end of iteration 121.
    route iteration 121, CPU time elapsed 1.375000 sec.
    forward max bucket size 2862 , backward 586.
        Unrouted nets 292 at the end of iteration 122.
    route iteration 122, CPU time elapsed 2.296875 sec.
    forward max bucket size 710 , backward 1121.
        Unrouted nets 271 at the end of iteration 123.
    route iteration 123, CPU time elapsed 2.578125 sec.
    forward max bucket size 2284 , backward 1354.
        Unrouted nets 301 at the end of iteration 124.
    route iteration 124, CPU time elapsed 2.875000 sec.
    forward max bucket size 1202 , backward 540.
        Unrouted nets 296 at the end of iteration 125.
    route iteration 125, CPU time elapsed 2.203125 sec.
    forward max bucket size 4523 , backward 608.
        Unrouted nets 278 at the end of iteration 126.
    route iteration 126, CPU time elapsed 2.859375 sec.
    forward max bucket size 1667 , backward 574.
        Unrouted nets 280 at the end of iteration 127.
    route iteration 127, CPU time elapsed 2.187500 sec.
    forward max bucket size 761 , backward 934.
        Unrouted nets 273 at the end of iteration 128.
    route iteration 128, CPU time elapsed 1.437500 sec.
    forward max bucket size 1605 , backward 206.
        Unrouted nets 280 at the end of iteration 129.
    route iteration 129, CPU time elapsed 1.734375 sec.
    forward max bucket size 3483 , backward 924.
        Unrouted nets 291 at the end of iteration 130.
    route iteration 130, CPU time elapsed 2.234375 sec.
    forward max bucket size 4250 , backward 243.
        Unrouted nets 278 at the end of iteration 131.
    route iteration 131, CPU time elapsed 2.203125 sec.
    forward max bucket size 1680 , backward 2092.
        Unrouted nets 292 at the end of iteration 132.
    route iteration 132, CPU time elapsed 3.750000 sec.
    forward max bucket size 7097 , backward 4917.
        Unrouted nets 308 at the end of iteration 133.
    route iteration 133, CPU time elapsed 3.109375 sec.
    forward max bucket size 381 , backward 738.
        Unrouted nets 304 at the end of iteration 134.
    route iteration 134, CPU time elapsed 2.187500 sec.
    forward max bucket size 2824 , backward 815.
        Unrouted nets 296 at the end of iteration 135.
    route iteration 135, CPU time elapsed 2.031250 sec.
    forward max bucket size 6230 , backward 3987.
        Unrouted nets 308 at the end of iteration 136.
    route iteration 136, CPU time elapsed 2.453125 sec.
    forward max bucket size 6007 , backward 4221.
        Unrouted nets 307 at the end of iteration 137.
    route iteration 137, CPU time elapsed 1.984375 sec.
    forward max bucket size 5305 , backward 2644.
        Unrouted nets 318 at the end of iteration 138.
    route iteration 138, CPU time elapsed 1.875000 sec.
    forward max bucket size 2281 , backward 792.
        Unrouted nets 295 at the end of iteration 139.
    route iteration 139, CPU time elapsed 1.828125 sec.
    forward max bucket size 1657 , backward 850.
        Unrouted nets 315 at the end of iteration 140.
    route iteration 140, CPU time elapsed 2.515625 sec.
    forward max bucket size 858 , backward 815.
        Unrouted nets 303 at the end of iteration 141.
    route iteration 141, CPU time elapsed 2.453125 sec.
    forward max bucket size 1532 , backward 815.
        Unrouted nets 300 at the end of iteration 142.
    route iteration 142, CPU time elapsed 2.687500 sec.
    forward max bucket size 2376 , backward 523.
        Unrouted nets 311 at the end of iteration 143.
    route iteration 143, CPU time elapsed 2.343750 sec.
    forward max bucket size 2412 , backward 504.
        Unrouted nets 291 at the end of iteration 144.
    route iteration 144, CPU time elapsed 2.078125 sec.
    forward max bucket size 4155 , backward 454.
        Unrouted nets 288 at the end of iteration 145.
    route iteration 145, CPU time elapsed 1.968750 sec.
    forward max bucket size 782 , backward 5269.
        Unrouted nets 308 at the end of iteration 146.
    route iteration 146, CPU time elapsed 2.109375 sec.
    forward max bucket size 6865 , backward 1555.
        Unrouted nets 310 at the end of iteration 147.
    route iteration 147, CPU time elapsed 2.734375 sec.
    forward max bucket size 6791 , backward 614.
        Unrouted nets 293 at the end of iteration 148.
    route iteration 148, CPU time elapsed 2.156250 sec.
    forward max bucket size 2394 , backward 1117.
        Unrouted nets 279 at the end of iteration 149.
    route iteration 149, CPU time elapsed 1.453125 sec.
    forward max bucket size 1388 , backward 562.
        Unrouted nets 275 at the end of iteration 150.
    route iteration 150, CPU time elapsed 2.203125 sec.
    forward max bucket size 1314 , backward 449.
        Unrouted nets 276 at the end of iteration 151.
    route iteration 151, CPU time elapsed 1.765625 sec.
    forward max bucket size 181 , backward 356.
        Unrouted nets 252 at the end of iteration 152.
    route iteration 152, CPU time elapsed 1.109375 sec.
    forward max bucket size 1639 , backward 498.
        Unrouted nets 272 at the end of iteration 153.
    route iteration 153, CPU time elapsed 2.062500 sec.
    forward max bucket size 4841 , backward 340.
        Unrouted nets 289 at the end of iteration 154.
    route iteration 154, CPU time elapsed 1.625000 sec.
    forward max bucket size 1933 , backward 303.
        Unrouted nets 289 at the end of iteration 155.
    route iteration 155, CPU time elapsed 2.015625 sec.
    forward max bucket size 9913 , backward 6849.
        Unrouted nets 332 at the end of iteration 156.
    route iteration 156, CPU time elapsed 2.218750 sec.
    forward max bucket size 5265 , backward 867.
        Unrouted nets 348 at the end of iteration 157.
    route iteration 157, CPU time elapsed 2.531250 sec.
    forward max bucket size 1667 , backward 280.
        Unrouted nets 340 at the end of iteration 158.
    route iteration 158, CPU time elapsed 1.875000 sec.
    forward max bucket size 1501 , backward 443.
        Unrouted nets 328 at the end of iteration 159.
    route iteration 159, CPU time elapsed 1.359375 sec.
    forward max bucket size 6632 , backward 304.
        Unrouted nets 323 at the end of iteration 160.
    route iteration 160, CPU time elapsed 2.062500 sec.
    forward max bucket size 6212 , backward 266.
        Unrouted nets 319 at the end of iteration 161.
    route iteration 161, CPU time elapsed 1.406250 sec.
    forward max bucket size 6307 , backward 991.
        Unrouted nets 332 at the end of iteration 162.
    route iteration 162, CPU time elapsed 1.875000 sec.
    forward max bucket size 564 , backward 191.
        Unrouted nets 340 at the end of iteration 163.
    route iteration 163, CPU time elapsed 2.296875 sec.
    forward max bucket size 1497 , backward 912.
        Unrouted nets 315 at the end of iteration 164.
    route iteration 164, CPU time elapsed 1.984375 sec.
    forward max bucket size 1347 , backward 426.
        Unrouted nets 332 at the end of iteration 165.
    route iteration 165, CPU time elapsed 1.906250 sec.
    forward max bucket size 2776 , backward 1471.
        Unrouted nets 332 at the end of iteration 166.
    route iteration 166, CPU time elapsed 2.359375 sec.
    forward max bucket size 2712 , backward 897.
        Unrouted nets 355 at the end of iteration 167.
    route iteration 167, CPU time elapsed 1.921875 sec.
    forward max bucket size 3005 , backward 865.
        Unrouted nets 385 at the end of iteration 168.
    route iteration 168, CPU time elapsed 3.062500 sec.
    forward max bucket size 6474 , backward 1598.
        Unrouted nets 390 at the end of iteration 169.
    route iteration 169, CPU time elapsed 3.984375 sec.
    forward max bucket size 2999 , backward 1612.
        Unrouted nets 364 at the end of iteration 170.
    route iteration 170, CPU time elapsed 3.359375 sec.
    forward max bucket size 4360 , backward 588.
        Unrouted nets 364 at the end of iteration 171.
    route iteration 171, CPU time elapsed 2.187500 sec.
    forward max bucket size 6763 , backward 2382.
        Unrouted nets 355 at the end of iteration 172.
    route iteration 172, CPU time elapsed 2.281250 sec.
    forward max bucket size 3063 , backward 1329.
        Unrouted nets 323 at the end of iteration 173.
    route iteration 173, CPU time elapsed 2.109375 sec.
    forward max bucket size 629 , backward 1190.
        Unrouted nets 318 at the end of iteration 174.
    route iteration 174, CPU time elapsed 3.046875 sec.
    forward max bucket size 2095 , backward 1033.
        Unrouted nets 324 at the end of iteration 175.
    route iteration 175, CPU time elapsed 3.250000 sec.
    forward max bucket size 862 , backward 296.
        Unrouted nets 340 at the end of iteration 176.
    route iteration 176, CPU time elapsed 1.750000 sec.
    forward max bucket size 2717 , backward 548.
        Unrouted nets 342 at the end of iteration 177.
    route iteration 177, CPU time elapsed 1.406250 sec.
    forward max bucket size 770 , backward 1050.
        Unrouted nets 334 at the end of iteration 178.
    route iteration 178, CPU time elapsed 1.609375 sec.
    forward max bucket size 777 , backward 1046.
        Unrouted nets 329 at the end of iteration 179.
    route iteration 179, CPU time elapsed 2.625000 sec.
    forward max bucket size 602 , backward 523.
        Unrouted nets 356 at the end of iteration 180.
    route iteration 180, CPU time elapsed 1.937500 sec.
    forward max bucket size 3496 , backward 1329.
        Unrouted nets 383 at the end of iteration 181.
    route iteration 181, CPU time elapsed 2.859375 sec.
    forward max bucket size 354 , backward 1446.
        Unrouted nets 352 at the end of iteration 182.
    route iteration 182, CPU time elapsed 1.953125 sec.
    forward max bucket size 5713 , backward 882.
        Unrouted nets 354 at the end of iteration 183.
    route iteration 183, CPU time elapsed 2.562500 sec.
    forward max bucket size 639 , backward 870.
        Unrouted nets 389 at the end of iteration 184.
    route iteration 184, CPU time elapsed 2.375000 sec.
    forward max bucket size 4622 , backward 715.
        Unrouted nets 389 at the end of iteration 185.
    route iteration 185, CPU time elapsed 2.546875 sec.
    forward max bucket size 4690 , backward 342.
        Unrouted nets 371 at the end of iteration 186.
    route iteration 186, CPU time elapsed 2.062500 sec.
    forward max bucket size 2448 , backward 432.
        Unrouted nets 394 at the end of iteration 187.
    route iteration 187, CPU time elapsed 1.812500 sec.
    forward max bucket size 7425 , backward 255.
        Unrouted nets 374 at the end of iteration 188.
    route iteration 188, CPU time elapsed 2.109375 sec.
    forward max bucket size 5470 , backward 253.
        Unrouted nets 365 at the end of iteration 189.
    route iteration 189, CPU time elapsed 1.812500 sec.
    forward max bucket size 6169 , backward 1255.
        Unrouted nets 371 at the end of iteration 190.
    route iteration 190, CPU time elapsed 2.500000 sec.
    forward max bucket size 3164 , backward 1484.
        Unrouted nets 366 at the end of iteration 191.
    route iteration 191, CPU time elapsed 2.187500 sec.
    forward max bucket size 1926 , backward 617.
        Unrouted nets 331 at the end of iteration 192.
    route iteration 192, CPU time elapsed 2.562500 sec.
    forward max bucket size 271 , backward 298.
        Unrouted nets 330 at the end of iteration 193.
    route iteration 193, CPU time elapsed 1.859375 sec.
    forward max bucket size 789 , backward 922.
        Unrouted nets 339 at the end of iteration 194.
    route iteration 194, CPU time elapsed 2.203125 sec.
    forward max bucket size 5425 , backward 1892.
        Unrouted nets 348 at the end of iteration 195.
    route iteration 195, CPU time elapsed 3.093750 sec.
    forward max bucket size 4108 , backward 4705.
        Unrouted nets 363 at the end of iteration 196.
    route iteration 196, CPU time elapsed 3.187500 sec.
    forward max bucket size 2203 , backward 879.
        Unrouted nets 365 at the end of iteration 197.
    route iteration 197, CPU time elapsed 2.921875 sec.
    forward max bucket size 5232 , backward 394.
        Unrouted nets 358 at the end of iteration 198.
    route iteration 198, CPU time elapsed 2.906250 sec.
    forward max bucket size 3046 , backward 388.
        Unrouted nets 393 at the end of iteration 199.
    route iteration 199, CPU time elapsed 2.750000 sec.
    forward max bucket size 8609 , backward 1599.
        Unrouted nets 398 at the end of iteration 200.
    route iteration 200, CPU time elapsed 3.203125 sec.
    forward max bucket size 9396 , backward 1361.
        Unrouted nets 412 at the end of iteration 201.
    route iteration 201, CPU time elapsed 3.796875 sec.
    forward max bucket size 2062 , backward 633.
        Unrouted nets 410 at the end of iteration 202.
    route iteration 202, CPU time elapsed 2.312500 sec.
    forward max bucket size 3073 , backward 1106.
        Unrouted nets 378 at the end of iteration 203.
    route iteration 203, CPU time elapsed 3.062500 sec.
    forward max bucket size 3499 , backward 378.
        Unrouted nets 435 at the end of iteration 204.
    route iteration 204, CPU time elapsed 2.234375 sec.
    forward max bucket size 732 , backward 160.
        Unrouted nets 472 at the end of iteration 205.
    route iteration 205, CPU time elapsed 2.515625 sec.
    forward max bucket size 5102 , backward 382.
        Unrouted nets 454 at the end of iteration 206.
    route iteration 206, CPU time elapsed 2.234375 sec.
    forward max bucket size 5188 , backward 1305.
        Unrouted nets 480 at the end of iteration 207.
    route iteration 207, CPU time elapsed 3.171875 sec.
    forward max bucket size 364 , backward 671.
        Unrouted nets 484 at the end of iteration 208.
    route iteration 208, CPU time elapsed 2.859375 sec.
    forward max bucket size 3041 , backward 642.
        Unrouted nets 480 at the end of iteration 209.
    route iteration 209, CPU time elapsed 3.781250 sec.
    forward max bucket size 10208 , backward 1178.
        Unrouted nets 488 at the end of iteration 210.
    route iteration 210, CPU time elapsed 3.437500 sec.
    forward max bucket size 2892 , backward 579.
        Unrouted nets 470 at the end of iteration 211.
    route iteration 211, CPU time elapsed 3.421875 sec.
    forward max bucket size 1929 , backward 1676.
        Unrouted nets 484 at the end of iteration 212.
    route iteration 212, CPU time elapsed 4.156250 sec.
    forward max bucket size 3183 , backward 587.
        Unrouted nets 499 at the end of iteration 213.
    route iteration 213, CPU time elapsed 3.781250 sec.
    forward max bucket size 3045 , backward 1092.
        Unrouted nets 504 at the end of iteration 214.
    route iteration 214, CPU time elapsed 5.468750 sec.
    forward max bucket size 4865 , backward 692.
        Unrouted nets 470 at the end of iteration 215.
    route iteration 215, CPU time elapsed 3.453125 sec.
    forward max bucket size 3910 , backward 243.
        Unrouted nets 461 at the end of iteration 216.
    route iteration 216, CPU time elapsed 2.500000 sec.
    forward max bucket size 2808 , backward 886.
        Unrouted nets 461 at the end of iteration 217.
    route iteration 217, CPU time elapsed 3.234375 sec.
    forward max bucket size 4677 , backward 841.
        Unrouted nets 457 at the end of iteration 218.
    route iteration 218, CPU time elapsed 2.500000 sec.
    forward max bucket size 778 , backward 603.
        Unrouted nets 437 at the end of iteration 219.
    route iteration 219, CPU time elapsed 2.750000 sec.
    forward max bucket size 565 , backward 1110.
        Unrouted nets 415 at the end of iteration 220.
    route iteration 220, CPU time elapsed 2.453125 sec.
    forward max bucket size 6738 , backward 878.
        Unrouted nets 405 at the end of iteration 221.
    route iteration 221, CPU time elapsed 3.046875 sec.
    forward max bucket size 1243 , backward 765.
        Unrouted nets 393 at the end of iteration 222.
    route iteration 222, CPU time elapsed 3.484375 sec.
    forward max bucket size 2180 , backward 1053.
        Unrouted nets 393 at the end of iteration 223.
    route iteration 223, CPU time elapsed 3.062500 sec.
    forward max bucket size 2934 , backward 508.
        Unrouted nets 366 at the end of iteration 224.
    route iteration 224, CPU time elapsed 1.671875 sec.
