#Build: Fabric Compiler 2020.3, Build 62942, Sep 29 13:34 2020
#Install: E:\PDS\PDS1\PDS_2020.3\bin
#Application name: pds_shell.exe
#OS: Windows 10 10.0.22000
#Hostname: LAPTOP-K7MPPOL0
Generated by Fabric Compiler (version 2020.3 build 62942) at Thu Jul 21 20:45:01 2022
Compiling verification operator library.
Compiling common defs.
Compiling prim grid devices.
Compiling gate devices.
Compiling gate operators.
Building architecture model.
Loading device packaging model 'MBG324'.
I: Parameter configuration file E:/PDS/PGL22G/CD_20210223/CD_20210223/demo/zhenjiuzhe_ddr3_ov5640_hdmi - 5 - 2-1 - 1/testparam.txt cannot open.
Starting placement and routing flow. (CPU time elapsed 0h:00m:00s)
Reading design from devmap DB.
Building architecture floorplan logic view.
Executing : apply_constraint -f {E:/PDS/PGL22G/CD_20210223/CD_20210223/demo/zhenjiuzhe_ddr3_ov5640_hdmi - 5 - 2-1 - 1/device_map/top.pcf}
Executing : def_port cmos_scl -LOC J14 -IOSTANDARD LVCMOS33 -VCCIO 3.3 -HYS_DRIVE_MODE NOHYS -BUS_KEEPER PULLUP -DRIVE 4 -SLEW FAST
Executing : def_port cmos_scl -LOC J14 -IOSTANDARD LVCMOS33 -VCCIO 3.3 -HYS_DRIVE_MODE NOHYS -BUS_KEEPER PULLUP -DRIVE 4 -SLEW FAST successfully.
Executing : def_port cmos_sda -LOC J15 -IOSTANDARD LVCMOS33 -VCCIO 3.3 -HYS_DRIVE_MODE NOHYS -BUS_KEEPER PULLUP -DRIVE 4 -SLEW FAST
Executing : def_port cmos_sda -LOC J15 -IOSTANDARD LVCMOS33 -VCCIO 3.3 -HYS_DRIVE_MODE NOHYS -BUS_KEEPER PULLUP -DRIVE 4 -SLEW FAST successfully.
Executing : def_port {pad_dq_ch0[0]} -LOC T8 -IOSTANDARD SSTL15_I -VCCIO 1.5 -BUS_KEEPER UNUSED -VREF_MODE IN -VREF_MODE_VALUE 0.5 -DDR_TERM_MODE ON -DRIVE 7.5 -SLEW FAST
Executing : def_port {pad_dq_ch0[0]} -LOC T8 -IOSTANDARD SSTL15_I -VCCIO 1.5 -BUS_KEEPER UNUSED -VREF_MODE IN -VREF_MODE_VALUE 0.5 -DDR_TERM_MODE ON -DRIVE 7.5 -SLEW FAST successfully.
Executing : def_port {pad_dq_ch0[1]} -LOC T6 -IOSTANDARD SSTL15_I -VCCIO 1.5 -BUS_KEEPER UNUSED -VREF_MODE IN -VREF_MODE_VALUE 0.5 -DDR_TERM_MODE ON -DRIVE 7.5 -SLEW FAST
Executing : def_port {pad_dq_ch0[1]} -LOC T6 -IOSTANDARD SSTL15_I -VCCIO 1.5 -BUS_KEEPER UNUSED -VREF_MODE IN -VREF_MODE_VALUE 0.5 -DDR_TERM_MODE ON -DRIVE 7.5 -SLEW FAST successfully.
Executing : def_port {pad_dq_ch0[2]} -LOC R6 -IOSTANDARD SSTL15_I -VCCIO 1.5 -BUS_KEEPER UNUSED -VREF_MODE IN -VREF_MODE_VALUE 0.5 -DDR_TERM_MODE ON -DRIVE 7.5 -SLEW FAST
Executing : def_port {pad_dq_ch0[2]} -LOC R6 -IOSTANDARD SSTL15_I -VCCIO 1.5 -BUS_KEEPER UNUSED -VREF_MODE IN -VREF_MODE_VALUE 0.5 -DDR_TERM_MODE ON -DRIVE 7.5 -SLEW FAST successfully.
Executing : def_port {pad_dq_ch0[3]} -LOC R9 -IOSTANDARD SSTL15_I -VCCIO 1.5 -BUS_KEEPER UNUSED -VREF_MODE IN -VREF_MODE_VALUE 0.5 -DDR_TERM_MODE ON -DRIVE 7.5 -SLEW FAST
Executing : def_port {pad_dq_ch0[3]} -LOC R9 -IOSTANDARD SSTL15_I -VCCIO 1.5 -BUS_KEEPER UNUSED -VREF_MODE IN -VREF_MODE_VALUE 0.5 -DDR_TERM_MODE ON -DRIVE 7.5 -SLEW FAST successfully.
Executing : def_port {pad_dq_ch0[4]} -LOC T9 -IOSTANDARD SSTL15_I -VCCIO 1.5 -BUS_KEEPER UNUSED -VREF_MODE IN -VREF_MODE_VALUE 0.5 -DDR_TERM_MODE ON -DRIVE 7.5 -SLEW FAST
Executing : def_port {pad_dq_ch0[4]} -LOC T9 -IOSTANDARD SSTL15_I -VCCIO 1.5 -BUS_KEEPER UNUSED -VREF_MODE IN -VREF_MODE_VALUE 0.5 -DDR_TERM_MODE ON -DRIVE 7.5 -SLEW FAST successfully.
Executing : def_port {pad_dq_ch0[5]} -LOC N4 -IOSTANDARD SSTL15_I -VCCIO 1.5 -BUS_KEEPER UNUSED -VREF_MODE IN -VREF_MODE_VALUE 0.5 -DDR_TERM_MODE ON -DRIVE 7.5 -SLEW FAST
Executing : def_port {pad_dq_ch0[5]} -LOC N4 -IOSTANDARD SSTL15_I -VCCIO 1.5 -BUS_KEEPER UNUSED -VREF_MODE IN -VREF_MODE_VALUE 0.5 -DDR_TERM_MODE ON -DRIVE 7.5 -SLEW FAST successfully.
Executing : def_port {pad_dq_ch0[6]} -LOC N5 -IOSTANDARD SSTL15_I -VCCIO 1.5 -BUS_KEEPER UNUSED -VREF_MODE IN -VREF_MODE_VALUE 0.5 -DDR_TERM_MODE ON -DRIVE 7.5 -SLEW FAST
Executing : def_port {pad_dq_ch0[6]} -LOC N5 -IOSTANDARD SSTL15_I -VCCIO 1.5 -BUS_KEEPER UNUSED -VREF_MODE IN -VREF_MODE_VALUE 0.5 -DDR_TERM_MODE ON -DRIVE 7.5 -SLEW FAST successfully.
Executing : def_port {pad_dq_ch0[7]} -LOC P6 -IOSTANDARD SSTL15_I -VCCIO 1.5 -BUS_KEEPER UNUSED -VREF_MODE IN -VREF_MODE_VALUE 0.5 -DDR_TERM_MODE ON -DRIVE 7.5 -SLEW FAST
Executing : def_port {pad_dq_ch0[7]} -LOC P6 -IOSTANDARD SSTL15_I -VCCIO 1.5 -BUS_KEEPER UNUSED -VREF_MODE IN -VREF_MODE_VALUE 0.5 -DDR_TERM_MODE ON -DRIVE 7.5 -SLEW FAST successfully.
Executing : def_port {pad_dq_ch0[8]} -LOC T4 -IOSTANDARD SSTL15_I -VCCIO 1.5 -BUS_KEEPER UNUSED -VREF_MODE IN -VREF_MODE_VALUE 0.5 -DDR_TERM_MODE ON -DRIVE 7.5 -SLEW FAST
Executing : def_port {pad_dq_ch0[8]} -LOC T4 -IOSTANDARD SSTL15_I -VCCIO 1.5 -BUS_KEEPER UNUSED -VREF_MODE IN -VREF_MODE_VALUE 0.5 -DDR_TERM_MODE ON -DRIVE 7.5 -SLEW FAST successfully.
Executing : def_port {pad_dq_ch0[9]} -LOC V9 -IOSTANDARD SSTL15_I -VCCIO 1.5 -BUS_KEEPER UNUSED -VREF_MODE IN -VREF_MODE_VALUE 0.5 -DDR_TERM_MODE ON -DRIVE 7.5 -SLEW FAST
Executing : def_port {pad_dq_ch0[9]} -LOC V9 -IOSTANDARD SSTL15_I -VCCIO 1.5 -BUS_KEEPER UNUSED -VREF_MODE IN -VREF_MODE_VALUE 0.5 -DDR_TERM_MODE ON -DRIVE 7.5 -SLEW FAST successfully.
Executing : def_port {pad_dq_ch0[10]} -LOC U9 -IOSTANDARD SSTL15_I -VCCIO 1.5 -BUS_KEEPER UNUSED -VREF_MODE IN -VREF_MODE_VALUE 0.5 -DDR_TERM_MODE ON -DRIVE 7.5 -SLEW FAST
Executing : def_port {pad_dq_ch0[10]} -LOC U9 -IOSTANDARD SSTL15_I -VCCIO 1.5 -BUS_KEEPER UNUSED -VREF_MODE IN -VREF_MODE_VALUE 0.5 -DDR_TERM_MODE ON -DRIVE 7.5 -SLEW FAST successfully.
Executing : def_port {pad_dq_ch0[11]} -LOC V7 -IOSTANDARD SSTL15_I -VCCIO 1.5 -BUS_KEEPER UNUSED -VREF_MODE IN -VREF_MODE_VALUE 0.5 -DDR_TERM_MODE ON -DRIVE 7.5 -SLEW FAST
Executing : def_port {pad_dq_ch0[11]} -LOC V7 -IOSTANDARD SSTL15_I -VCCIO 1.5 -BUS_KEEPER UNUSED -VREF_MODE IN -VREF_MODE_VALUE 0.5 -DDR_TERM_MODE ON -DRIVE 7.5 -SLEW FAST successfully.
Executing : def_port {pad_dq_ch0[12]} -LOC U7 -IOSTANDARD SSTL15_I -VCCIO 1.5 -BUS_KEEPER UNUSED -VREF_MODE IN -VREF_MODE_VALUE 0.5 -DDR_TERM_MODE ON -DRIVE 7.5 -SLEW FAST
Executing : def_port {pad_dq_ch0[12]} -LOC U7 -IOSTANDARD SSTL15_I -VCCIO 1.5 -BUS_KEEPER UNUSED -VREF_MODE IN -VREF_MODE_VALUE 0.5 -DDR_TERM_MODE ON -DRIVE 7.5 -SLEW FAST successfully.
Executing : def_port {pad_dq_ch0[13]} -LOC V6 -IOSTANDARD SSTL15_I -VCCIO 1.5 -BUS_KEEPER UNUSED -VREF_MODE IN -VREF_MODE_VALUE 0.5 -DDR_TERM_MODE ON -DRIVE 7.5 -SLEW FAST
Executing : def_port {pad_dq_ch0[13]} -LOC V6 -IOSTANDARD SSTL15_I -VCCIO 1.5 -BUS_KEEPER UNUSED -VREF_MODE IN -VREF_MODE_VALUE 0.5 -DDR_TERM_MODE ON -DRIVE 7.5 -SLEW FAST successfully.
Executing : def_port {pad_dq_ch0[14]} -LOC U6 -IOSTANDARD SSTL15_I -VCCIO 1.5 -BUS_KEEPER UNUSED -VREF_MODE IN -VREF_MODE_VALUE 0.5 -DDR_TERM_MODE ON -DRIVE 7.5 -SLEW FAST
Executing : def_port {pad_dq_ch0[14]} -LOC U6 -IOSTANDARD SSTL15_I -VCCIO 1.5 -BUS_KEEPER UNUSED -VREF_MODE IN -VREF_MODE_VALUE 0.5 -DDR_TERM_MODE ON -DRIVE 7.5 -SLEW FAST successfully.
Executing : def_port {pad_dq_ch0[15]} -LOC V5 -IOSTANDARD SSTL15_I -VCCIO 1.5 -BUS_KEEPER UNUSED -VREF_MODE IN -VREF_MODE_VALUE 0.5 -DDR_TERM_MODE ON -DRIVE 7.5 -SLEW FAST
Executing : def_port {pad_dq_ch0[15]} -LOC V5 -IOSTANDARD SSTL15_I -VCCIO 1.5 -BUS_KEEPER UNUSED -VREF_MODE IN -VREF_MODE_VALUE 0.5 -DDR_TERM_MODE ON -DRIVE 7.5 -SLEW FAST successfully.
Executing : def_port {pad_dqs_ch0[0]} -LOC N6 -IOSTANDARD SSTL15D_I -VCCIO 1.5 -BUS_KEEPER UNUSED -DDR_TERM_MODE ON -DRIVE 7.5 -SLEW FAST
Executing : def_port {pad_dqs_ch0[0]} -LOC N6 -IOSTANDARD SSTL15D_I -VCCIO 1.5 -BUS_KEEPER UNUSED -DDR_TERM_MODE ON -DRIVE 7.5 -SLEW FAST successfully.
Executing : def_port {pad_dqs_ch0[1]} -LOC U8 -IOSTANDARD SSTL15D_I -VCCIO 1.5 -BUS_KEEPER UNUSED -DDR_TERM_MODE ON -DRIVE 7.5 -SLEW FAST
Executing : def_port {pad_dqs_ch0[1]} -LOC U8 -IOSTANDARD SSTL15D_I -VCCIO 1.5 -BUS_KEEPER UNUSED -DDR_TERM_MODE ON -DRIVE 7.5 -SLEW FAST successfully.
Executing : def_port {pad_dqsn_ch0[0]} -LOC N7 -IOSTANDARD SSTL15D_I -VCCIO 1.5 -BUS_KEEPER UNUSED -DDR_TERM_MODE ON -DRIVE 7.5 -SLEW FAST
Executing : def_port {pad_dqsn_ch0[0]} -LOC N7 -IOSTANDARD SSTL15D_I -VCCIO 1.5 -BUS_KEEPER UNUSED -DDR_TERM_MODE ON -DRIVE 7.5 -SLEW FAST successfully.
Executing : def_port {pad_dqsn_ch0[1]} -LOC V8 -IOSTANDARD SSTL15D_I -VCCIO 1.5 -BUS_KEEPER UNUSED -DDR_TERM_MODE ON -DRIVE 7.5 -SLEW FAST
Executing : def_port {pad_dqsn_ch0[1]} -LOC V8 -IOSTANDARD SSTL15D_I -VCCIO 1.5 -BUS_KEEPER UNUSED -DDR_TERM_MODE ON -DRIVE 7.5 -SLEW FAST successfully.
Executing : def_port cmos_xclk -LOC H13 -IOSTANDARD LVCMOS33 -VCCIO 3.3 -BUS_KEEPER PULLUP -DRIVE 4 -SLEW FAST -OPEN_DRAIN OFF
Executing : def_port cmos_xclk -LOC H13 -IOSTANDARD LVCMOS33 -VCCIO 3.3 -BUS_KEEPER PULLUP -DRIVE 4 -SLEW FAST -OPEN_DRAIN OFF successfully.
Executing : def_port {pad_addr_ch0[0]} -LOC M4 -IOSTANDARD SSTL15_I -VCCIO 1.5 -BUS_KEEPER UNUSED -DRIVE 7.5 -SLEW FAST
Executing : def_port {pad_addr_ch0[0]} -LOC M4 -IOSTANDARD SSTL15_I -VCCIO 1.5 -BUS_KEEPER UNUSED -DRIVE 7.5 -SLEW FAST successfully.
Executing : def_port {pad_addr_ch0[1]} -LOC M3 -IOSTANDARD SSTL15_I -VCCIO 1.5 -BUS_KEEPER UNUSED -DRIVE 7.5 -SLEW FAST
Executing : def_port {pad_addr_ch0[1]} -LOC M3 -IOSTANDARD SSTL15_I -VCCIO 1.5 -BUS_KEEPER UNUSED -DRIVE 7.5 -SLEW FAST successfully.
Executing : def_port {pad_addr_ch0[2]} -LOC P2 -IOSTANDARD SSTL15_I -VCCIO 1.5 -BUS_KEEPER UNUSED -DRIVE 7.5 -SLEW FAST
Executing : def_port {pad_addr_ch0[2]} -LOC P2 -IOSTANDARD SSTL15_I -VCCIO 1.5 -BUS_KEEPER UNUSED -DRIVE 7.5 -SLEW FAST successfully.
Executing : def_port {pad_addr_ch0[3]} -LOC P1 -IOSTANDARD SSTL15_I -VCCIO 1.5 -BUS_KEEPER UNUSED -DRIVE 7.5 -SLEW FAST
Executing : def_port {pad_addr_ch0[3]} -LOC P1 -IOSTANDARD SSTL15_I -VCCIO 1.5 -BUS_KEEPER UNUSED -DRIVE 7.5 -SLEW FAST successfully.
Executing : def_port {pad_addr_ch0[4]} -LOC L5 -IOSTANDARD SSTL15_I -VCCIO 1.5 -BUS_KEEPER UNUSED -DRIVE 7.5 -SLEW FAST
Executing : def_port {pad_addr_ch0[4]} -LOC L5 -IOSTANDARD SSTL15_I -VCCIO 1.5 -BUS_KEEPER UNUSED -DRIVE 7.5 -SLEW FAST successfully.
Executing : def_port {pad_addr_ch0[5]} -LOC M5 -IOSTANDARD SSTL15_I -VCCIO 1.5 -BUS_KEEPER UNUSED -DRIVE 7.5 -SLEW FAST
Executing : def_port {pad_addr_ch0[5]} -LOC M5 -IOSTANDARD SSTL15_I -VCCIO 1.5 -BUS_KEEPER UNUSED -DRIVE 7.5 -SLEW FAST successfully.
Executing : def_port {pad_addr_ch0[6]} -LOC N2 -IOSTANDARD SSTL15_I -VCCIO 1.5 -BUS_KEEPER UNUSED -DRIVE 7.5 -SLEW FAST
Executing : def_port {pad_addr_ch0[6]} -LOC N2 -IOSTANDARD SSTL15_I -VCCIO 1.5 -BUS_KEEPER UNUSED -DRIVE 7.5 -SLEW FAST successfully.
Executing : def_port {pad_addr_ch0[7]} -LOC N1 -IOSTANDARD SSTL15_I -VCCIO 1.5 -BUS_KEEPER UNUSED -DRIVE 7.5 -SLEW FAST
Executing : def_port {pad_addr_ch0[7]} -LOC N1 -IOSTANDARD SSTL15_I -VCCIO 1.5 -BUS_KEEPER UNUSED -DRIVE 7.5 -SLEW FAST successfully.
Executing : def_port {pad_addr_ch0[8]} -LOC K4 -IOSTANDARD SSTL15_I -VCCIO 1.5 -BUS_KEEPER UNUSED -DRIVE 7.5 -SLEW FAST
Executing : def_port {pad_addr_ch0[8]} -LOC K4 -IOSTANDARD SSTL15_I -VCCIO 1.5 -BUS_KEEPER UNUSED -DRIVE 7.5 -SLEW FAST successfully.
Executing : def_port {pad_addr_ch0[9]} -LOC M1 -IOSTANDARD SSTL15_I -VCCIO 1.5 -BUS_KEEPER UNUSED -DRIVE 7.5 -SLEW FAST
Executing : def_port {pad_addr_ch0[9]} -LOC M1 -IOSTANDARD SSTL15_I -VCCIO 1.5 -BUS_KEEPER UNUSED -DRIVE 7.5 -SLEW FAST successfully.
Executing : def_port {pad_addr_ch0[10]} -LOC M6 -IOSTANDARD SSTL15_I -VCCIO 1.5 -BUS_KEEPER UNUSED -DRIVE 7.5 -SLEW FAST
Executing : def_port {pad_addr_ch0[10]} -LOC M6 -IOSTANDARD SSTL15_I -VCCIO 1.5 -BUS_KEEPER UNUSED -DRIVE 7.5 -SLEW FAST successfully.
Executing : def_port {pad_addr_ch0[11]} -LOC L1 -IOSTANDARD SSTL15_I -VCCIO 1.5 -BUS_KEEPER UNUSED -DRIVE 7.5 -SLEW FAST
Executing : def_port {pad_addr_ch0[11]} -LOC L1 -IOSTANDARD SSTL15_I -VCCIO 1.5 -BUS_KEEPER UNUSED -DRIVE 7.5 -SLEW FAST successfully.
Executing : def_port {pad_addr_ch0[12]} -LOC K2 -IOSTANDARD SSTL15_I -VCCIO 1.5 -BUS_KEEPER UNUSED -DRIVE 7.5 -SLEW FAST
Executing : def_port {pad_addr_ch0[12]} -LOC K2 -IOSTANDARD SSTL15_I -VCCIO 1.5 -BUS_KEEPER UNUSED -DRIVE 7.5 -SLEW FAST successfully.
Executing : def_port {pad_addr_ch0[13]} -LOC K1 -IOSTANDARD SSTL15_I -VCCIO 1.5 -BUS_KEEPER UNUSED -DRIVE 7.5 -SLEW FAST
Executing : def_port {pad_addr_ch0[13]} -LOC K1 -IOSTANDARD SSTL15_I -VCCIO 1.5 -BUS_KEEPER UNUSED -DRIVE 7.5 -SLEW FAST successfully.
Executing : def_port {pad_addr_ch0[14]} -LOC J2 -IOSTANDARD SSTL15_I -VCCIO 1.5 -BUS_KEEPER UNUSED -DRIVE 7.5 -SLEW FAST
Executing : def_port {pad_addr_ch0[14]} -LOC J2 -IOSTANDARD SSTL15_I -VCCIO 1.5 -BUS_KEEPER UNUSED -DRIVE 7.5 -SLEW FAST successfully.
Executing : def_port {pad_addr_ch0[15]} -LOC J1 -IOSTANDARD SSTL15_I -VCCIO 1.5 -BUS_KEEPER UNUSED -DRIVE 7.5 -SLEW FAST
Executing : def_port {pad_addr_ch0[15]} -LOC J1 -IOSTANDARD SSTL15_I -VCCIO 1.5 -BUS_KEEPER UNUSED -DRIVE 7.5 -SLEW FAST successfully.
Executing : def_port {pad_ba_ch0[0]} -LOC U2 -IOSTANDARD SSTL15_I -VCCIO 1.5 -BUS_KEEPER UNUSED -DRIVE 7.5 -SLEW FAST
Executing : def_port {pad_ba_ch0[0]} -LOC U2 -IOSTANDARD SSTL15_I -VCCIO 1.5 -BUS_KEEPER UNUSED -DRIVE 7.5 -SLEW FAST successfully.
Executing : def_port {pad_ba_ch0[1]} -LOC U1 -IOSTANDARD SSTL15_I -VCCIO 1.5 -BUS_KEEPER UNUSED -DRIVE 7.5 -SLEW FAST
Executing : def_port {pad_ba_ch0[1]} -LOC U1 -IOSTANDARD SSTL15_I -VCCIO 1.5 -BUS_KEEPER UNUSED -DRIVE 7.5 -SLEW FAST successfully.
Executing : def_port {pad_ba_ch0[2]} -LOC T2 -IOSTANDARD SSTL15_I -VCCIO 1.5 -BUS_KEEPER UNUSED -DRIVE 7.5 -SLEW FAST
Executing : def_port {pad_ba_ch0[2]} -LOC T2 -IOSTANDARD SSTL15_I -VCCIO 1.5 -BUS_KEEPER UNUSED -DRIVE 7.5 -SLEW FAST successfully.
Executing : def_port pad_casn_ch0 -LOC T1 -IOSTANDARD SSTL15_I -VCCIO 1.5 -BUS_KEEPER UNUSED -DRIVE 7.5 -SLEW FAST
Executing : def_port pad_casn_ch0 -LOC T1 -IOSTANDARD SSTL15_I -VCCIO 1.5 -BUS_KEEPER UNUSED -DRIVE 7.5 -SLEW FAST successfully.
Executing : def_port pad_cke_ch0 -LOC L4 -IOSTANDARD SSTL15_I -VCCIO 1.5 -BUS_KEEPER UNUSED -DRIVE 7.5 -SLEW FAST
Executing : def_port pad_cke_ch0 -LOC L4 -IOSTANDARD SSTL15_I -VCCIO 1.5 -BUS_KEEPER UNUSED -DRIVE 7.5 -SLEW FAST successfully.
Executing : def_port pad_csn_ch0 -LOC R1 -IOSTANDARD SSTL15_I -VCCIO 1.5 -BUS_KEEPER UNUSED -DRIVE 7.5 -SLEW FAST
Executing : def_port pad_csn_ch0 -LOC R1 -IOSTANDARD SSTL15_I -VCCIO 1.5 -BUS_KEEPER UNUSED -DRIVE 7.5 -SLEW FAST successfully.
Executing : def_port pad_ddr_clk_w -LOC U3 -IOSTANDARD SSTL15D_I -VCCIO 1.5 -BUS_KEEPER UNUSED -DRIVE 7.5 -SLEW FAST
Executing : def_port pad_ddr_clk_w -LOC U3 -IOSTANDARD SSTL15D_I -VCCIO 1.5 -BUS_KEEPER UNUSED -DRIVE 7.5 -SLEW FAST successfully.
Executing : def_port pad_ddr_clkn_w -LOC V3 -IOSTANDARD SSTL15D_I -VCCIO 1.5 -BUS_KEEPER UNUSED -DRIVE 7.5 -SLEW FAST
Executing : def_port pad_ddr_clkn_w -LOC V3 -IOSTANDARD SSTL15D_I -VCCIO 1.5 -BUS_KEEPER UNUSED -DRIVE 7.5 -SLEW FAST successfully.
Executing : def_port {pad_dm_rdqs_ch0[0]} -LOC R8 -IOSTANDARD SSTL15_I -VCCIO 1.5 -BUS_KEEPER UNUSED -DRIVE 7.5 -SLEW FAST
Executing : def_port {pad_dm_rdqs_ch0[0]} -LOC R8 -IOSTANDARD SSTL15_I -VCCIO 1.5 -BUS_KEEPER UNUSED -DRIVE 7.5 -SLEW FAST successfully.
Executing : def_port {pad_dm_rdqs_ch0[1]} -LOC U5 -IOSTANDARD SSTL15_I -VCCIO 1.5 -BUS_KEEPER UNUSED -DRIVE 7.5 -SLEW FAST
Executing : def_port {pad_dm_rdqs_ch0[1]} -LOC U5 -IOSTANDARD SSTL15_I -VCCIO 1.5 -BUS_KEEPER UNUSED -DRIVE 7.5 -SLEW FAST successfully.
Executing : def_port pad_loop_out -LOC P8 -IOSTANDARD SSTL15_I -VCCIO 1.5 -BUS_KEEPER UNUSED -DRIVE 7.5 -SLEW FAST
Executing : def_port pad_loop_out -LOC P8 -IOSTANDARD SSTL15_I -VCCIO 1.5 -BUS_KEEPER UNUSED -DRIVE 7.5 -SLEW FAST successfully.
Executing : def_port pad_loop_out_h -LOC U4 -IOSTANDARD SSTL15_I -VCCIO 1.5 -BUS_KEEPER UNUSED -DRIVE 7.5 -SLEW FAST
Executing : def_port pad_loop_out_h -LOC U4 -IOSTANDARD SSTL15_I -VCCIO 1.5 -BUS_KEEPER UNUSED -DRIVE 7.5 -SLEW FAST successfully.
Executing : def_port pad_odt_ch0 -LOC V2 -IOSTANDARD SSTL15_I -VCCIO 1.5 -BUS_KEEPER UNUSED -DRIVE 7.5 -SLEW FAST
Executing : def_port pad_odt_ch0 -LOC V2 -IOSTANDARD SSTL15_I -VCCIO 1.5 -BUS_KEEPER UNUSED -DRIVE 7.5 -SLEW FAST successfully.
Executing : def_port pad_rasn_ch0 -LOC R2 -IOSTANDARD SSTL15_I -VCCIO 1.5 -BUS_KEEPER UNUSED -DRIVE 7.5 -SLEW FAST
Executing : def_port pad_rasn_ch0 -LOC R2 -IOSTANDARD SSTL15_I -VCCIO 1.5 -BUS_KEEPER UNUSED -DRIVE 7.5 -SLEW FAST successfully.
Executing : def_port pad_rstn_ch0 -LOC M2 -IOSTANDARD SSTL15_I -VCCIO 1.5 -BUS_KEEPER UNUSED -DRIVE 7.5 -SLEW FAST
Executing : def_port pad_rstn_ch0 -LOC M2 -IOSTANDARD SSTL15_I -VCCIO 1.5 -BUS_KEEPER UNUSED -DRIVE 7.5 -SLEW FAST successfully.
Executing : def_port pad_wen_ch0 -LOC V1 -IOSTANDARD SSTL15_I -VCCIO 1.5 -BUS_KEEPER UNUSED -DRIVE 7.5 -SLEW FAST
Executing : def_port pad_wen_ch0 -LOC V1 -IOSTANDARD SSTL15_I -VCCIO 1.5 -BUS_KEEPER UNUSED -DRIVE 7.5 -SLEW FAST successfully.
Executing : def_port tmds_clk_n -LOC A16 -IOSTANDARD LVTTL33 -VCCIO 3.3 -BUS_KEEPER NONE -DRIVE 12 -SLEW FAST -OPEN_DRAIN OFF
Executing : def_port tmds_clk_n -LOC A16 -IOSTANDARD LVTTL33 -VCCIO 3.3 -BUS_KEEPER NONE -DRIVE 12 -SLEW FAST -OPEN_DRAIN OFF successfully.
Executing : def_port tmds_clk_p -LOC B16 -IOSTANDARD LVTTL33 -VCCIO 3.3 -BUS_KEEPER NONE -DRIVE 12 -SLEW FAST -OPEN_DRAIN OFF
Executing : def_port tmds_clk_p -LOC B16 -IOSTANDARD LVTTL33 -VCCIO 3.3 -BUS_KEEPER NONE -DRIVE 12 -SLEW FAST -OPEN_DRAIN OFF successfully.
Executing : def_port {tmds_data_n[0]} -LOC A14 -IOSTANDARD LVTTL33 -VCCIO 3.3 -BUS_KEEPER NONE -DRIVE 12 -SLEW FAST -OPEN_DRAIN OFF
Executing : def_port {tmds_data_n[0]} -LOC A14 -IOSTANDARD LVTTL33 -VCCIO 3.3 -BUS_KEEPER NONE -DRIVE 12 -SLEW FAST -OPEN_DRAIN OFF successfully.
Executing : def_port {tmds_data_n[1]} -LOC A11 -IOSTANDARD LVTTL33 -VCCIO 3.3 -BUS_KEEPER NONE -DRIVE 12 -SLEW FAST -OPEN_DRAIN OFF
Executing : def_port {tmds_data_n[1]} -LOC A11 -IOSTANDARD LVTTL33 -VCCIO 3.3 -BUS_KEEPER NONE -DRIVE 12 -SLEW FAST -OPEN_DRAIN OFF successfully.
Executing : def_port {tmds_data_n[2]} -LOC A10 -IOSTANDARD LVTTL33 -VCCIO 3.3 -BUS_KEEPER NONE -DRIVE 12 -SLEW FAST -OPEN_DRAIN OFF
Executing : def_port {tmds_data_n[2]} -LOC A10 -IOSTANDARD LVTTL33 -VCCIO 3.3 -BUS_KEEPER NONE -DRIVE 12 -SLEW FAST -OPEN_DRAIN OFF successfully.
Executing : def_port {tmds_data_p[0]} -LOC B14 -IOSTANDARD LVTTL33 -VCCIO 3.3 -BUS_KEEPER NONE -DRIVE 12 -SLEW FAST -OPEN_DRAIN OFF
Executing : def_port {tmds_data_p[0]} -LOC B14 -IOSTANDARD LVTTL33 -VCCIO 3.3 -BUS_KEEPER NONE -DRIVE 12 -SLEW FAST -OPEN_DRAIN OFF successfully.
Executing : def_port {tmds_data_p[1]} -LOC B11 -IOSTANDARD LVTTL33 -VCCIO 3.3 -BUS_KEEPER NONE -DRIVE 12 -SLEW FAST -OPEN_DRAIN OFF
Executing : def_port {tmds_data_p[1]} -LOC B11 -IOSTANDARD LVTTL33 -VCCIO 3.3 -BUS_KEEPER NONE -DRIVE 12 -SLEW FAST -OPEN_DRAIN OFF successfully.
Executing : def_port {tmds_data_p[2]} -LOC B10 -IOSTANDARD LVTTL33 -VCCIO 3.3 -BUS_KEEPER NONE -DRIVE 12 -SLEW FAST -OPEN_DRAIN OFF
Executing : def_port {tmds_data_p[2]} -LOC B10 -IOSTANDARD LVTTL33 -VCCIO 3.3 -BUS_KEEPER NONE -DRIVE 12 -SLEW FAST -OPEN_DRAIN OFF successfully.
Executing : def_port uart_tx -LOC C10 -IOSTANDARD LVCMOS33 -VCCIO 3.3 -BUS_KEEPER PULLUP -DRIVE 4 -SLEW SLOW -OPEN_DRAIN OFF
Executing : def_port uart_tx -LOC C10 -IOSTANDARD LVCMOS33 -VCCIO 3.3 -BUS_KEEPER PULLUP -DRIVE 4 -SLEW SLOW -OPEN_DRAIN OFF successfully.
Executing : def_port {cmos_db[0]} -LOC E18 -IOSTANDARD LVCMOS33 -VCCIO 3.3 -HYS_DRIVE_MODE NOHYS -BUS_KEEPER PULLUP
C: ConstraintEditor-2002: [E:/PDS/PGL22G/CD_20210223/CD_20210223/demo/zhenjiuzhe_ddr3_ov5640_hdmi - 5 - 2-1 - 1/device_map/top.pcf(line number: 67)] | Port cmos_db[0] has been placed at location E18, whose type is share pin.
Executing : def_port {cmos_db[0]} -LOC E18 -IOSTANDARD LVCMOS33 -VCCIO 3.3 -HYS_DRIVE_MODE NOHYS -BUS_KEEPER PULLUP successfully.
Executing : def_port {cmos_db[1]} -LOC D18 -IOSTANDARD LVCMOS33 -VCCIO 3.3 -HYS_DRIVE_MODE NOHYS -BUS_KEEPER PULLUP
C: ConstraintEditor-2002: [E:/PDS/PGL22G/CD_20210223/CD_20210223/demo/zhenjiuzhe_ddr3_ov5640_hdmi - 5 - 2-1 - 1/device_map/top.pcf(line number: 68)] | Port cmos_db[1] has been placed at location D18, whose type is share pin.
Executing : def_port {cmos_db[1]} -LOC D18 -IOSTANDARD LVCMOS33 -VCCIO 3.3 -HYS_DRIVE_MODE NOHYS -BUS_KEEPER PULLUP successfully.
Executing : def_port {cmos_db[2]} -LOC F14 -IOSTANDARD LVCMOS33 -VCCIO 3.3 -HYS_DRIVE_MODE NOHYS -BUS_KEEPER PULLUP
C: ConstraintEditor-2002: [E:/PDS/PGL22G/CD_20210223/CD_20210223/demo/zhenjiuzhe_ddr3_ov5640_hdmi - 5 - 2-1 - 1/device_map/top.pcf(line number: 69)] | Port cmos_db[2] has been placed at location F14, whose type is share pin.
Executing : def_port {cmos_db[2]} -LOC F14 -IOSTANDARD LVCMOS33 -VCCIO 3.3 -HYS_DRIVE_MODE NOHYS -BUS_KEEPER PULLUP successfully.
Executing : def_port {cmos_db[3]} -LOC F13 -IOSTANDARD LVCMOS33 -VCCIO 3.3 -HYS_DRIVE_MODE NOHYS -BUS_KEEPER PULLUP
Executing : def_port {cmos_db[3]} -LOC F13 -IOSTANDARD LVCMOS33 -VCCIO 3.3 -HYS_DRIVE_MODE NOHYS -BUS_KEEPER PULLUP successfully.
Executing : def_port {cmos_db[4]} -LOC E17 -IOSTANDARD LVCMOS33 -VCCIO 3.3 -HYS_DRIVE_MODE NOHYS -BUS_KEEPER PULLUP
C: ConstraintEditor-2002: [E:/PDS/PGL22G/CD_20210223/CD_20210223/demo/zhenjiuzhe_ddr3_ov5640_hdmi - 5 - 2-1 - 1/device_map/top.pcf(line number: 71)] | Port cmos_db[4] has been placed at location E17, whose type is share pin.
Executing : def_port {cmos_db[4]} -LOC E17 -IOSTANDARD LVCMOS33 -VCCIO 3.3 -HYS_DRIVE_MODE NOHYS -BUS_KEEPER PULLUP successfully.
Executing : def_port {cmos_db[5]} -LOC D17 -IOSTANDARD LVCMOS33 -VCCIO 3.3 -HYS_DRIVE_MODE NOHYS -BUS_KEEPER PULLUP
C: ConstraintEditor-2002: [E:/PDS/PGL22G/CD_20210223/CD_20210223/demo/zhenjiuzhe_ddr3_ov5640_hdmi - 5 - 2-1 - 1/device_map/top.pcf(line number: 72)] | Port cmos_db[5] has been placed at location D17, whose type is share pin.
Executing : def_port {cmos_db[5]} -LOC D17 -IOSTANDARD LVCMOS33 -VCCIO 3.3 -HYS_DRIVE_MODE NOHYS -BUS_KEEPER PULLUP successfully.
Executing : def_port {cmos_db[6]} -LOC G14 -IOSTANDARD LVCMOS33 -VCCIO 3.3 -HYS_DRIVE_MODE NOHYS -BUS_KEEPER PULLUP
C: ConstraintEditor-2002: [E:/PDS/PGL22G/CD_20210223/CD_20210223/demo/zhenjiuzhe_ddr3_ov5640_hdmi - 5 - 2-1 - 1/device_map/top.pcf(line number: 73)] | Port cmos_db[6] has been placed at location G14, whose type is share pin.
Executing : def_port {cmos_db[6]} -LOC G14 -IOSTANDARD LVCMOS33 -VCCIO 3.3 -HYS_DRIVE_MODE NOHYS -BUS_KEEPER PULLUP successfully.
Executing : def_port {cmos_db[7]} -LOC G13 -IOSTANDARD LVCMOS33 -VCCIO 3.3 -HYS_DRIVE_MODE NOHYS -BUS_KEEPER PULLUP
C: ConstraintEditor-2002: [E:/PDS/PGL22G/CD_20210223/CD_20210223/demo/zhenjiuzhe_ddr3_ov5640_hdmi - 5 - 2-1 - 1/device_map/top.pcf(line number: 74)] | Port cmos_db[7] has been placed at location G13, whose type is share pin.
Executing : def_port {cmos_db[7]} -LOC G13 -IOSTANDARD LVCMOS33 -VCCIO 3.3 -HYS_DRIVE_MODE NOHYS -BUS_KEEPER PULLUP successfully.
Executing : def_port cmos_href -LOC H14 -IOSTANDARD LVCMOS33 -VCCIO 3.3 -HYS_DRIVE_MODE NOHYS -BUS_KEEPER PULLUP
C: ConstraintEditor-2002: [E:/PDS/PGL22G/CD_20210223/CD_20210223/demo/zhenjiuzhe_ddr3_ov5640_hdmi - 5 - 2-1 - 1/device_map/top.pcf(line number: 75)] | Port cmos_href has been placed at location H14, whose type is share pin.
Executing : def_port cmos_href -LOC H14 -IOSTANDARD LVCMOS33 -VCCIO 3.3 -HYS_DRIVE_MODE NOHYS -BUS_KEEPER PULLUP successfully.
Executing : def_port cmos_pclk -LOC J17 -IOSTANDARD LVCMOS33 -VCCIO 3.3 -HYS_DRIVE_MODE NOHYS -BUS_KEEPER PULLUP
Executing : def_port cmos_pclk -LOC J17 -IOSTANDARD LVCMOS33 -VCCIO 3.3 -HYS_DRIVE_MODE NOHYS -BUS_KEEPER PULLUP successfully.
Executing : def_port cmos_vsync -LOC J18 -IOSTANDARD LVCMOS33 -VCCIO 3.3 -HYS_DRIVE_MODE NOHYS -BUS_KEEPER PULLUP
Executing : def_port cmos_vsync -LOC J18 -IOSTANDARD LVCMOS33 -VCCIO 3.3 -HYS_DRIVE_MODE NOHYS -BUS_KEEPER PULLUP successfully.
Executing : def_port pad_loop_in -LOC P7 -IOSTANDARD SSTL15_I -VCCIO 1.5 -BUS_KEEPER UNUSED -VREF_MODE IN -VREF_MODE_VALUE 0.5 -DDR_TERM_MODE ON
Executing : def_port pad_loop_in -LOC P7 -IOSTANDARD SSTL15_I -VCCIO 1.5 -BUS_KEEPER UNUSED -VREF_MODE IN -VREF_MODE_VALUE 0.5 -DDR_TERM_MODE ON successfully.
Executing : def_port pad_loop_in_h -LOC V4 -IOSTANDARD SSTL15_I -VCCIO 1.5 -BUS_KEEPER UNUSED -VREF_MODE IN -VREF_MODE_VALUE 0.5 -DDR_TERM_MODE ON
Executing : def_port pad_loop_in_h -LOC V4 -IOSTANDARD SSTL15_I -VCCIO 1.5 -BUS_KEEPER UNUSED -VREF_MODE IN -VREF_MODE_VALUE 0.5 -DDR_TERM_MODE ON successfully.
Executing : def_port rst_n -LOC U12 -IOSTANDARD LVCMOS33 -VCCIO 3.3 -HYS_DRIVE_MODE NOHYS -BUS_KEEPER PULLUP
Executing : def_port rst_n -LOC U12 -IOSTANDARD LVCMOS33 -VCCIO 3.3 -HYS_DRIVE_MODE NOHYS -BUS_KEEPER PULLUP successfully.
Executing : def_port sys_clk -LOC B5 -IOSTANDARD LVCMOS33 -VCCIO 3.3 -HYS_DRIVE_MODE NOHYS -BUS_KEEPER PULLUP
Executing : def_port sys_clk -LOC B5 -IOSTANDARD LVCMOS33 -VCCIO 3.3 -HYS_DRIVE_MODE NOHYS -BUS_KEEPER PULLUP successfully.
Executing : def_inst_site u_ipsl_hmic_h_top/u_pll_50_400/u_pll_e1/goppll PLL_82_71
Executing : def_inst_site u_ipsl_hmic_h_top/u_pll_50_400/u_pll_e1/goppll PLL_82_71 successfully.
W: ConstraintEditor-4019: Port 'ddr_init_done' unspecified I/O constraint.
W: ConstraintEditor-4019: Port 'ddrphy_rst_done' unspecified I/O constraint.
W: ConstraintEditor-4019: Port 'pll_lock' unspecified I/O constraint.
Executing : apply_constraint -f {E:/PDS/PGL22G/CD_20210223/CD_20210223/demo/zhenjiuzhe_ddr3_ov5640_hdmi - 5 - 2-1 - 1/device_map/top.pcf} successfully.

Placement started.
Mapping instance u_ipsl_hmic_h_top/u_ipsl_hmic_h_phy_top/u_phy_io_v1_1/u_gtp_ddrphy/gateop_DDRC to HMEMC_16_1.
Mapping instance u_ipsl_hmic_h_top/u_ipsl_hmic_h_phy_top/u_phy_io_v1_1/dqs2_dut/opit_0 to DQSL_6_96.
Mapping instance u_ipsl_hmic_h_top/u_ipsl_hmic_h_phy_top/u_phy_io_v1_1/dqs0_dut/opit_0 to DQSL_6_24.
Mapping instance u_ipsl_hmic_h_top/u_ipsl_hmic_h_phy_top/u_phy_io_v1_1/dll_hmemc_dut/gopdll to DLL_7_59.
Mapping instance u_ipsl_hmic_h_top/u_ipsl_hmic_h_phy_top/u_phy_io_v1_1/dqs1_dut/opit_0 to DQSL_6_52.
Mapping instance u_ipsl_hmic_h_top/u_ipsl_hmic_h_phy_top/u_phy_io_v1_1/dqs3_dut/opit_0 to DQSL_6_148.
Mapping instance u_ipsl_hmic_h_top/u_ipsl_hmic_h_phy_top/u_phy_io_v1_1/dqs4_dut/opit_0 to DQSL_6_176.
Mapping instance u_ipsl_hmic_h_top/u_ipsl_hmic_h_phy_top/u_phy_io_v1_1/ioclkdiv_dut/gopclkdiv to IOCKDIV_6_64.
Mapping instance u_ipsl_hmic_h_top/u_ipsl_hmic_h_phy_top/u_phy_io_v1_1/ioclkbuf01_dut/gopclkgate to IOCKGATE_6_56.
Mapping instance u_ipsl_hmic_h_top/u_ipsl_hmic_h_phy_top/u_phy_io_v1_1/ioclkbuf02_dut/gopclkgate to IOCKGATE_6_181.
Mapping instance video_pll_m0/u_pll_e1/goppll to PLL_82_51.
Mapping instance cmos_xclkbufg/gopclkbufg to USCM_74_108.
Mapping instance video_clkbufg/gopclkbufg to USCM_74_109.
Mapping instance clkbufg_1/gopclkbufg to USCM_74_104.
Mapping instance sys_clkbufg/gopclkbufg to USCM_74_105.
Mapping instance clkbufg_0/gopclkbufg to USCM_74_106.
Mapping instance cmos_pclkbufg/gopclkbufg to USCM_74_107.
Pre global placement takes 3.84 sec.
Design Utilization : 69%.
Global placement takes 2.84 sec.
Wirelength after global placement is 131407.
Placed fixed instance clkbufg_0/gopclkbufg on USCM_74_106.
Placed fixed instance clkbufg_1/gopclkbufg on USCM_74_104.
Placed fixed group with base inst cmos_db_ibuf[0]/opit_1 on IOL_151_254.
Placed fixed group with base inst cmos_db_ibuf[1]/opit_1 on IOL_151_258.
Placed fixed group with base inst cmos_db_ibuf[2]/opit_1 on IOL_151_242.
Placed fixed group with base inst cmos_db_ibuf[3]/opit_1 on IOL_151_241.
Placed fixed group with base inst cmos_db_ibuf[4]/opit_1 on IOL_151_253.
Placed fixed group with base inst cmos_db_ibuf[5]/opit_1 on IOL_151_257.
Placed fixed group with base inst cmos_db_ibuf[6]/opit_1 on IOL_151_234.
Placed fixed group with base inst cmos_db_ibuf[7]/opit_1 on IOL_151_233.
Placed fixed group with base inst cmos_href_ibuf/opit_1 on IOL_151_226.
Placed fixed group with base inst cmos_pclk_ibuf/opit_1 on IOL_151_173.
Placed fixed instance cmos_pclkbufg/gopclkbufg on USCM_74_107.
Placed fixed group with base inst cmos_vsync_ibuf/opit_1 on IOL_151_174.
Placed fixed group with base inst cmos_xclk_obuf/opit_1 on IOL_151_225.
Placed fixed instance cmos_xclkbufg/gopclkbufg on USCM_74_108.
Placed fixed group with base inst i2c_config_m0.i2c_scl_tri/opit_1 on IOL_151_209.
Placed fixed group with base inst i2c_config_m0.i2c_sda_tri/opit_1 on IOL_151_210.
Placed fixed group with base inst rst_n_ibuf/opit_1 on IOL_151_106.
Placed fixed group with base inst sys_clk_ibuf/opit_1 on IOL_7_298.
Placed fixed instance sys_clkbufg/gopclkbufg on USCM_74_105.
Placed fixed group with base inst tmds_clk_n/opit_1 on IOL_151_297.
Placed fixed group with base inst tmds_clk_p/opit_1 on IOL_151_298.
Placed fixed group with base inst tmds_data_n[0]/opit_1 on IOL_151_321.
Placed fixed group with base inst tmds_data_n[1]/opit_1 on IOL_151_337.
Placed fixed group with base inst tmds_data_n[2]/opit_1 on IOL_151_349.
Placed fixed group with base inst tmds_data_p[0]/opit_1 on IOL_151_322.
Placed fixed group with base inst tmds_data_p[1]/opit_1 on IOL_151_338.
Placed fixed group with base inst tmds_data_p[2]/opit_1 on IOL_151_350.
Placed fixed instance u_ipsl_hmic_h_top/u_ipsl_hmic_h_phy_top/u_phy_io_v1_1/dll_hmemc_dut/gopdll on DLL_7_59.
Placed fixed instance u_ipsl_hmic_h_top/u_ipsl_hmic_h_phy_top/u_phy_io_v1_1/dqs0_dut/opit_0 on DQSL_6_24.
Placed fixed instance u_ipsl_hmic_h_top/u_ipsl_hmic_h_phy_top/u_phy_io_v1_1/dqs1_dut/opit_0 on DQSL_6_52.
Placed fixed instance u_ipsl_hmic_h_top/u_ipsl_hmic_h_phy_top/u_phy_io_v1_1/dqs2_dut/opit_0 on DQSL_6_96.
Placed fixed instance u_ipsl_hmic_h_top/u_ipsl_hmic_h_phy_top/u_phy_io_v1_1/dqs3_dut/opit_0 on DQSL_6_148.
Placed fixed instance u_ipsl_hmic_h_top/u_ipsl_hmic_h_phy_top/u_phy_io_v1_1/dqs4_dut/opit_0 on DQSL_6_176.
Placed fixed group with base inst u_ipsl_hmic_h_top/u_ipsl_hmic_h_phy_top/u_phy_io_v1_1/genblk2.iob_08_09_dut/opit_2_O on IOL_7_22.
Placed fixed group with base inst u_ipsl_hmic_h_top/u_ipsl_hmic_h_phy_top/u_phy_io_v1_1/genblk3.iob_30_31_dut/opit_2_O on IOL_7_102.
Placed fixed group with base inst u_ipsl_hmic_h_top/u_ipsl_hmic_h_phy_top/u_phy_io_v1_1/iob_00_dut/opit_0_iol on IOL_7_5.
Placed fixed group with base inst u_ipsl_hmic_h_top/u_ipsl_hmic_h_phy_top/u_phy_io_v1_1/iob_01_dut/opit_1 on IOL_7_6.
Placed fixed group with base inst u_ipsl_hmic_h_top/u_ipsl_hmic_h_phy_top/u_phy_io_v1_1/iob_02_dut/opit_1_IOL on IOL_7_9.
Placed fixed group with base inst u_ipsl_hmic_h_top/u_ipsl_hmic_h_phy_top/u_phy_io_v1_1/iob_16_17_dut/opit_3_IOL on IOL_7_46.
Placed fixed group with base inst u_ipsl_hmic_h_top/u_ipsl_hmic_h_phy_top/u_phy_io_v1_1/iob_18_dut/opit_1_IOL on IOL_7_49.
Placed fixed group with base inst u_ipsl_hmic_h_top/u_ipsl_hmic_h_phy_top/u_phy_io_v1_1/iob_19_dut/opit_1_IOL on IOL_7_50.
Placed fixed group with base inst u_ipsl_hmic_h_top/u_ipsl_hmic_h_phy_top/u_phy_io_v1_1/iob_20_dut/opit_1_IOL on IOL_7_73.
Placed fixed group with base inst u_ipsl_hmic_h_top/u_ipsl_hmic_h_phy_top/u_phy_io_v1_1/iob_21_dut/opit_1_IOL on IOL_7_74.
Placed fixed group with base inst u_ipsl_hmic_h_top/u_ipsl_hmic_h_phy_top/u_phy_io_v1_1/iob_22_dut/opit_1_IOL on IOL_7_77.
Placed fixed group with base inst u_ipsl_hmic_h_top/u_ipsl_hmic_h_phy_top/u_phy_io_v1_1/iob_23_dut/opit_1_IOL on IOL_7_78.
Placed fixed group with base inst u_ipsl_hmic_h_top/u_ipsl_hmic_h_phy_top/u_phy_io_v1_1/iob_24_dut/opit_1_IOL on IOL_7_81.
Placed fixed group with base inst u_ipsl_hmic_h_top/u_ipsl_hmic_h_phy_top/u_phy_io_v1_1/iob_25_dut/opit_1_IOL on IOL_7_82.
Placed fixed group with base inst u_ipsl_hmic_h_top/u_ipsl_hmic_h_phy_top/u_phy_io_v1_1/iob_37_dut/opit_1_IOL on IOL_7_114.
Placed fixed group with base inst u_ipsl_hmic_h_top/u_ipsl_hmic_h_phy_top/u_phy_io_v1_1/iob_38_dut/opit_0_iol on IOL_7_117.
Placed fixed group with base inst u_ipsl_hmic_h_top/u_ipsl_hmic_h_phy_top/u_phy_io_v1_1/iob_39_dut/opit_1 on IOL_7_118.
Placed fixed group with base inst u_ipsl_hmic_h_top/u_ipsl_hmic_h_phy_top/u_phy_io_v1_1/iob_40_dut/opit_1_IOL on IOL_7_129.
Placed fixed group with base inst u_ipsl_hmic_h_top/u_ipsl_hmic_h_phy_top/u_phy_io_v1_1/iob_41_dut/opit_1_IOL on IOL_7_130.
Placed fixed group with base inst u_ipsl_hmic_h_top/u_ipsl_hmic_h_phy_top/u_phy_io_v1_1/iob_42_dut/opit_1_IOL on IOL_7_133.
Placed fixed group with base inst u_ipsl_hmic_h_top/u_ipsl_hmic_h_phy_top/u_phy_io_v1_1/iob_43_dut/opit_1_IOL on IOL_7_134.
Placed fixed group with base inst u_ipsl_hmic_h_top/u_ipsl_hmic_h_phy_top/u_phy_io_v1_1/iob_44_dut/opit_1_IOL on IOL_7_137.
Placed fixed group with base inst u_ipsl_hmic_h_top/u_ipsl_hmic_h_phy_top/u_phy_io_v1_1/iob_45_dut/opit_1_IOL on IOL_7_138.
Placed fixed group with base inst u_ipsl_hmic_h_top/u_ipsl_hmic_h_phy_top/u_phy_io_v1_1/iob_46_dut/opit_1_IOL on IOL_7_141.
Placed fixed group with base inst u_ipsl_hmic_h_top/u_ipsl_hmic_h_phy_top/u_phy_io_v1_1/iob_47_dut/opit_1_IOL on IOL_7_142.
Placed fixed group with base inst u_ipsl_hmic_h_top/u_ipsl_hmic_h_phy_top/u_phy_io_v1_1/iob_48_dut/opit_1_IOL on IOL_7_145.
Placed fixed group with base inst u_ipsl_hmic_h_top/u_ipsl_hmic_h_phy_top/u_phy_io_v1_1/iob_49_dut/opit_1_IOL on IOL_7_146.
Placed fixed group with base inst u_ipsl_hmic_h_top/u_ipsl_hmic_h_phy_top/u_phy_io_v1_1/iob_50_dut/opit_1 on IOL_7_157.
Placed fixed group with base inst u_ipsl_hmic_h_top/u_ipsl_hmic_h_phy_top/u_phy_io_v1_1/iob_51_dut/opit_1_IOL on IOL_7_158.
Placed fixed group with base inst u_ipsl_hmic_h_top/u_ipsl_hmic_h_phy_top/u_phy_io_v1_1/iob_52_dut/opit_1_IOL on IOL_7_161.
Placed fixed group with base inst u_ipsl_hmic_h_top/u_ipsl_hmic_h_phy_top/u_phy_io_v1_1/iob_55_dut/opit_1_IOL on IOL_7_166.
Placed fixed group with base inst u_ipsl_hmic_h_top/u_ipsl_hmic_h_phy_top/u_phy_io_v1_1/iob_56_dut/opit_1_IOL on IOL_7_169.
Placed fixed group with base inst u_ipsl_hmic_h_top/u_ipsl_hmic_h_phy_top/u_phy_io_v1_1/iob_57_dut/opit_1_IOL on IOL_7_170.
Placed fixed group with base inst u_ipsl_hmic_h_top/u_ipsl_hmic_h_phy_top/u_phy_io_v1_1/iob_58_dut/opit_1_IOL on IOL_7_173.
Placed fixed group with base inst u_ipsl_hmic_h_top/u_ipsl_hmic_h_phy_top/u_phy_io_v1_1/iob_59_dut/opit_1_IOL on IOL_7_174.
Placed fixed instance u_ipsl_hmic_h_top/u_ipsl_hmic_h_phy_top/u_phy_io_v1_1/ioclkbuf01_dut/gopclkgate on IOCKGATE_6_56.
Placed fixed instance u_ipsl_hmic_h_top/u_ipsl_hmic_h_phy_top/u_phy_io_v1_1/ioclkbuf02_dut/gopclkgate on IOCKGATE_6_181.
Placed fixed instance u_ipsl_hmic_h_top/u_ipsl_hmic_h_phy_top/u_phy_io_v1_1/ioclkdiv_dut/gopclkdiv on IOCKDIV_6_64.
Placed fixed group with base inst u_ipsl_hmic_h_top/u_ipsl_hmic_h_phy_top/u_phy_io_v1_1/iol_iddr3_dut/gateop_inv_IO on IOL_7_10.
Placed fixed group with base inst u_ipsl_hmic_h_top/u_ipsl_hmic_h_phy_top/u_phy_io_v1_1/iol_iddr4_dut/gateop_inv_IO on IOL_7_13.
Placed fixed group with base inst u_ipsl_hmic_h_top/u_ipsl_hmic_h_phy_top/u_phy_io_v1_1/iol_iddr5_dut/gateop_inv_IO on IOL_7_14.
Placed fixed group with base inst u_ipsl_hmic_h_top/u_ipsl_hmic_h_phy_top/u_phy_io_v1_1/iol_iddr6_dut/gateop_inv_IO on IOL_7_17.
Placed fixed group with base inst u_ipsl_hmic_h_top/u_ipsl_hmic_h_phy_top/u_phy_io_v1_1/iol_iddr7_dut/gateop_inv_IO on IOL_7_18.
Placed fixed group with base inst u_ipsl_hmic_h_top/u_ipsl_hmic_h_phy_top/u_phy_io_v1_1/iol_iddr10_dut/gateop_inv_IO on IOL_7_33.
Placed fixed group with base inst u_ipsl_hmic_h_top/u_ipsl_hmic_h_phy_top/u_phy_io_v1_1/iol_iddr11_dut/gateop_inv_IO on IOL_7_34.
Placed fixed group with base inst u_ipsl_hmic_h_top/u_ipsl_hmic_h_phy_top/u_phy_io_v1_1/iol_iddr12_dut/gateop_inv_IO on IOL_7_37.
Placed fixed group with base inst u_ipsl_hmic_h_top/u_ipsl_hmic_h_phy_top/u_phy_io_v1_1/iol_iddr27_dut/gateop_inv_IO on IOL_7_86.
Placed fixed group with base inst u_ipsl_hmic_h_top/u_ipsl_hmic_h_phy_top/u_phy_io_v1_1/iol_iddr28_dut/gateop_inv_IO on IOL_7_89.
Placed fixed group with base inst u_ipsl_hmic_h_top/u_ipsl_hmic_h_phy_top/u_phy_io_v1_1/iol_iddr29_dut/gateop_inv_IO on IOL_7_90.
Placed fixed group with base inst u_ipsl_hmic_h_top/u_ipsl_hmic_h_phy_top/u_phy_io_v1_1/iol_iddr32_dut/gateop_inv_IO on IOL_7_105.
Placed fixed group with base inst u_ipsl_hmic_h_top/u_ipsl_hmic_h_phy_top/u_phy_io_v1_1/iol_iddr33_dut/gateop_inv_IO on IOL_7_106.
Placed fixed group with base inst u_ipsl_hmic_h_top/u_ipsl_hmic_h_phy_top/u_phy_io_v1_1/iol_iddr34_dut/gateop_inv_IO on IOL_7_109.
Placed fixed group with base inst u_ipsl_hmic_h_top/u_ipsl_hmic_h_phy_top/u_phy_io_v1_1/iol_iddr35_dut/gateop_inv_IO on IOL_7_110.
Placed fixed group with base inst u_ipsl_hmic_h_top/u_ipsl_hmic_h_phy_top/u_phy_io_v1_1/iol_iddr36_dut/gateop_inv_IO on IOL_7_113.
Placed fixed instance u_ipsl_hmic_h_top/u_ipsl_hmic_h_phy_top/u_phy_io_v1_1/u_gtp_ddrphy/gateop_DDRC on HMEMC_16_1.
Placed fixed instance u_ipsl_hmic_h_top/u_pll_50_400/u_pll_e1/goppll on PLL_82_71.
Placed fixed group with base inst uart_tx_obuf/opit_1 on IOL_151_361.
Placed fixed instance video_clkbufg/gopclkbufg on USCM_74_109.
Placed fixed instance video_pll_m0/u_pll_e1/goppll on PLL_82_51.
Placed fixed instance BKCL_auto_0 on BKCL_2_268.
Placed fixed instance BKCL_auto_1 on BKCL_2_144.
Placed fixed instance BKCL_auto_2 on BKCL_2_20.
Placed fixed instance BKCL_auto_3 on BKCL_154_268.
Placed fixed instance BKCL_auto_4 on BKCL_154_144.
Placed fixed instance BKCL_auto_5 on BKCL_154_20.
Placed instance u_ipsl_hmic_h_top/u_ipsl_hmic_h_phy_top/u_phy_io_v1_1/dll_hmemc_dut/gopdll(gopDLL) on DLL_7_59, and placed u_ipsl_hmic_h_top/u_ipsl_hmic_h_phy_top/u_phy_io_v1_1/dqs0_dut/opit_0(gopDQS_DDC) on DQSL_6_24.
Placed instance u_ipsl_hmic_h_top/u_ipsl_hmic_h_phy_top/u_phy_io_v1_1/dll_hmemc_dut/gopdll(gopDLL) on DLL_7_59, and placed u_ipsl_hmic_h_top/u_ipsl_hmic_h_phy_top/u_phy_io_v1_1/dqs1_dut/opit_0(gopDQS_DDC) on DQSL_6_52.
Placed instance u_ipsl_hmic_h_top/u_ipsl_hmic_h_phy_top/u_phy_io_v1_1/dll_hmemc_dut/gopdll(gopDLL) on DLL_7_59, and placed u_ipsl_hmic_h_top/u_ipsl_hmic_h_phy_top/u_phy_io_v1_1/dqs2_dut/opit_0(gopDQS_DDC) on DQSL_6_96.
Placed instance u_ipsl_hmic_h_top/u_ipsl_hmic_h_phy_top/u_phy_io_v1_1/dll_hmemc_dut/gopdll(gopDLL) on DLL_7_59, and placed u_ipsl_hmic_h_top/u_ipsl_hmic_h_phy_top/u_phy_io_v1_1/dqs3_dut/opit_0(gopDQS_DDC) on DQSL_6_148.
Placed instance u_ipsl_hmic_h_top/u_ipsl_hmic_h_phy_top/u_phy_io_v1_1/dll_hmemc_dut/gopdll(gopDLL) on DLL_7_59, and placed u_ipsl_hmic_h_top/u_ipsl_hmic_h_phy_top/u_phy_io_v1_1/dqs4_dut/opit_0(gopDQS_DDC) on DQSL_6_176.
Forbidden IOL_7_38.
Forbidden IOL_7_41.
Forbidden IOL_7_42.
Forbidden IOL_7_85.
Forbidden IOL_7_162.
Forbidden IOL_7_165.
Wirelength after Macro cell placement is 158864.
Macro cell placement takes 0.20 sec.
Design Utilization : 69%.
Wirelength after post global placement is 151927.
Post global placement takes 4.11 sec.
Wirelength after legalization is 158446.
Legalization takes 2.05 sec.
Placement done.
Total placement takes 13.77 sec.
Finished placement. (CPU time elapsed 0h:00m:14s)

Routing started.
Building routing graph takes 2.56 sec.
Worst slack is -70778.
Processing design graph takes 0.72 sec.
Total memory for routing:
	55.163097 M.
Total nets for routing : 17140.
Rcf routing step 1 processed 0 nets, it takes 0.00 sec.
Rcf routing step 2 processed 0 nets, it takes 0.00 sec.
Rcf routing step 3 processed 0 nets, it takes 0.00 sec.
Global Routing step 1 processed 0 nets, it takes 0.02 sec.
Global Routing step 2 processed 0 nets, it takes 0.03 sec.
Unrouted nets 390 at the end of iteration 0.
Unrouted nets 281 at the end of iteration 1.
Unrouted nets 192 at the end of iteration 2.
Unrouted nets 139 at the end of iteration 3.
Unrouted nets 94 at the end of iteration 4.
Unrouted nets 83 at the end of iteration 5.
Unrouted nets 68 at the end of iteration 6.
Unrouted nets 55 at the end of iteration 7.
Unrouted nets 41 at the end of iteration 8.
Unrouted nets 30 at the end of iteration 9.
Unrouted nets 19 at the end of iteration 10.
Unrouted nets 19 at the end of iteration 11.
Unrouted nets 11 at the end of iteration 12.
Unrouted nets 2 at the end of iteration 13.
Unrouted nets 2 at the end of iteration 14.
Unrouted nets 0 at the end of iteration 15.
Global Routing step 3 processed 1011 nets, it takes 9.63 sec.
Global routing takes 9.69 sec.
Total 20324 subnets.
    forward max bucket size 1936 , backward 1146.
        Unrouted nets 13860 at the end of iteration 0.
    route iteration 0, CPU time elapsed 3.906250 sec.
    forward max bucket size 1851 , backward 2286.
        Unrouted nets 11250 at the end of iteration 1.
    route iteration 1, CPU time elapsed 3.281250 sec.
    forward max bucket size 2342 , backward 2664.
        Unrouted nets 9354 at the end of iteration 2.
    route iteration 2, CPU time elapsed 3.859375 sec.
    forward max bucket size 5121 , backward 6167.
        Unrouted nets 7813 at the end of iteration 3.
    route iteration 3, CPU time elapsed 4.125000 sec.
    forward max bucket size 2448 , backward 6629.
        Unrouted nets 6736 at the end of iteration 4.
    route iteration 4, CPU time elapsed 5.046875 sec.
    forward max bucket size 4429 , backward 5528.
        Unrouted nets 5899 at the end of iteration 5.
    route iteration 5, CPU time elapsed 6.109375 sec.
    forward max bucket size 4442 , backward 4162.
        Unrouted nets 6706 at the end of iteration 6.
    route iteration 6, CPU time elapsed 5.046875 sec.
    forward max bucket size 4004 , backward 5252.
        Unrouted nets 6670 at the end of iteration 7.
    route iteration 7, CPU time elapsed 4.937500 sec.
    forward max bucket size 4333 , backward 4241.
        Unrouted nets 6249 at the end of iteration 8.
    route iteration 8, CPU time elapsed 4.734375 sec.
    forward max bucket size 3322 , backward 4242.
        Unrouted nets 5668 at the end of iteration 9.
    route iteration 9, CPU time elapsed 4.468750 sec.
    forward max bucket size 2625 , backward 1405.
        Unrouted nets 5090 at the end of iteration 10.
    route iteration 10, CPU time elapsed 4.328125 sec.
    forward max bucket size 4083 , backward 1625.
        Unrouted nets 4451 at the end of iteration 11.
    route iteration 11, CPU time elapsed 3.859375 sec.
    forward max bucket size 3114 , backward 1743.
        Unrouted nets 3851 at the end of iteration 12.
    route iteration 12, CPU time elapsed 3.296875 sec.
    forward max bucket size 3040 , backward 1276.
        Unrouted nets 3265 at the end of iteration 13.
    route iteration 13, CPU time elapsed 2.937500 sec.
    forward max bucket size 3106 , backward 1980.
        Unrouted nets 2878 at the end of iteration 14.
    route iteration 14, CPU time elapsed 2.953125 sec.
    forward max bucket size 2968 , backward 1579.
        Unrouted nets 2506 at the end of iteration 15.
    route iteration 15, CPU time elapsed 2.593750 sec.
    forward max bucket size 4023 , backward 1282.
        Unrouted nets 2229 at the end of iteration 16.
    route iteration 16, CPU time elapsed 2.187500 sec.
    forward max bucket size 3057 , backward 1206.
        Unrouted nets 1967 at the end of iteration 17.
    route iteration 17, CPU time elapsed 2.031250 sec.
    forward max bucket size 2082 , backward 1036.
        Unrouted nets 1784 at the end of iteration 18.
    route iteration 18, CPU time elapsed 1.781250 sec.
    forward max bucket size 2444 , backward 2440.
        Unrouted nets 1609 at the end of iteration 19.
    route iteration 19, CPU time elapsed 1.718750 sec.
    forward max bucket size 3092 , backward 880.
        Unrouted nets 1504 at the end of iteration 20.
    route iteration 20, CPU time elapsed 1.484375 sec.
    forward max bucket size 2702 , backward 1018.
        Unrouted nets 1274 at the end of iteration 21.
    route iteration 21, CPU time elapsed 1.453125 sec.
    forward max bucket size 2155 , backward 738.
        Unrouted nets 1157 at the end of iteration 22.
    route iteration 22, CPU time elapsed 1.250000 sec.
    forward max bucket size 2439 , backward 794.
        Unrouted nets 1082 at the end of iteration 23.
    route iteration 23, CPU time elapsed 1.078125 sec.
    forward max bucket size 2291 , backward 920.
        Unrouted nets 978 at the end of iteration 24.
    route iteration 24, CPU time elapsed 1.171875 sec.
    forward max bucket size 2807 , backward 2628.
        Unrouted nets 903 at the end of iteration 25.
    route iteration 25, CPU time elapsed 0.984375 sec.
    forward max bucket size 2798 , backward 992.
        Unrouted nets 834 at the end of iteration 26.
    route iteration 26, CPU time elapsed 1.031250 sec.
    forward max bucket size 3583 , backward 754.
        Unrouted nets 746 at the end of iteration 27.
    route iteration 27, CPU time elapsed 1.156250 sec.
    forward max bucket size 2170 , backward 2079.
        Unrouted nets 690 at the end of iteration 28.
    route iteration 28, CPU time elapsed 0.765625 sec.
    forward max bucket size 3509 , backward 2670.
        Unrouted nets 639 at the end of iteration 29.
    route iteration 29, CPU time elapsed 0.953125 sec.
    forward max bucket size 2731 , backward 2257.
        Unrouted nets 635 at the end of iteration 30.
    route iteration 30, CPU time elapsed 0.750000 sec.
    forward max bucket size 3445 , backward 656.
        Unrouted nets 575 at the end of iteration 31.
    route iteration 31, CPU time elapsed 0.718750 sec.
    forward max bucket size 2898 , backward 683.
        Unrouted nets 498 at the end of iteration 32.
    route iteration 32, CPU time elapsed 0.781250 sec.
    forward max bucket size 2137 , backward 998.
        Unrouted nets 505 at the end of iteration 33.
    route iteration 33, CPU time elapsed 0.578125 sec.
    forward max bucket size 2324 , backward 889.
        Unrouted nets 455 at the end of iteration 34.
    route iteration 34, CPU time elapsed 0.640625 sec.
    forward max bucket size 1565 , backward 1723.
        Unrouted nets 379 at the end of iteration 35.
    route iteration 35, CPU time elapsed 0.468750 sec.
    forward max bucket size 3845 , backward 5473.
        Unrouted nets 385 at the end of iteration 36.
    route iteration 36, CPU time elapsed 0.484375 sec.
    forward max bucket size 2699 , backward 1121.
        Unrouted nets 389 at the end of iteration 37.
    route iteration 37, CPU time elapsed 0.593750 sec.
    forward max bucket size 2771 , backward 339.
        Unrouted nets 371 at the end of iteration 38.
    route iteration 38, CPU time elapsed 0.531250 sec.
    forward max bucket size 3351 , backward 252.
        Unrouted nets 374 at the end of iteration 39.
    route iteration 39, CPU time elapsed 0.546875 sec.
    forward max bucket size 3490 , backward 245.
        Unrouted nets 335 at the end of iteration 40.
    route iteration 40, CPU time elapsed 0.578125 sec.
    forward max bucket size 1470 , backward 582.
        Unrouted nets 316 at the end of iteration 41.
    route iteration 41, CPU time elapsed 0.515625 sec.
    forward max bucket size 2314 , backward 912.
        Unrouted nets 299 at the end of iteration 42.
    route iteration 42, CPU time elapsed 0.531250 sec.
    forward max bucket size 2334 , backward 628.
        Unrouted nets 310 at the end of iteration 43.
    route iteration 43, CPU time elapsed 0.468750 sec.
    forward max bucket size 12625 , backward 11216.
        Unrouted nets 286 at the end of iteration 44.
    route iteration 44, CPU time elapsed 0.468750 sec.
    forward max bucket size 497 , backward 1396.
        Unrouted nets 270 at the end of iteration 45.
    route iteration 45, CPU time elapsed 0.375000 sec.
    forward max bucket size 2452 , backward 1451.
        Unrouted nets 244 at the end of iteration 46.
    route iteration 46, CPU time elapsed 0.453125 sec.
    forward max bucket size 1343 , backward 1030.
        Unrouted nets 227 at the end of iteration 47.
    route iteration 47, CPU time elapsed 0.421875 sec.
    forward max bucket size 1157 , backward 437.
        Unrouted nets 215 at the end of iteration 48.
    route iteration 48, CPU time elapsed 0.390625 sec.
    forward max bucket size 2342 , backward 534.
        Unrouted nets 222 at the end of iteration 49.
    route iteration 49, CPU time elapsed 0.468750 sec.
    forward max bucket size 3271 , backward 344.
        Unrouted nets 188 at the end of iteration 50.
    route iteration 50, CPU time elapsed 0.671875 sec.
    forward max bucket size 3320 , backward 851.
        Unrouted nets 174 at the end of iteration 51.
    route iteration 51, CPU time elapsed 0.390625 sec.
    forward max bucket size 869 , backward 487.
        Unrouted nets 161 at the end of iteration 52.
    route iteration 52, CPU time elapsed 0.312500 sec.
    forward max bucket size 2382 , backward 184.
        Unrouted nets 154 at the end of iteration 53.
    route iteration 53, CPU time elapsed 0.281250 sec.
    forward max bucket size 2299 , backward 206.
        Unrouted nets 143 at the end of iteration 54.
    route iteration 54, CPU time elapsed 0.343750 sec.
    forward max bucket size 979 , backward 217.
        Unrouted nets 116 at the end of iteration 55.
    route iteration 55, CPU time elapsed 0.296875 sec.
    forward max bucket size 1081 , backward 461.
        Unrouted nets 133 at the end of iteration 56.
    route iteration 56, CPU time elapsed 0.281250 sec.
    forward max bucket size 1104 , backward 630.
        Unrouted nets 129 at the end of iteration 57.
    route iteration 57, CPU time elapsed 0.234375 sec.
    forward max bucket size 492 , backward 92.
        Unrouted nets 114 at the end of iteration 58.
    route iteration 58, CPU time elapsed 0.171875 sec.
    forward max bucket size 2683 , backward 153.
        Unrouted nets 107 at the end of iteration 59.
    route iteration 59, CPU time elapsed 0.218750 sec.
    forward max bucket size 71 , backward 102.
        Unrouted nets 96 at the end of iteration 60.
    route iteration 60, CPU time elapsed 0.187500 sec.
    forward max bucket size 209 , backward 126.
        Unrouted nets 87 at the end of iteration 61.
    route iteration 61, CPU time elapsed 0.187500 sec.
    forward max bucket size 296 , backward 271.
        Unrouted nets 85 at the end of iteration 62.
    route iteration 62, CPU time elapsed 0.171875 sec.
    forward max bucket size 194 , backward 351.
        Unrouted nets 83 at the end of iteration 63.
    route iteration 63, CPU time elapsed 0.187500 sec.
    forward max bucket size 165 , backward 222.
        Unrouted nets 57 at the end of iteration 64.
    route iteration 64, CPU time elapsed 0.140625 sec.
    forward max bucket size 152 , backward 203.
        Unrouted nets 59 at the end of iteration 65.
    route iteration 65, CPU time elapsed 0.156250 sec.
    forward max bucket size 60 , backward 73.
        Unrouted nets 66 at the end of iteration 66.
    route iteration 66, CPU time elapsed 0.171875 sec.
    forward max bucket size 84 , backward 410.
        Unrouted nets 51 at the end of iteration 67.
    route iteration 67, CPU time elapsed 0.125000 sec.
    forward max bucket size 51 , backward 92.
        Unrouted nets 51 at the end of iteration 68.
    route iteration 68, CPU time elapsed 0.125000 sec.
    forward max bucket size 142 , backward 469.
        Unrouted nets 37 at the end of iteration 69.
    route iteration 69, CPU time elapsed 0.125000 sec.
    forward max bucket size 70 , backward 102.
        Unrouted nets 30 at the end of iteration 70.
    route iteration 70, CPU time elapsed 0.125000 sec.
    forward max bucket size 174 , backward 113.
        Unrouted nets 30 at the end of iteration 71.
    route iteration 71, CPU time elapsed 0.140625 sec.
    forward max bucket size 59 , backward 366.
        Unrouted nets 27 at the end of iteration 72.
    route iteration 72, CPU time elapsed 0.109375 sec.
    forward max bucket size 114 , backward 985.
        Unrouted nets 30 at the end of iteration 73.
    route iteration 73, CPU time elapsed 0.093750 sec.
    forward max bucket size 145 , backward 135.
        Unrouted nets 21 at the end of iteration 74.
    route iteration 74, CPU time elapsed 0.109375 sec.
    forward max bucket size 69 , backward 183.
        Unrouted nets 14 at the end of iteration 75.
    route iteration 75, CPU time elapsed 0.093750 sec.
    forward max bucket size 50 , backward 50.
        Unrouted nets 9 at the end of iteration 76.
    route iteration 76, CPU time elapsed 0.093750 sec.
    forward max bucket size 52 , backward 49.
        Unrouted nets 3 at the end of iteration 77.
    route iteration 77, CPU time elapsed 0.093750 sec.
    forward max bucket size 127 , backward 140.
        Unrouted nets 7 at the end of iteration 78.
    route iteration 78, CPU time elapsed 0.078125 sec.
    forward max bucket size 128 , backward 238.
        Unrouted nets 7 at the end of iteration 79.
    route iteration 79, CPU time elapsed 0.078125 sec.
    forward max bucket size 85 , backward 65.
        Unrouted nets 5 at the end of iteration 80.
    route iteration 80, CPU time elapsed 0.109375 sec.
    forward max bucket size 77 , backward 55.
        Unrouted nets 5 at the end of iteration 81.
    route iteration 81, CPU time elapsed 0.093750 sec.
    forward max bucket size 12 , backward 18.
        Unrouted nets 6 at the end of iteration 82.
    route iteration 82, CPU time elapsed 0.078125 sec.
    forward max bucket size 15 , backward 24.
        Unrouted nets 4 at the end of iteration 83.
    route iteration 83, CPU time elapsed 0.078125 sec.
    forward max bucket size 18 , backward 27.
        Unrouted nets 6 at the end of iteration 84.
    route iteration 84, CPU time elapsed 0.078125 sec.
    forward max bucket size 25 , backward 28.
        Unrouted nets 5 at the end of iteration 85.
    route iteration 85, CPU time elapsed 0.078125 sec.
    forward max bucket size 38 , backward 67.
        Unrouted nets 6 at the end of iteration 86.
    route iteration 86, CPU time elapsed 0.078125 sec.
    forward max bucket size 28 , backward 38.
        Unrouted nets 7 at the end of iteration 87.
    route iteration 87, CPU time elapsed 0.078125 sec.
    forward max bucket size 38 , backward 24.
        Unrouted nets 8 at the end of iteration 88.
    route iteration 88, CPU time elapsed 0.078125 sec.
    forward max bucket size 58 , backward 44.
        Unrouted nets 14 at the end of iteration 89.
    route iteration 89, CPU time elapsed 0.093750 sec.
    forward max bucket size 162 , backward 553.
        Unrouted nets 17 at the end of iteration 90.
    route iteration 90, CPU time elapsed 0.093750 sec.
    forward max bucket size 42 , backward 629.
        Unrouted nets 13 at the end of iteration 91.
    route iteration 91, CPU time elapsed 0.093750 sec.
    forward max bucket size 90 , backward 86.
        Unrouted nets 13 at the end of iteration 92.
    route iteration 92, CPU time elapsed 0.093750 sec.
    forward max bucket size 100 , backward 102.
        Unrouted nets 15 at the end of iteration 93.
    route iteration 93, CPU time elapsed 0.109375 sec.
    forward max bucket size 87 , backward 35.
        Unrouted nets 13 at the end of iteration 94.
    route iteration 94, CPU time elapsed 0.093750 sec.
    forward max bucket size 82 , backward 78.
        Unrouted nets 18 at the end of iteration 95.
    route iteration 95, CPU time elapsed 0.078125 sec.
    forward max bucket size 83 , backward 126.
        Unrouted nets 14 at the end of iteration 96.
    route iteration 96, CPU time elapsed 0.109375 sec.
    forward max bucket size 82 , backward 85.
        Unrouted nets 18 at the end of iteration 97.
    route iteration 97, CPU time elapsed 0.093750 sec.
    forward max bucket size 87 , backward 94.
        Unrouted nets 16 at the end of iteration 98.
    route iteration 98, CPU time elapsed 0.093750 sec.
    forward max bucket size 84 , backward 109.
        Unrouted nets 19 at the end of iteration 99.
    route iteration 99, CPU time elapsed 0.093750 sec.
    forward max bucket size 57 , backward 47.
        Unrouted nets 16 at the end of iteration 100.
    route iteration 100, CPU time elapsed 0.078125 sec.
    forward max bucket size 72 , backward 99.
        Unrouted nets 12 at the end of iteration 101.
    route iteration 101, CPU time elapsed 0.093750 sec.
    forward max bucket size 85 , backward 111.
        Unrouted nets 16 at the end of iteration 102.
    route iteration 102, CPU time elapsed 0.093750 sec.
    forward max bucket size 58 , backward 41.
        Unrouted nets 13 at the end of iteration 103.
    route iteration 103, CPU time elapsed 0.078125 sec.
    forward max bucket size 76 , backward 49.
        Unrouted nets 10 at the end of iteration 104.
    route iteration 104, CPU time elapsed 0.093750 sec.
    forward max bucket size 81 , backward 53.
        Unrouted nets 9 at the end of iteration 105.
    route iteration 105, CPU time elapsed 0.078125 sec.
    forward max bucket size 64 , backward 40.
        Unrouted nets 10 at the end of iteration 106.
    route iteration 106, CPU time elapsed 0.078125 sec.
    forward max bucket size 26 , backward 25.
        Unrouted nets 14 at the end of iteration 107.
    route iteration 107, CPU time elapsed 0.078125 sec.
    forward max bucket size 39 , backward 25.
        Unrouted nets 14 at the end of iteration 108.
    route iteration 108, CPU time elapsed 0.078125 sec.
    forward max bucket size 27 , backward 31.
        Unrouted nets 12 at the end of iteration 109.
    route iteration 109, CPU time elapsed 0.078125 sec.
    forward max bucket size 63 , backward 64.
        Unrouted nets 13 at the end of iteration 110.
    route iteration 110, CPU time elapsed 0.093750 sec.
    forward max bucket size 34 , backward 45.
        Unrouted nets 12 at the end of iteration 111.
    route iteration 111, CPU time elapsed 0.078125 sec.
    forward max bucket size 26 , backward 44.
        Unrouted nets 4 at the end of iteration 112.
    route iteration 112, CPU time elapsed 0.093750 sec.
    forward max bucket size 25 , backward 46.
        Unrouted nets 0 at the end of iteration 113.
    route iteration 113, CPU time elapsed 0.093750 sec.
Detailed routing takes 109.03 sec.

Dispose routing result:
    Collect routing result.
    Delete unused device instances.
    Annotate routing result.
    Change LUT configuration.
    Dispose misc instances.
I: Route-6001: Insert route through in CLMA_70_268.
I: Route-6001: Insert route through in CLMA_94_88.
I: Route-6001: Insert route through in CLMS_78_89.
I: Route-6001: Insert route through in CLMA_102_240.
I: Route-6001: Insert route through in CLMA_94_240.
I: Route-6001: Insert route through in CLMA_46_260.
I: Route-6001: Insert route through in CLMA_18_232.
I: Route-6001: Insert route through in CLMS_86_253.
I: Route-6001: Insert route through in CLMA_94_252.
I: Route-6001: Insert route through in CLMA_82_261.
I: Route-6001: Insert route through in CLMA_102_272.
I: Route-6001: Insert route through in CLMA_86_284.
I: Route-6001: Insert route through in CLMA_94_264.
I: Route-6001: Insert route through in CLMA_22_245.
I: Route-6001: Insert route through in CLMS_18_297.
I: Route-6001: Insert route through in CLMA_50_273.
I: Route-6001: Insert route through in CLMA_86_264.
I: Route-6001: Insert route through in CLMA_82_33.
I: Route-6001: Insert route through in CLMS_66_257.
I: Route-6001: Insert route through in CLMA_86_24.
I: Route-6001: Insert route through in CLMA_78_84.
I: Route-6001: Insert route through in CLMS_66_261.
I: Route-6001: Insert route through in CLMS_94_265.
I: Route-6001: Insert route through in CLMA_94_256.
I: Route-6001: Insert route through in CLMA_90_116.
I: Route-6001: Insert route through in CLMA_54_272.
I: Route-6001: Insert route through in CLMS_18_313.
I: Route-6001: Insert route through in CLMA_94_320.
I: Route-6001: Insert route through in CLMA_98_221.
I: Route-6001: Insert route through in CLMA_50_277.
I: Route-6001: Insert route through in CLMA_98_233.
I: Route-6001: Insert route through in CLMS_86_25.
I: Route-6001: Insert route through in CLMA_106_136.
I: Route-6001: Insert route through in CLMA_86_336.
I: Route-6001: Insert route through in CLMA_70_252.
I: Route-6001: Insert route through in CLMA_82_37.
I: Route-6001: Insert route through in CLMA_22_245.
I: Route-6001: Insert route through in CLMS_86_25.
I: Route-6001: Insert route through in CLMS_134_265.
I: Route-6001: Insert route through in CLMS_78_81.
I: Route-6001: Insert route through in CLMA_78_20.
I: Route-6001: Insert route through in CLMS_86_349.
I: Route-6001: Insert route through in CLMA_130_209.
I: Route-6001: Insert route through in CLMA_90_313.
I: Route-6001: Insert route through in CLMS_102_313.
I: Route-6001: Insert route through in CLMA_50_273.
I: Route-6001: Insert route through in CLMA_90_301.
I: Route-6001: Insert route through in CLMA_18_232.
I: Route-6001: Insert route through in CLMA_94_88.
I: Route-6001: Insert route through in CLMA_94_92.
I: Route-6001: Insert route through in CLMS_86_277.
I: Route-6001: Insert route through in CLMA_22_272.
I: Route-6001: Insert route through in CLMS_66_73.
I: Route-6001: Insert route through in CLMS_78_89.
I: Route-6001: Insert route through in CLMS_78_273.
I: Route-6001: Insert route through in CLMA_90_289.
I: Route-6001: Insert route through in CLMA_98_269.
I: Route-6001: Insert route through in CLMA_82_276.
I: Route-6001: Insert route through in CLMA_82_260.
I: Route-6001: Insert route through in CLMA_86_92.
I: Route-6001: Insert route through in CLMS_86_113.
I: Route-6001: Insert route through in CLMA_90_256.
I: Route-6001: Insert route through in CLMA_70_265.
I: Route-6001: Insert route through in CLMA_86_160.
I: Route-6001: Insert route through in CLMA_86_284.
I: Route-6001: Insert route through in CLMA_98_121.
I: Route-6001: Insert route through in CLMA_70_80.
I: Route-6001: Insert route through in CLMA_82_89.
I: Route-6001: Insert route through in CLMA_94_92.
I: Route-6001: Insert route through in CLMA_102_120.
I: Route-6001: Insert route through in CLMA_138_212.
I: Route-6001: Insert route through in CLMA_138_225.
I: Route-6001: Insert route through in CLMS_86_277.
I: Route-6001: Insert route through in CLMS_114_313.
I: Route-6001: Insert route through in CLMA_98_121.
I: Route-6001: Insert route through in CLMA_86_88.
I: Route-6001: Insert route through in CLMA_70_88.
I: Route-6001: Insert route through in CLMA_26_312.
I: Route-6001: Insert route through in CLMA_98_269.
I: Route-6001: Insert route through in CLMA_22_312.
I: Route-6001: Insert route through in CLMA_102_240.
I: Route-6001: Insert route through in CLMA_22_257.
I: Route-6001: Insert route through in CLMA_94_248.
I: Route-6001: Insert route through in CLMA_98_241.
I: Route-6001: Insert route through in CLMA_98_233.
I: Route-6001: Insert route through in CLMA_94_240.
I: Route-6001: Insert route through in CLMA_42_113.
I: Route-6001: Insert route through in CLMS_18_269.
I: Route-6001: Insert route through in CLMA_82_276.
I: Route-6001: Insert route through in CLMA_106_116.
I: Route-6001: Insert route through in CLMA_102_272.
I: Route-6001: Insert route through in CLMA_86_264.
I: Route-6001: Insert route through in CLMA_78_276.
I: Route-6001: Insert route through in CLMA_78_276.
I: Route-6001: Insert route through in CLMA_14_261.
I: Route-6001: Insert route through in CLMA_86_88.
I: Route-6001: Insert route through in CLMA_98_125.
I: Route-6001: Insert route through in CLMS_86_121.
I: Route-6001: Insert route through in CLMA_86_268.
I: Route-6001: Insert route through in CLMA_46_232.
I: Route-6001: Insert route through in CLMA_50_237.
I: Route-6001: Insert route through in CLMA_90_84.
I: Route-6001: Insert route through in CLMA_102_220.
I: Route-6001: Insert route through in CLMA_102_300.
I: Route-6001: Insert route through in CLMA_82_37.
I: Route-6001: Insert route through in CLMS_86_345.
I: Route-6001: Insert route through in CLMA_70_20.
I: Route-6001: Insert route through in CLMA_82_29.
I: Route-6001: Insert route through in CLMS_94_165.
I: Route-6001: Insert route through in CLMS_86_33.
I: Route-6001: Insert route through in CLMA_98_336.
I: Route-6001: Insert route through in CLMS_86_253.
I: Route-6001: Insert route through in CLMS_86_237.
I: Route-6001: Insert route through in CLMS_94_265.
I: Route-6001: Insert route through in CLMA_50_277.
I: Route-6001: Insert route through in CLMA_90_313.
I: Route-6001: Insert route through in CLMA_98_169.
I: Route-6001: Insert route through in CLMA_146_360.
I: Route-6001: Insert route through in CLMA_134_228.
I: Route-6001: Insert route through in CLMA_98_268.
I: Route-6001: Insert route through in CLMA_146_356.
I: Route-6001: Insert route through in CLMA_90_301.
I: Route-6001: Insert route through in CLMA_82_85.
I: Route-6001: Insert route through in CLMS_134_225.
I: Route-6001: Insert route through in USCM_74_127.
I: Route-6001: Insert route through in RCKB_151_60.
I: Route-6001: Insert route through in RCKB_151_62.
I: Route-6001: Insert route through in RCKB_151_61.
I: Route-6001: Insert route through in RCKB_151_63.
I: Route-6001: Insert route through in RCKB_151_186.
I: Route-6001: Insert route through in RCKB_151_184.
I: Route-6001: Insert route through in RCKB_7_60.
    Annotate routing result again.
Finish routing takes 1.66 sec.
Used srb routing arc is 204038.
Cleanup routing takes 0.02 sec.
Routing done.
Total routing takes 124.91 sec.


Device Utilization Summary :
+----------------------------------------------------------------------------+
| Logic Utilization        | Used     | Available     | Utilization(%)     
+----------------------------------------------------------------------------+
| Use of ADC               | 0        | 1             | 0                   
| Use of APM               | 23.5     | 30            | 78                  
| Use of BKCL              | 6        | 6             | 100                 
| Use of CLMA              | 2870     | 3274          | 88                  
|   FF                     | 5069     | 19644         | 26                  
|   LUT                    | 9305     | 13096         | 71                  
|   LUT-FF pairs           | 1021     | 13096         | 8                   
| Use of CLMS              | 947      | 1110          | 85                  
|   FF                     | 1528     | 6660          | 23                  
|   LUT                    | 3090     | 4440          | 70                  
|   LUT-FF pairs           | 347      | 4440          | 8                   
|   Distributed RAM        | 0        | 4440          | 0                   
| Use of CRYSTAL           | 0        | 6             | 0                   
| Use of DLL               | 2        | 6             | 33                  
| Use of DQSL              | 5        | 18            | 28                  
| Use of DRM               | 18       | 48            | 38                  
| Use of FLSIF             | 0        | 1             | 0                   
| Use of FUSECODE          | 0        | 1             | 0                   
| Use of HARD0N1           | 0        | 2745          | 0                   
| Use of HMEMC             | 1        | 2             | 50                  
| Use of IO                | 82       | 240           | 34                  
|   IOBD                   | 42       | 120           | 35                  
|   IOBR                   | 1        | 6             | 17                  
|   IOBS                   | 39       | 114           | 34                  
| Use of IOCKDIV           | 1        | 12            | 8                   
| Use of IOCKDLY           | 0        | 24            | 0                   
| Use of IOCKGATE          | 2        | 12            | 17                  
| Use of IOCKGMUX_TEST     | 0        | 12            | 0                   
| Use of IOL               | 82       | 240           | 34                  
| Use of IPAL              | 0        | 1             | 0                   
| Use of MFG_TEST          | 0        | 1             | 0                   
| Use of OSC               | 0        | 1             | 0                   
| Use of PLL               | 2        | 6             | 33                  
| Use of PREGMUX_TEST      | 0        | 6             | 0                   
| Use of RCKB              | 7        | 24            | 29                  
| Use of RCKBMUX_TEST      | 0        | 12            | 0                   
| Use of RESCAL            | 0        | 6             | 0                   
| Use of SCANCHAIN         | 0        | 4             | 0                   
| Use of START             | 1        | 1             | 100                 
| Use of UDID              | 0        | 1             | 0                   
| Use of USCM              | 7        | 20            | 35                  
| Use of USCMMUX_TEST      | 0        | 20            | 0                   
| Use of VCKBMUX_TEST      | 0        | 12            | 0                   
+----------------------------------------------------------------------------+

Finished routing. (CPU time elapsed 0h:02m:21s)
Design 'top' has been placed and routed successfully.
Saving design to DB.
Action pnr: Real time elapsed is 146.000 sec
Action pnr: CPU time elapsed is 144.500 sec
Current time: Thu Jul 21 20:47:25 2022
Action pnr: Peak memory pool usage is 766,849,024 bytes
Finished placement and routing. (CPU time elapsed 0h:02m:22s)
