#Build: Fabric Compiler 2020.3, Build 62942, Sep 29 13:34 2020
#Install: E:\PDS\PDS1\PDS_2020.3\bin
#Application name: pds_shell.exe
#OS: Windows 10 10.0.22000
#Hostname: LAPTOP-K7MPPOL0
Generated by Fabric Compiler (version 2020.3 build 62942) at Thu Jul 21 20:40:57 2022
Compiling verification operator library.
Compiling common defs.
Loading technology operator library.
Compiling technology operator library.
Compiling technology operator (valence) library.
Compiling operator packing rules.
Compiling prim grid devices.
Compiling gate devices.
Compiling gate operators.
Compiling tech operator impls.
Building architecture model.
Loading device packaging model 'MBG324'.
I: Parameter configuration file E:/PDS/PGL22G/CD_20210223/CD_20210223/demo/zhenjiuzhe_ddr3_ov5640_hdmi - 5 - 2-1 - 1/testparam.txt cannot open.
Reading design from translate DB.
Flattening design 'top'
Device mapping started.
Optimizing circuit logic.
W: Public-4008: Instance 'ISP/rgb2ycbcr/add_y_0_18b[1]' of 'GTP_DFF' unit is dangling and will be cleaned.
W: Public-4008: Instance 'ISP/rgb2ycbcr/add_y_0_18b[2]' of 'GTP_DFF' unit is dangling and will be cleaned.
W: Public-4008: Instance 'ISP/rgb2ycbcr/add_y_0_18b[3]' of 'GTP_DFF' unit is dangling and will be cleaned.
W: Public-4008: Instance 'ISP/rgb2ycbcr/mult_g_for_y_18b[1]' of 'GTP_DFF' unit is dangling and will be cleaned.
W: Public-4008: Instance 'ISP/rgb2ycbcr/mult_g_for_y_18b[2]' of 'GTP_DFF' unit is dangling and will be cleaned.
W: Public-4008: Instance 'ISP/judge_single0_inst/rgb2ycbcr0/add_y_0_18b[1]' of 'GTP_DFF' unit is dangling and will be cleaned.
W: Public-4008: Instance 'ISP/judge_single0_inst/rgb2ycbcr0/add_y_0_18b[2]' of 'GTP_DFF' unit is dangling and will be cleaned.
W: Public-4008: Instance 'ISP/judge_single0_inst/rgb2ycbcr0/add_y_0_18b[3]' of 'GTP_DFF' unit is dangling and will be cleaned.
W: Public-4008: Instance 'ISP/judge_single1_inst/rgb2ycbcr0/add_y_0_18b[1]' of 'GTP_DFF' unit is dangling and will be cleaned.
W: Public-4008: Instance 'ISP/judge_single1_inst/rgb2ycbcr0/add_y_0_18b[2]' of 'GTP_DFF' unit is dangling and will be cleaned.
W: Public-4008: Instance 'ISP/judge_single1_inst/rgb2ycbcr0/add_y_0_18b[3]' of 'GTP_DFF' unit is dangling and will be cleaned.
W: Public-4008: Instance 'ISP/judge_single2_inst/rgb2ycbcr0/add_y_0_18b[1]' of 'GTP_DFF' unit is dangling and will be cleaned.
W: Public-4008: Instance 'ISP/judge_single2_inst/rgb2ycbcr0/add_y_0_18b[2]' of 'GTP_DFF' unit is dangling and will be cleaned.
W: Public-4008: Instance 'ISP/judge_single2_inst/rgb2ycbcr0/add_y_0_18b[3]' of 'GTP_DFF' unit is dangling and will be cleaned.
W: Public-4008: Instance 'ISP/judge_single3_inst/rgb2ycbcr0/add_y_0_18b[1]' of 'GTP_DFF' unit is dangling and will be cleaned.
W: Public-4008: Instance 'ISP/judge_single3_inst/rgb2ycbcr0/add_y_0_18b[2]' of 'GTP_DFF' unit is dangling and will be cleaned.
W: Public-4008: Instance 'ISP/judge_single3_inst/rgb2ycbcr0/add_y_0_18b[3]' of 'GTP_DFF' unit is dangling and will be cleaned.
Checking design netlist.
Processing tech operator.
I: The instance clkbufg_0(GTP_CLKBUFG) has been inserted on the net u_ipsl_hmic_h_top/pll_pclk in design, driver pin CLKOUT1(instance u_ipsl_hmic_h_top/u_pll_50_400/u_pll_e1) -> load pin CLK(instance u_ipsl_hmic_h_top/u_ipsl_hmic_h_ddrc_top/u_ddrc_reset_ctrl_v1_1/ddr_init_done).
I: The instance clkbufg_1(GTP_CLKBUFG) has been inserted on the net ui_clk in design, driver pin CLKOUT3(instance u_ipsl_hmic_h_top/u_pll_50_400/u_pll_e1) -> load pin CLK(instance frame_read_write_m0/frame_fifo_read_m0/fifo_aclr).
Converting tech operator to gate operator.
Processing gate operator.
W: Adm-4021: The attribute '.pap_unconnected_inputs' of object 'ISP/uart_test/N3969_2[0]_muxf6' is overwritten by new value.
W: Adm-4021: The attribute '.pap_unconnected_inputs' of object 'ISP/uart_test/N3969_2[0]_muxf6' is overwritten by new value.
W: Adm-4021: The attribute '.pap_unconnected_inputs' of object 'ISP/uart_test/N3969_2[1]_muxf6' is overwritten by new value.
W: Adm-4021: The attribute '.pap_unconnected_inputs' of object 'ISP/uart_test/N3969_2[1]_muxf6' is overwritten by new value.
W: Adm-4021: The attribute '.pap_unconnected_inputs' of object 'ISP/uart_test/N3969_2[2]_muxf6' is overwritten by new value.
W: Adm-4021: The attribute '.pap_unconnected_inputs' of object 'ISP/uart_test/N3969_2[2]_muxf6' is overwritten by new value.
W: Adm-4021: The attribute '.pap_unconnected_inputs' of object 'ISP/uart_test/N3969_4[0]_muxf6' is overwritten by new value.
W: Adm-4021: The attribute '.pap_unconnected_inputs' of object 'ISP/uart_test/N3969_4[0]_muxf6' is overwritten by new value.
W: Adm-4021: The attribute '.pap_unconnected_inputs' of object 'ISP/uart_test/N3969_4[1]_muxf6' is overwritten by new value.
W: Adm-4021: The attribute '.pap_unconnected_inputs' of object 'ISP/uart_test/N3969_4[1]_muxf6' is overwritten by new value.
W: Adm-4021: The attribute '.pap_unconnected_inputs' of object 'ISP/uart_test/N3969_4[2]_muxf6' is overwritten by new value.
W: Adm-4021: The attribute '.pap_unconnected_inputs' of object 'ISP/uart_test/N3969_4[2]_muxf6' is overwritten by new value.
W: Adm-4021: The attribute '.pap_unconnected_inputs' of object 'ISP/uart_test/N3969_4[3]_muxf6' is overwritten by new value.
W: Adm-4021: The attribute '.pap_unconnected_inputs' of object 'ISP/uart_test/N3969_4[3]_muxf6' is overwritten by new value.
W: Adm-4021: The attribute '.pap_unconnected_inputs' of object 'ISP/uart_test/N3969_4[4]_muxf6' is overwritten by new value.
W: Adm-4021: The attribute '.pap_unconnected_inputs' of object 'ISP/uart_test/N3969_4[4]_muxf6' is overwritten by new value.
W: Adm-4021: The attribute '.pap_unconnected_inputs' of object 'ISP/uart_test/N3969_4[6]_muxf6' is overwritten by new value.
W: Adm-4021: The attribute '.pap_unconnected_inputs' of object 'ISP/uart_test/N3969_4[6]_muxf6' is overwritten by new value.
W: Adm-4021: The attribute '.pap_unconnected_inputs' of object 'ISP/uart_test/N3969_5[0]_muxf6' is overwritten by new value.
W: Adm-4021: The attribute '.pap_unconnected_inputs' of object 'ISP/uart_test/N3969_5[0]_muxf6' is overwritten by new value.
W: Adm-4021: The attribute '.pap_unconnected_inputs' of object 'ISP/uart_test/N3969_5[1]_muxf6' is overwritten by new value.
W: Adm-4021: The attribute '.pap_unconnected_inputs' of object 'ISP/uart_test/N3969_5[1]_muxf6' is overwritten by new value.
W: Adm-4021: The attribute '.pap_unconnected_inputs' of object 'ISP/uart_test/N3969_5[2]_muxf6' is overwritten by new value.
W: Adm-4021: The attribute '.pap_unconnected_inputs' of object 'ISP/uart_test/N3969_5[2]_muxf6' is overwritten by new value.
W: Adm-4021: The attribute '.pap_unconnected_inputs' of object 'ISP/uart_test/N3969_5[3]_muxf6' is overwritten by new value.
W: Adm-4021: The attribute '.pap_unconnected_inputs' of object 'ISP/uart_test/N3969_5[3]_muxf6' is overwritten by new value.
W: Adm-4021: The attribute '.pap_unconnected_inputs' of object 'ISP/uart_test/N3969_5[4]_muxf6' is overwritten by new value.
W: Adm-4021: The attribute '.pap_unconnected_inputs' of object 'ISP/uart_test/N3969_5[4]_muxf6' is overwritten by new value.
W: Adm-4021: The attribute '.pap_unconnected_inputs' of object 'ISP/uart_test/N3969_5[6]_muxf6' is overwritten by new value.
W: Adm-4021: The attribute '.pap_unconnected_inputs' of object 'ISP/uart_test/N3969_5[6]_muxf6' is overwritten by new value.
W: Adm-4021: The attribute '.pap_unconnected_inputs' of object 'ISP/uart_test/N3969_7[3]_muxf6' is overwritten by new value.
W: Adm-4021: The attribute '.pap_unconnected_inputs' of object 'ISP/uart_test/N3969_7[3]_muxf6' is overwritten by new value.
W: Adm-4021: The attribute '.pap_unconnected_inputs' of object 'ISP/uart_test/N3969_8[0]_muxf6' is overwritten by new value.
W: Adm-4021: The attribute '.pap_unconnected_inputs' of object 'ISP/uart_test/N3969_8[0]_muxf6' is overwritten by new value.
W: Adm-4021: The attribute '.pap_unconnected_inputs' of object 'ISP/uart_test/N3969_8[1]_muxf6' is overwritten by new value.
W: Adm-4021: The attribute '.pap_unconnected_inputs' of object 'ISP/uart_test/N3969_8[1]_muxf6' is overwritten by new value.
W: Adm-4021: The attribute '.pap_unconnected_inputs' of object 'ISP/uart_test/N3969_8[2]_muxf6' is overwritten by new value.
W: Adm-4021: The attribute '.pap_unconnected_inputs' of object 'ISP/uart_test/N3969_8[2]_muxf6' is overwritten by new value.
W: Adm-4021: The attribute '.pap_unconnected_inputs' of object 'ISP/uart_test/N3969_8[6]_muxf6' is overwritten by new value.
W: Adm-4021: The attribute '.pap_unconnected_inputs' of object 'ISP/uart_test/N3969_8[6]_muxf6' is overwritten by new value.
W: Adm-4021: The attribute '.pap_unconnected_inputs' of object 'ISP/uart_test/N3969_9[0]_muxf6' is overwritten by new value.
W: Adm-4021: The attribute '.pap_unconnected_inputs' of object 'ISP/uart_test/N3969_9[0]_muxf6' is overwritten by new value.
W: Adm-4021: The attribute '.pap_unconnected_inputs' of object 'ISP/uart_test/N3969_9[1]_muxf6' is overwritten by new value.
W: Adm-4021: The attribute '.pap_unconnected_inputs' of object 'ISP/uart_test/N3969_9[1]_muxf6' is overwritten by new value.
W: Adm-4021: The attribute '.pap_unconnected_inputs' of object 'ISP/uart_test/N3969_9[2]_muxf6' is overwritten by new value.
W: Adm-4021: The attribute '.pap_unconnected_inputs' of object 'ISP/uart_test/N3969_9[2]_muxf6' is overwritten by new value.
W: Adm-4021: The attribute '.pap_unconnected_inputs' of object 'ISP/uart_test/N3969_9[3]_muxf6' is overwritten by new value.
W: Adm-4021: The attribute '.pap_unconnected_inputs' of object 'ISP/uart_test/N3969_9[3]_muxf6' is overwritten by new value.
W: Adm-4021: The attribute '.pap_unconnected_inputs' of object 'ISP/uart_test/N3969_11[0]_muxf6' is overwritten by new value.
W: Adm-4021: The attribute '.pap_unconnected_inputs' of object 'ISP/uart_test/N3969_11[0]_muxf6' is overwritten by new value.
W: Adm-4021: The attribute '.pap_unconnected_inputs' of object 'ISP/uart_test/N3969_11[1]_muxf6' is overwritten by new value.
W: Adm-4021: The attribute '.pap_unconnected_inputs' of object 'ISP/uart_test/N3969_11[1]_muxf6' is overwritten by new value.
W: Adm-4021: The attribute '.pap_unconnected_inputs' of object 'ISP/uart_test/N3969_11[2]_muxf6' is overwritten by new value.
W: Adm-4021: The attribute '.pap_unconnected_inputs' of object 'ISP/uart_test/N3969_11[2]_muxf6' is overwritten by new value.
W: Adm-4021: The attribute '.pap_unconnected_inputs' of object 'ISP/uart_test/N3969_11[3]_muxf6' is overwritten by new value.
W: Adm-4021: The attribute '.pap_unconnected_inputs' of object 'ISP/uart_test/N3969_11[3]_muxf6' is overwritten by new value.
W: Adm-4021: The attribute '.pap_unconnected_inputs' of object 'ISP/uart_test/N3969_11[6]_muxf6' is overwritten by new value.
W: Adm-4021: The attribute '.pap_unconnected_inputs' of object 'ISP/uart_test/N3969_11[6]_muxf6' is overwritten by new value.
W: Adm-4021: The attribute '.pap_unconnected_inputs' of object 'ISP/uart_test/N3969_14[3]_muxf6' is overwritten by new value.
W: Adm-4021: The attribute '.pap_unconnected_inputs' of object 'ISP/uart_test/N3969_14[3]_muxf6' is overwritten by new value.
W: Adm-4021: The attribute '.pap_unconnected_inputs' of object 'ISP/uart_test/N3969_14[4]_muxf6' is overwritten by new value.
W: Adm-4021: The attribute '.pap_unconnected_inputs' of object 'ISP/uart_test/N3969_14[4]_muxf6' is overwritten by new value.
W: Adm-4021: The attribute '.pap_unconnected_inputs' of object 'ISP/uart_test/N3969_14[6]_muxf6' is overwritten by new value.
W: Adm-4021: The attribute '.pap_unconnected_inputs' of object 'ISP/uart_test/N3969_14[6]_muxf6' is overwritten by new value.
W: Adm-4021: The attribute '.pap_unconnected_inputs' of object 'ISP/uart_test/N3969_15[1]_muxf6' is overwritten by new value.
W: Adm-4021: The attribute '.pap_unconnected_inputs' of object 'ISP/uart_test/N3969_15[1]_muxf6' is overwritten by new value.
W: Adm-4021: The attribute '.pap_unconnected_inputs' of object 'ISP/uart_test/N3969_15[2]_muxf6' is overwritten by new value.
W: Adm-4021: The attribute '.pap_unconnected_inputs' of object 'ISP/uart_test/N3969_15[2]_muxf6' is overwritten by new value.
W: Adm-4021: The attribute '.pap_unconnected_inputs' of object 'ISP/uart_test/N3969_16[0]_muxf6' is overwritten by new value.
W: Adm-4021: The attribute '.pap_unconnected_inputs' of object 'ISP/uart_test/N3969_16[0]_muxf6' is overwritten by new value.
W: Adm-4021: The attribute '.pap_unconnected_inputs' of object 'ISP/uart_test/N3969_16[1]_muxf6' is overwritten by new value.
W: Adm-4021: The attribute '.pap_unconnected_inputs' of object 'ISP/uart_test/N3969_16[1]_muxf6' is overwritten by new value.
W: Adm-4021: The attribute '.pap_unconnected_inputs' of object 'ISP/uart_test/N3969_16[2]_muxf6' is overwritten by new value.
W: Adm-4021: The attribute '.pap_unconnected_inputs' of object 'ISP/uart_test/N3969_16[2]_muxf6' is overwritten by new value.
W: Adm-4021: The attribute '.pap_unconnected_inputs' of object 'ISP/uart_test/N3969_18[0]_muxf6' is overwritten by new value.
W: Adm-4021: The attribute '.pap_unconnected_inputs' of object 'ISP/uart_test/N3969_18[0]_muxf6' is overwritten by new value.
W: Adm-4021: The attribute '.pap_unconnected_inputs' of object 'ISP/uart_test/N3969_18[1]_muxf6' is overwritten by new value.
W: Adm-4021: The attribute '.pap_unconnected_inputs' of object 'ISP/uart_test/N3969_18[1]_muxf6' is overwritten by new value.
W: Adm-4021: The attribute '.pap_unconnected_inputs' of object 'ISP/uart_test/N3969_18[2]_muxf6' is overwritten by new value.
W: Adm-4021: The attribute '.pap_unconnected_inputs' of object 'ISP/uart_test/N3969_18[2]_muxf6' is overwritten by new value.
W: Adm-4021: The attribute '.pap_unconnected_inputs' of object 'ISP/uart_test/N3969_18[3]_muxf6' is overwritten by new value.
W: Adm-4021: The attribute '.pap_unconnected_inputs' of object 'ISP/uart_test/N3969_18[3]_muxf6' is overwritten by new value.
W: Adm-4021: The attribute '.pap_unconnected_inputs' of object 'ISP/uart_test/N3969_18[4]_muxf6' is overwritten by new value.
W: Adm-4021: The attribute '.pap_unconnected_inputs' of object 'ISP/uart_test/N3969_18[4]_muxf6' is overwritten by new value.
W: Adm-4021: The attribute '.pap_unconnected_inputs' of object 'ISP/uart_test/N3969_18[6]_muxf6' is overwritten by new value.
W: Adm-4021: The attribute '.pap_unconnected_inputs' of object 'ISP/uart_test/N3969_18[6]_muxf6' is overwritten by new value.
W: Adm-4021: The attribute '.pap_unconnected_inputs' of object 'ISP/uart_test/N3969_19[0]_muxf6' is overwritten by new value.
W: Adm-4021: The attribute '.pap_unconnected_inputs' of object 'ISP/uart_test/N3969_19[0]_muxf6' is overwritten by new value.
W: Adm-4021: The attribute '.pap_unconnected_inputs' of object 'ISP/uart_test/N3969_19[1]_muxf6' is overwritten by new value.
W: Adm-4021: The attribute '.pap_unconnected_inputs' of object 'ISP/uart_test/N3969_19[1]_muxf6' is overwritten by new value.
W: Adm-4021: The attribute '.pap_unconnected_inputs' of object 'ISP/uart_test/N3969_19[2]_muxf6' is overwritten by new value.
W: Adm-4021: The attribute '.pap_unconnected_inputs' of object 'ISP/uart_test/N3969_19[2]_muxf6' is overwritten by new value.
W: Adm-4021: The attribute '.pap_unconnected_inputs' of object 'ISP/uart_test/N3969_19[3]_muxf6' is overwritten by new value.
W: Adm-4021: The attribute '.pap_unconnected_inputs' of object 'ISP/uart_test/N3969_19[3]_muxf6' is overwritten by new value.
W: Adm-4021: The attribute '.pap_unconnected_inputs' of object 'ISP/uart_test/N3969_19[4]_muxf6' is overwritten by new value.
W: Adm-4021: The attribute '.pap_unconnected_inputs' of object 'ISP/uart_test/N3969_19[4]_muxf6' is overwritten by new value.
W: Adm-4021: The attribute '.pap_unconnected_inputs' of object 'ISP/uart_test/N3969_19[6]_muxf6' is overwritten by new value.
W: Adm-4021: The attribute '.pap_unconnected_inputs' of object 'ISP/uart_test/N3969_19[6]_muxf6' is overwritten by new value.
W: Adm-4021: The attribute '.pap_unconnected_inputs' of object 'ISP/uart_test/N3969_22[0]_muxf6' is overwritten by new value.
W: Adm-4021: The attribute '.pap_unconnected_inputs' of object 'ISP/uart_test/N3969_22[0]_muxf6' is overwritten by new value.
W: Adm-4021: The attribute '.pap_unconnected_inputs' of object 'ISP/uart_test/N3969_22[1]_muxf6' is overwritten by new value.
W: Adm-4021: The attribute '.pap_unconnected_inputs' of object 'ISP/uart_test/N3969_22[1]_muxf6' is overwritten by new value.
W: Adm-4021: The attribute '.pap_unconnected_inputs' of object 'ISP/uart_test/N3969_22[2]_muxf6' is overwritten by new value.
W: Adm-4021: The attribute '.pap_unconnected_inputs' of object 'ISP/uart_test/N3969_22[2]_muxf6' is overwritten by new value.
W: Adm-4021: The attribute '.pap_unconnected_inputs' of object 'ISP/uart_test/N3969_22[4]_muxf6' is overwritten by new value.
W: Adm-4021: The attribute '.pap_unconnected_inputs' of object 'ISP/uart_test/N3969_22[4]_muxf6' is overwritten by new value.
W: Adm-4021: The attribute '.pap_unconnected_inputs' of object 'ISP/uart_test/N3969_22[6]_muxf6' is overwritten by new value.
W: Adm-4021: The attribute '.pap_unconnected_inputs' of object 'ISP/uart_test/N3969_22[6]_muxf6' is overwritten by new value.
W: Adm-4021: The attribute '.pap_unconnected_inputs' of object 'ISP/uart_test/N3969_23[0]_muxf6' is overwritten by new value.
W: Adm-4021: The attribute '.pap_unconnected_inputs' of object 'ISP/uart_test/N3969_23[0]_muxf6' is overwritten by new value.
W: Adm-4021: The attribute '.pap_unconnected_inputs' of object 'ISP/uart_test/N3969_23[1]_muxf6' is overwritten by new value.
W: Adm-4021: The attribute '.pap_unconnected_inputs' of object 'ISP/uart_test/N3969_23[1]_muxf6' is overwritten by new value.
W: Adm-4021: The attribute '.pap_unconnected_inputs' of object 'ISP/uart_test/N3969_23[2]_muxf6' is overwritten by new value.
W: Adm-4021: The attribute '.pap_unconnected_inputs' of object 'ISP/uart_test/N3969_23[2]_muxf6' is overwritten by new value.
W: Adm-4021: The attribute '.pap_unconnected_inputs' of object 'ISP/uart_test/N3969_23[3]_muxf6' is overwritten by new value.
W: Adm-4021: The attribute '.pap_unconnected_inputs' of object 'ISP/uart_test/N3969_23[3]_muxf6' is overwritten by new value.
W: Adm-4021: The attribute '.pap_unconnected_inputs' of object 'ISP/uart_test/N3969_25[0]_muxf6' is overwritten by new value.
W: Adm-4021: The attribute '.pap_unconnected_inputs' of object 'ISP/uart_test/N3969_25[0]_muxf6' is overwritten by new value.
W: Adm-4021: The attribute '.pap_unconnected_inputs' of object 'ISP/uart_test/N3969_25[1]_muxf6' is overwritten by new value.
W: Adm-4021: The attribute '.pap_unconnected_inputs' of object 'ISP/uart_test/N3969_25[1]_muxf6' is overwritten by new value.
W: Adm-4021: The attribute '.pap_unconnected_inputs' of object 'ISP/uart_test/N3969_25[2]_muxf6' is overwritten by new value.
W: Adm-4021: The attribute '.pap_unconnected_inputs' of object 'ISP/uart_test/N3969_25[2]_muxf6' is overwritten by new value.
W: Adm-4021: The attribute '.pap_unconnected_inputs' of object 'ISP/uart_test/N3969_25[3]_muxf6' is overwritten by new value.
W: Adm-4021: The attribute '.pap_unconnected_inputs' of object 'ISP/uart_test/N3969_25[3]_muxf6' is overwritten by new value.
W: Adm-4021: The attribute '.pap_unconnected_inputs' of object 'ISP/uart_test/N3969_25[4]_muxf6' is overwritten by new value.
W: Adm-4021: The attribute '.pap_unconnected_inputs' of object 'ISP/uart_test/N3969_25[4]_muxf6' is overwritten by new value.
W: Adm-4021: The attribute '.pap_unconnected_inputs' of object 'ISP/uart_test/N3969_25[6]_muxf6' is overwritten by new value.
W: Adm-4021: The attribute '.pap_unconnected_inputs' of object 'ISP/uart_test/N3969_25[6]_muxf6' is overwritten by new value.
W: Adm-4021: The attribute '.pap_unconnected_inputs' of object 'ISP/uart_test/N3969_26[1]_muxf6' is overwritten by new value.
W: Adm-4021: The attribute '.pap_unconnected_inputs' of object 'ISP/uart_test/N3969_26[1]_muxf6' is overwritten by new value.
W: Adm-4021: The attribute '.pap_unconnected_inputs' of object 'ISP/uart_test/N3969_26[3]_muxf6' is overwritten by new value.
W: Adm-4021: The attribute '.pap_unconnected_inputs' of object 'ISP/uart_test/N3969_26[3]_muxf6' is overwritten by new value.
W: Adm-4021: The attribute '.pap_unconnected_inputs' of object 'ISP/uart_test/N3969_29[4]_muxf6' is overwritten by new value.
W: Adm-4021: The attribute '.pap_unconnected_inputs' of object 'ISP/uart_test/N3969_29[4]_muxf6' is overwritten by new value.
W: Adm-4021: The attribute '.pap_unconnected_inputs' of object 'ISP/uart_test/N3969_29[6]_muxf6' is overwritten by new value.
W: Adm-4021: The attribute '.pap_unconnected_inputs' of object 'ISP/uart_test/N3969_29[6]_muxf6' is overwritten by new value.
W: Adm-4021: The attribute '.pap_unconnected_inputs' of object 'ISP/uart_test/N3969_30[0]_muxf6' is overwritten by new value.
W: Adm-4021: The attribute '.pap_unconnected_inputs' of object 'ISP/uart_test/N3969_30[0]_muxf6' is overwritten by new value.
W: Adm-4021: The attribute '.pap_unconnected_inputs' of object 'ISP/uart_test/N3969_30[1]_muxf6' is overwritten by new value.
W: Adm-4021: The attribute '.pap_unconnected_inputs' of object 'ISP/uart_test/N3969_30[1]_muxf6' is overwritten by new value.
W: Adm-4021: The attribute '.pap_unconnected_inputs' of object 'ISP/uart_test/N3969_30[2]_muxf6' is overwritten by new value.
W: Adm-4021: The attribute '.pap_unconnected_inputs' of object 'ISP/uart_test/N3969_30[2]_muxf6' is overwritten by new value.
W: Adm-4021: The attribute '.pap_unconnected_inputs' of object 'ISP/uart_test/N3969_32[0]_muxf6' is overwritten by new value.
W: Adm-4021: The attribute '.pap_unconnected_inputs' of object 'ISP/uart_test/N3969_32[0]_muxf6' is overwritten by new value.
W: Adm-4021: The attribute '.pap_unconnected_inputs' of object 'ISP/uart_test/N3969_32[1]_muxf6' is overwritten by new value.
W: Adm-4021: The attribute '.pap_unconnected_inputs' of object 'ISP/uart_test/N3969_32[1]_muxf6' is overwritten by new value.
W: Adm-4021: The attribute '.pap_unconnected_inputs' of object 'ISP/uart_test/N3969_32[2]_muxf6' is overwritten by new value.
W: Adm-4021: The attribute '.pap_unconnected_inputs' of object 'ISP/uart_test/N3969_32[2]_muxf6' is overwritten by new value.
W: Adm-4021: The attribute '.pap_unconnected_inputs' of object 'ISP/uart_test/N3969_32[3]_muxf6' is overwritten by new value.
W: Adm-4021: The attribute '.pap_unconnected_inputs' of object 'ISP/uart_test/N3969_32[3]_muxf6' is overwritten by new value.
W: Adm-4021: The attribute '.pap_unconnected_inputs' of object 'ISP/uart_test/N3969_32[4]_muxf6' is overwritten by new value.
W: Adm-4021: The attribute '.pap_unconnected_inputs' of object 'ISP/uart_test/N3969_32[4]_muxf6' is overwritten by new value.
W: Adm-4021: The attribute '.pap_unconnected_inputs' of object 'ISP/uart_test/N3969_32[6]_muxf6' is overwritten by new value.
W: Adm-4021: The attribute '.pap_unconnected_inputs' of object 'ISP/uart_test/N3969_32[6]_muxf6' is overwritten by new value.
W: Adm-4021: The attribute '.pap_unconnected_inputs' of object 'ISP/uart_test/N3969_33[0]_muxf6' is overwritten by new value.
W: Adm-4021: The attribute '.pap_unconnected_inputs' of object 'ISP/uart_test/N3969_33[0]_muxf6' is overwritten by new value.
W: Adm-4021: The attribute '.pap_unconnected_inputs' of object 'ISP/uart_test/N3969_33[1]_muxf6' is overwritten by new value.
W: Adm-4021: The attribute '.pap_unconnected_inputs' of object 'ISP/uart_test/N3969_33[1]_muxf6' is overwritten by new value.
W: Adm-4021: The attribute '.pap_unconnected_inputs' of object 'ISP/uart_test/N3969_33[2]_muxf6' is overwritten by new value.
W: Adm-4021: The attribute '.pap_unconnected_inputs' of object 'ISP/uart_test/N3969_33[2]_muxf6' is overwritten by new value.
W: Adm-4021: The attribute '.pap_unconnected_inputs' of object 'ISP/uart_test/N3969_33[3]_muxf6' is overwritten by new value.
W: Adm-4021: The attribute '.pap_unconnected_inputs' of object 'ISP/uart_test/N3969_33[3]_muxf6' is overwritten by new value.
W: Adm-4021: The attribute '.pap_unconnected_inputs' of object 'ISP/uart_test/N3969_33[4]_muxf6' is overwritten by new value.
W: Adm-4021: The attribute '.pap_unconnected_inputs' of object 'ISP/uart_test/N3969_33[4]_muxf6' is overwritten by new value.
W: Adm-4021: The attribute '.pap_unconnected_inputs' of object 'ISP/uart_test/N3969_33[6]_muxf6' is overwritten by new value.
W: Adm-4021: The attribute '.pap_unconnected_inputs' of object 'ISP/uart_test/N3969_33[6]_muxf6' is overwritten by new value.
W: Adm-4021: The attribute '.pap_unconnected_inputs' of object 'ISP/uart_test/N3969_35[3]_muxf6' is overwritten by new value.
W: Adm-4021: The attribute '.pap_unconnected_inputs' of object 'ISP/uart_test/N3969_35[3]_muxf6' is overwritten by new value.
W: Adm-4021: The attribute '.pap_unconnected_inputs' of object 'ISP/uart_test/N3969_36[0]_muxf6' is overwritten by new value.
W: Adm-4021: The attribute '.pap_unconnected_inputs' of object 'ISP/uart_test/N3969_36[0]_muxf6' is overwritten by new value.
W: Adm-4021: The attribute '.pap_unconnected_inputs' of object 'ISP/uart_test/N3969_36[1]_muxf6' is overwritten by new value.
W: Adm-4021: The attribute '.pap_unconnected_inputs' of object 'ISP/uart_test/N3969_36[1]_muxf6' is overwritten by new value.
W: Adm-4021: The attribute '.pap_unconnected_inputs' of object 'ISP/uart_test/N3969_36[2]_muxf6' is overwritten by new value.
W: Adm-4021: The attribute '.pap_unconnected_inputs' of object 'ISP/uart_test/N3969_36[2]_muxf6' is overwritten by new value.
W: Adm-4021: The attribute '.pap_unconnected_inputs' of object 'ISP/uart_test/N3969_36[4]_muxf6' is overwritten by new value.
W: Adm-4021: The attribute '.pap_unconnected_inputs' of object 'ISP/uart_test/N3969_36[4]_muxf6' is overwritten by new value.
W: Adm-4021: The attribute '.pap_unconnected_inputs' of object 'ISP/uart_test/N3969_36[6]_muxf6' is overwritten by new value.
W: Adm-4021: The attribute '.pap_unconnected_inputs' of object 'ISP/uart_test/N3969_36[6]_muxf6' is overwritten by new value.
W: Adm-4021: The attribute '.pap_unconnected_inputs' of object 'ISP/uart_test/N3969_37[0]_muxf6' is overwritten by new value.
W: Adm-4021: The attribute '.pap_unconnected_inputs' of object 'ISP/uart_test/N3969_37[0]_muxf6' is overwritten by new value.
W: Adm-4021: The attribute '.pap_unconnected_inputs' of object 'ISP/uart_test/N3969_37[1]_muxf6' is overwritten by new value.
W: Adm-4021: The attribute '.pap_unconnected_inputs' of object 'ISP/uart_test/N3969_37[1]_muxf6' is overwritten by new value.
W: Adm-4021: The attribute '.pap_unconnected_inputs' of object 'ISP/uart_test/N3969_37[2]_muxf6' is overwritten by new value.
W: Adm-4021: The attribute '.pap_unconnected_inputs' of object 'ISP/uart_test/N3969_37[2]_muxf6' is overwritten by new value.
W: Adm-4021: The attribute '.pap_unconnected_inputs' of object 'ISP/uart_test/N3969_37[3]_muxf6' is overwritten by new value.
W: Adm-4021: The attribute '.pap_unconnected_inputs' of object 'ISP/uart_test/N3969_37[3]_muxf6' is overwritten by new value.
W: Adm-4021: The attribute '.pap_unconnected_inputs' of object 'ISP/uart_test/N3969_39[0]_muxf6' is overwritten by new value.
W: Adm-4021: The attribute '.pap_unconnected_inputs' of object 'ISP/uart_test/N3969_39[0]_muxf6' is overwritten by new value.
W: Adm-4021: The attribute '.pap_unconnected_inputs' of object 'ISP/uart_test/N3969_39[1]_muxf6' is overwritten by new value.
W: Adm-4021: The attribute '.pap_unconnected_inputs' of object 'ISP/uart_test/N3969_39[1]_muxf6' is overwritten by new value.
W: Adm-4021: The attribute '.pap_unconnected_inputs' of object 'ISP/uart_test/N3969_39[2]_muxf6' is overwritten by new value.
W: Adm-4021: The attribute '.pap_unconnected_inputs' of object 'ISP/uart_test/N3969_39[2]_muxf6' is overwritten by new value.
W: Adm-4021: The attribute '.pap_unconnected_inputs' of object 'ISP/uart_test/N3969_39[3]_muxf6' is overwritten by new value.
W: Adm-4021: The attribute '.pap_unconnected_inputs' of object 'ISP/uart_test/N3969_39[3]_muxf6' is overwritten by new value.
W: Adm-4021: The attribute '.pap_unconnected_inputs' of object 'ISP/uart_test/N3969_39[4]_muxf6' is overwritten by new value.
W: Adm-4021: The attribute '.pap_unconnected_inputs' of object 'ISP/uart_test/N3969_39[4]_muxf6' is overwritten by new value.
W: Adm-4021: The attribute '.pap_unconnected_inputs' of object 'ISP/uart_test/N3969_39[6]_muxf6' is overwritten by new value.
W: Adm-4021: The attribute '.pap_unconnected_inputs' of object 'ISP/uart_test/N3969_39[6]_muxf6' is overwritten by new value.
W: Adm-4021: The attribute '.pap_unconnected_inputs' of object 'ISP/uart_test/N3969_42[3]_muxf6' is overwritten by new value.
W: Adm-4021: The attribute '.pap_unconnected_inputs' of object 'ISP/uart_test/N3969_42[3]_muxf6' is overwritten by new value.
W: Adm-4021: The attribute '.pap_unconnected_inputs' of object 'ISP/uart_test/N3969_43[0]_muxf6' is overwritten by new value.
W: Adm-4021: The attribute '.pap_unconnected_inputs' of object 'ISP/uart_test/N3969_43[0]_muxf6' is overwritten by new value.
W: Adm-4021: The attribute '.pap_unconnected_inputs' of object 'ISP/uart_test/N3969_43[1]_muxf6' is overwritten by new value.
W: Adm-4021: The attribute '.pap_unconnected_inputs' of object 'ISP/uart_test/N3969_43[1]_muxf6' is overwritten by new value.
W: Adm-4021: The attribute '.pap_unconnected_inputs' of object 'ISP/uart_test/N3969_43[2]_muxf6' is overwritten by new value.
W: Adm-4021: The attribute '.pap_unconnected_inputs' of object 'ISP/uart_test/N3969_43[2]_muxf6' is overwritten by new value.
W: Adm-4021: The attribute '.pap_unconnected_inputs' of object 'ISP/uart_test/N3969_43[4]_muxf6' is overwritten by new value.
W: Adm-4021: The attribute '.pap_unconnected_inputs' of object 'ISP/uart_test/N3969_43[4]_muxf6' is overwritten by new value.
W: Adm-4021: The attribute '.pap_unconnected_inputs' of object 'ISP/uart_test/N3969_43[6]_muxf6' is overwritten by new value.
W: Adm-4021: The attribute '.pap_unconnected_inputs' of object 'ISP/uart_test/N3969_43[6]_muxf6' is overwritten by new value.
W: Adm-4021: The attribute '.pap_unconnected_inputs' of object 'ISP/uart_test/N3969_46[0]_muxf6' is overwritten by new value.
W: Adm-4021: The attribute '.pap_unconnected_inputs' of object 'ISP/uart_test/N3969_46[0]_muxf6' is overwritten by new value.
W: Adm-4021: The attribute '.pap_unconnected_inputs' of object 'ISP/uart_test/N3969_46[2]_muxf6' is overwritten by new value.
W: Adm-4021: The attribute '.pap_unconnected_inputs' of object 'ISP/uart_test/N3969_46[2]_muxf6' is overwritten by new value.
W: Adm-4021: The attribute '.pap_unconnected_inputs' of object 'ISP/uart_test/N3969_46[3]_muxf6' is overwritten by new value.
W: Adm-4021: The attribute '.pap_unconnected_inputs' of object 'ISP/uart_test/N3969_46[3]_muxf6' is overwritten by new value.
W: Adm-4021: The attribute '.pap_unconnected_inputs' of object 'ISP/uart_test/N3969_46[5]_muxf6' is overwritten by new value.
W: Adm-4021: The attribute '.pap_unconnected_inputs' of object 'ISP/uart_test/N3969_46[5]_muxf6' is overwritten by new value.
W: Adm-4021: The attribute '.pap_unconnected_inputs' of object 'ISP/uart_test/N3969_47[1]_muxf6' is overwritten by new value.
W: Adm-4021: The attribute '.pap_unconnected_inputs' of object 'ISP/uart_test/N3969_47[1]_muxf6' is overwritten by new value.
W: Adm-4021: The attribute '.pap_unconnected_inputs' of object 'ISP/uart_test/N3969_47[4]_muxf6' is overwritten by new value.
W: Adm-4021: The attribute '.pap_unconnected_inputs' of object 'ISP/uart_test/N3969_47[4]_muxf6' is overwritten by new value.
W: Adm-4021: The attribute '.pap_unconnected_inputs' of object 'ISP/uart_test/N3969_48[0]_muxf6' is overwritten by new value.
W: Adm-4021: The attribute '.pap_unconnected_inputs' of object 'ISP/uart_test/N3969_48[0]_muxf6' is overwritten by new value.
W: Adm-4021: The attribute '.pap_unconnected_inputs' of object 'ISP/uart_test/N3969_48[5]_muxf6' is overwritten by new value.
W: Adm-4021: The attribute '.pap_unconnected_inputs' of object 'ISP/uart_test/N3969_48[5]_muxf6' is overwritten by new value.
W: Adm-4021: The attribute '.pap_unconnected_inputs' of object 'ISP/uart_test/N3969_48[6]_muxf6' is overwritten by new value.
W: Adm-4021: The attribute '.pap_unconnected_inputs' of object 'ISP/uart_test/N3969_48[6]_muxf6' is overwritten by new value.
W: Adm-4021: The attribute '.pap_unconnected_inputs' of object 'ISP/uart_test/N3969_49[2]_muxf6' is overwritten by new value.
W: Adm-4021: The attribute '.pap_unconnected_inputs' of object 'ISP/uart_test/N3969_49[2]_muxf6' is overwritten by new value.
W: Adm-4021: The attribute '.pap_unconnected_inputs' of object 'ISP/uart_test/N3969_49[4]_muxf6' is overwritten by new value.
W: Adm-4021: The attribute '.pap_unconnected_inputs' of object 'ISP/uart_test/N3969_49[4]_muxf6' is overwritten by new value.
W: Adm-4021: The attribute '.pap_unconnected_inputs' of object 'ISP/judge_single0_inst/judge_features/N229_9[2]_muxf6' is overwritten by new value.
W: Adm-4021: The attribute '.pap_unconnected_inputs' of object 'ISP/judge_single0_inst/judge_features/N229_9[2]_muxf6' is overwritten by new value.
W: Adm-4021: The attribute '.pap_unconnected_inputs' of object 'ISP/judge_single1_inst/judge_features/N229_9[2]_muxf6' is overwritten by new value.
W: Adm-4021: The attribute '.pap_unconnected_inputs' of object 'ISP/judge_single1_inst/judge_features/N229_9[2]_muxf6' is overwritten by new value.
W: Adm-4021: The attribute '.pap_unconnected_inputs' of object 'ISP/judge_single2_inst/judge_features/N229_9[2]_muxf6' is overwritten by new value.
W: Adm-4021: The attribute '.pap_unconnected_inputs' of object 'ISP/judge_single2_inst/judge_features/N229_9[2]_muxf6' is overwritten by new value.
W: Adm-4021: The attribute '.pap_unconnected_inputs' of object 'ISP/uart_test/uart_tx_inst/N114_7_muxf6' is overwritten by new value.
W: Adm-4021: The attribute '.pap_unconnected_inputs' of object 'ISP/uart_test/uart_tx_inst/N114_7_muxf6' is overwritten by new value.
W: Adm-4021: The attribute '.pap_unconnected_inputs' of object 'ISP/uart_test/N3969_6[0]_muxf7' is overwritten by new value.
W: Adm-4021: The attribute '.pap_unconnected_inputs' of object 'ISP/uart_test/N3969_6[0]_muxf7' is overwritten by new value.
W: Adm-4021: The attribute '.pap_unconnected_inputs' of object 'ISP/uart_test/N3969_6[1]_muxf7' is overwritten by new value.
W: Adm-4021: The attribute '.pap_unconnected_inputs' of object 'ISP/uart_test/N3969_6[1]_muxf7' is overwritten by new value.
W: Adm-4021: The attribute '.pap_unconnected_inputs' of object 'ISP/uart_test/N3969_6[2]_muxf7' is overwritten by new value.
W: Adm-4021: The attribute '.pap_unconnected_inputs' of object 'ISP/uart_test/N3969_6[2]_muxf7' is overwritten by new value.
W: Adm-4021: The attribute '.pap_unconnected_inputs' of object 'ISP/uart_test/N3969_6[4]_muxf7' is overwritten by new value.
W: Adm-4021: The attribute '.pap_unconnected_inputs' of object 'ISP/uart_test/N3969_6[4]_muxf7' is overwritten by new value.
W: Adm-4021: The attribute '.pap_unconnected_inputs' of object 'ISP/uart_test/N3969_6[6]_muxf7' is overwritten by new value.
W: Adm-4021: The attribute '.pap_unconnected_inputs' of object 'ISP/uart_test/N3969_6[6]_muxf7' is overwritten by new value.
W: Adm-4021: The attribute '.pap_unconnected_inputs' of object 'ISP/uart_test/N3969_10[0]_muxf7' is overwritten by new value.
W: Adm-4021: The attribute '.pap_unconnected_inputs' of object 'ISP/uart_test/N3969_10[0]_muxf7' is overwritten by new value.
W: Adm-4021: The attribute '.pap_unconnected_inputs' of object 'ISP/uart_test/N3969_10[1]_muxf7' is overwritten by new value.
W: Adm-4021: The attribute '.pap_unconnected_inputs' of object 'ISP/uart_test/N3969_10[1]_muxf7' is overwritten by new value.
W: Adm-4021: The attribute '.pap_unconnected_inputs' of object 'ISP/uart_test/N3969_10[2]_muxf7' is overwritten by new value.
W: Adm-4021: The attribute '.pap_unconnected_inputs' of object 'ISP/uart_test/N3969_10[2]_muxf7' is overwritten by new value.
W: Adm-4021: The attribute '.pap_unconnected_inputs' of object 'ISP/uart_test/N3969_15[3]_muxf7' is overwritten by new value.
W: Adm-4021: The attribute '.pap_unconnected_inputs' of object 'ISP/uart_test/N3969_15[3]_muxf7' is overwritten by new value.
W: Adm-4021: The attribute '.pap_unconnected_inputs' of object 'ISP/uart_test/N3969_20[0]_muxf7' is overwritten by new value.
W: Adm-4021: The attribute '.pap_unconnected_inputs' of object 'ISP/uart_test/N3969_20[0]_muxf7' is overwritten by new value.
W: Adm-4021: The attribute '.pap_unconnected_inputs' of object 'ISP/uart_test/N3969_20[1]_muxf7' is overwritten by new value.
W: Adm-4021: The attribute '.pap_unconnected_inputs' of object 'ISP/uart_test/N3969_20[1]_muxf7' is overwritten by new value.
W: Adm-4021: The attribute '.pap_unconnected_inputs' of object 'ISP/uart_test/N3969_20[2]_muxf7' is overwritten by new value.
W: Adm-4021: The attribute '.pap_unconnected_inputs' of object 'ISP/uart_test/N3969_20[2]_muxf7' is overwritten by new value.
W: Adm-4021: The attribute '.pap_unconnected_inputs' of object 'ISP/uart_test/N3969_20[3]_muxf7' is overwritten by new value.
W: Adm-4021: The attribute '.pap_unconnected_inputs' of object 'ISP/uart_test/N3969_20[3]_muxf7' is overwritten by new value.
W: Adm-4021: The attribute '.pap_unconnected_inputs' of object 'ISP/uart_test/N3969_20[4]_muxf7' is overwritten by new value.
W: Adm-4021: The attribute '.pap_unconnected_inputs' of object 'ISP/uart_test/N3969_20[4]_muxf7' is overwritten by new value.
W: Adm-4021: The attribute '.pap_unconnected_inputs' of object 'ISP/uart_test/N3969_20[6]_muxf7' is overwritten by new value.
W: Adm-4021: The attribute '.pap_unconnected_inputs' of object 'ISP/uart_test/N3969_20[6]_muxf7' is overwritten by new value.
W: Adm-4021: The attribute '.pap_unconnected_inputs' of object 'ISP/uart_test/N3969_24[0]_muxf7' is overwritten by new value.
W: Adm-4021: The attribute '.pap_unconnected_inputs' of object 'ISP/uart_test/N3969_24[0]_muxf7' is overwritten by new value.
W: Adm-4021: The attribute '.pap_unconnected_inputs' of object 'ISP/uart_test/N3969_24[1]_muxf7' is overwritten by new value.
W: Adm-4021: The attribute '.pap_unconnected_inputs' of object 'ISP/uart_test/N3969_24[1]_muxf7' is overwritten by new value.
W: Adm-4021: The attribute '.pap_unconnected_inputs' of object 'ISP/uart_test/N3969_24[2]_muxf7' is overwritten by new value.
W: Adm-4021: The attribute '.pap_unconnected_inputs' of object 'ISP/uart_test/N3969_24[2]_muxf7' is overwritten by new value.
W: Adm-4021: The attribute '.pap_unconnected_inputs' of object 'ISP/uart_test/N3969_27[1]_muxf7' is overwritten by new value.
W: Adm-4021: The attribute '.pap_unconnected_inputs' of object 'ISP/uart_test/N3969_27[1]_muxf7' is overwritten by new value.
W: Adm-4021: The attribute '.pap_unconnected_inputs' of object 'ISP/uart_test/N3969_27[3]_muxf7' is overwritten by new value.
W: Adm-4021: The attribute '.pap_unconnected_inputs' of object 'ISP/uart_test/N3969_27[3]_muxf7' is overwritten by new value.
W: Adm-4021: The attribute '.pap_unconnected_inputs' of object 'ISP/uart_test/N3969_34[0]_muxf7' is overwritten by new value.
W: Adm-4021: The attribute '.pap_unconnected_inputs' of object 'ISP/uart_test/N3969_34[0]_muxf7' is overwritten by new value.
W: Adm-4021: The attribute '.pap_unconnected_inputs' of object 'ISP/uart_test/N3969_34[1]_muxf7' is overwritten by new value.
W: Adm-4021: The attribute '.pap_unconnected_inputs' of object 'ISP/uart_test/N3969_34[1]_muxf7' is overwritten by new value.
W: Adm-4021: The attribute '.pap_unconnected_inputs' of object 'ISP/uart_test/N3969_34[2]_muxf7' is overwritten by new value.
W: Adm-4021: The attribute '.pap_unconnected_inputs' of object 'ISP/uart_test/N3969_34[2]_muxf7' is overwritten by new value.
W: Adm-4021: The attribute '.pap_unconnected_inputs' of object 'ISP/uart_test/N3969_34[4]_muxf7' is overwritten by new value.
W: Adm-4021: The attribute '.pap_unconnected_inputs' of object 'ISP/uart_test/N3969_34[4]_muxf7' is overwritten by new value.
W: Adm-4021: The attribute '.pap_unconnected_inputs' of object 'ISP/uart_test/N3969_34[6]_muxf7' is overwritten by new value.
W: Adm-4021: The attribute '.pap_unconnected_inputs' of object 'ISP/uart_test/N3969_34[6]_muxf7' is overwritten by new value.
W: Adm-4021: The attribute '.pap_unconnected_inputs' of object 'ISP/uart_test/N3969_38[0]_muxf7' is overwritten by new value.
W: Adm-4021: The attribute '.pap_unconnected_inputs' of object 'ISP/uart_test/N3969_38[0]_muxf7' is overwritten by new value.
W: Adm-4021: The attribute '.pap_unconnected_inputs' of object 'ISP/uart_test/N3969_38[1]_muxf7' is overwritten by new value.
W: Adm-4021: The attribute '.pap_unconnected_inputs' of object 'ISP/uart_test/N3969_38[1]_muxf7' is overwritten by new value.
W: Adm-4021: The attribute '.pap_unconnected_inputs' of object 'ISP/uart_test/N3969_38[2]_muxf7' is overwritten by new value.
W: Adm-4021: The attribute '.pap_unconnected_inputs' of object 'ISP/uart_test/N3969_38[2]_muxf7' is overwritten by new value.
W: Adm-4021: The attribute '.pap_unconnected_inputs' of object 'ISP/uart_test/N3969_43[3]_muxf7' is overwritten by new value.
W: Adm-4021: The attribute '.pap_unconnected_inputs' of object 'ISP/uart_test/N3969_43[3]_muxf7' is overwritten by new value.
W: Adm-4021: The attribute '.pap_unconnected_inputs' of object 'ISP/uart_test/N3969_48[1]_muxf7' is overwritten by new value.
W: Adm-4021: The attribute '.pap_unconnected_inputs' of object 'ISP/uart_test/N3969_48[1]_muxf7' is overwritten by new value.
W: Adm-4021: The attribute '.pap_unconnected_inputs' of object 'ISP/uart_test/N3969_28[1]_muxf8' is overwritten by new value.
W: Adm-4021: The attribute '.pap_unconnected_inputs' of object 'u_ipsl_hmic_h_top/u_ipsl_hmic_h_phy_top/u_phy_io_v1_1/genblk2.iob_08_09_dut/opit_2_O' is overwritten by new value.
W: Adm-4021: The attribute '.pap_unconnected_inputs' of object 'u_ipsl_hmic_h_top/u_ipsl_hmic_h_phy_top/u_phy_io_v1_1/genblk3.iob_30_31_dut/opit_2_O' is overwritten by new value.
W: Adm-4021: The attribute '.pap_unconnected_inputs' of object 'u_ipsl_hmic_h_top/u_ipsl_hmic_h_phy_top/u_phy_io_v1_1/iob_03_dut/opit_1_DELI_O' is overwritten by new value.
W: Adm-4021: The attribute '.pap_unconnected_inputs' of object 'u_ipsl_hmic_h_top/u_ipsl_hmic_h_phy_top/u_phy_io_v1_1/iob_04_dut/opit_1_DELI_O' is overwritten by new value.
W: Adm-4021: The attribute '.pap_unconnected_inputs' of object 'u_ipsl_hmic_h_top/u_ipsl_hmic_h_phy_top/u_phy_io_v1_1/iob_05_dut/opit_1_DELI_O' is overwritten by new value.
W: Adm-4021: The attribute '.pap_unconnected_inputs' of object 'u_ipsl_hmic_h_top/u_ipsl_hmic_h_phy_top/u_phy_io_v1_1/iob_06_dut/opit_1_DELI_O' is overwritten by new value.
W: Adm-4021: The attribute '.pap_unconnected_inputs' of object 'u_ipsl_hmic_h_top/u_ipsl_hmic_h_phy_top/u_phy_io_v1_1/iob_07_dut/opit_1_DELI_O' is overwritten by new value.
W: Adm-4021: The attribute '.pap_unconnected_inputs' of object 'u_ipsl_hmic_h_top/u_ipsl_hmic_h_phy_top/u_phy_io_v1_1/iob_10_dut/opit_1_DELI_O' is overwritten by new value.
W: Adm-4021: The attribute '.pap_unconnected_inputs' of object 'u_ipsl_hmic_h_top/u_ipsl_hmic_h_phy_top/u_phy_io_v1_1/iob_11_dut/opit_1_DELI_O' is overwritten by new value.
W: Adm-4021: The attribute '.pap_unconnected_inputs' of object 'u_ipsl_hmic_h_top/u_ipsl_hmic_h_phy_top/u_phy_io_v1_1/iob_12_dut/opit_1_DELI_O' is overwritten by new value.
W: Adm-4021: The attribute '.pap_unconnected_inputs' of object 'u_ipsl_hmic_h_top/u_ipsl_hmic_h_phy_top/u_phy_io_v1_1/iob_27_dut/opit_1_DELI_O' is overwritten by new value.
W: Adm-4021: The attribute '.pap_unconnected_inputs' of object 'u_ipsl_hmic_h_top/u_ipsl_hmic_h_phy_top/u_phy_io_v1_1/iob_28_dut/opit_1_DELI_O' is overwritten by new value.
W: Adm-4021: The attribute '.pap_unconnected_inputs' of object 'u_ipsl_hmic_h_top/u_ipsl_hmic_h_phy_top/u_phy_io_v1_1/iob_29_dut/opit_1_DELI_O' is overwritten by new value.
W: Adm-4021: The attribute '.pap_unconnected_inputs' of object 'u_ipsl_hmic_h_top/u_ipsl_hmic_h_phy_top/u_phy_io_v1_1/iob_32_dut/opit_1_DELI_O' is overwritten by new value.
W: Adm-4021: The attribute '.pap_unconnected_inputs' of object 'u_ipsl_hmic_h_top/u_ipsl_hmic_h_phy_top/u_phy_io_v1_1/iob_33_dut/opit_1_DELI_O' is overwritten by new value.
W: Adm-4021: The attribute '.pap_unconnected_inputs' of object 'u_ipsl_hmic_h_top/u_ipsl_hmic_h_phy_top/u_phy_io_v1_1/iob_34_dut/opit_1_DELI_O' is overwritten by new value.
W: Adm-4021: The attribute '.pap_unconnected_inputs' of object 'u_ipsl_hmic_h_top/u_ipsl_hmic_h_phy_top/u_phy_io_v1_1/iob_35_dut/opit_1_DELI_O' is overwritten by new value.
W: Adm-4021: The attribute '.pap_unconnected_inputs' of object 'u_ipsl_hmic_h_top/u_ipsl_hmic_h_phy_top/u_phy_io_v1_1/iob_36_dut/opit_1_DELI_O' is overwritten by new value.
W: Adm-4021: The attribute '.pap_unconnected_inputs' of object 'u_ipsl_hmic_h_top/u_ipsl_hmic_h_phy_top/u_phy_io_v1_1/iob_58_dut/opit_1_IOL' is overwritten by new value.
W: Adm-4021: The attribute '.pap_unconnected_inputs' of object 'u_ipsl_hmic_h_top/u_ipsl_hmic_h_phy_top/u_phy_io_v1_1/iob_59_dut/opit_1_IOL' is overwritten by new value.
W: Adm-4021: The attribute '.pap_unconnected_inputs' of object 'u_ipsl_hmic_h_top/u_ipsl_hmic_h_phy_top/u_phy_io_v1_1/iob_55_dut/opit_1_IOL' is overwritten by new value.
W: Adm-4021: The attribute '.pap_unconnected_inputs' of object 'u_ipsl_hmic_h_top/u_ipsl_hmic_h_phy_top/u_phy_io_v1_1/iob_57_dut/opit_1_IOL' is overwritten by new value.
W: Adm-4021: The attribute '.pap_unconnected_inputs' of object 'u_ipsl_hmic_h_top/u_ipsl_hmic_h_phy_top/u_phy_io_v1_1/iob_56_dut/opit_1_IOL' is overwritten by new value.
W: Adm-4021: The attribute '.pap_unconnected_inputs' of object 'u_ipsl_hmic_h_top/u_ipsl_hmic_h_phy_top/u_phy_io_v1_1/iob_51_dut/opit_1_IOL' is overwritten by new value.
W: Adm-4021: The attribute '.pap_unconnected_inputs' of object 'u_ipsl_hmic_h_top/u_ipsl_hmic_h_phy_top/u_phy_io_v1_1/iob_52_dut/opit_1_IOL' is overwritten by new value.
W: Adm-4021: The attribute '.pap_unconnected_inputs' of object 'u_ipsl_hmic_h_top/u_ipsl_hmic_h_phy_top/u_phy_io_v1_1/iob_02_dut/opit_1_IOL' is overwritten by new value.
W: Adm-4021: The attribute '.pap_unconnected_inputs' of object 'u_ipsl_hmic_h_top/u_ipsl_hmic_h_phy_top/u_phy_io_v1_1/iob_16_17_dut/opit_3_IOL' is overwritten by new value.
W: Adm-4021: The attribute '.pap_unconnected_inputs' of object 'u_ipsl_hmic_h_top/u_ipsl_hmic_h_phy_top/u_phy_io_v1_1/iob_18_dut/opit_1_IOL' is overwritten by new value.
W: Adm-4021: The attribute '.pap_unconnected_inputs' of object 'u_ipsl_hmic_h_top/u_ipsl_hmic_h_phy_top/u_phy_io_v1_1/iob_19_dut/opit_1_IOL' is overwritten by new value.
W: Adm-4021: The attribute '.pap_unconnected_inputs' of object 'u_ipsl_hmic_h_top/u_ipsl_hmic_h_phy_top/u_phy_io_v1_1/iob_20_dut/opit_1_IOL' is overwritten by new value.
W: Adm-4021: The attribute '.pap_unconnected_inputs' of object 'u_ipsl_hmic_h_top/u_ipsl_hmic_h_phy_top/u_phy_io_v1_1/iob_21_dut/opit_1_IOL' is overwritten by new value.
W: Adm-4021: The attribute '.pap_unconnected_inputs' of object 'u_ipsl_hmic_h_top/u_ipsl_hmic_h_phy_top/u_phy_io_v1_1/iob_22_dut/opit_1_IOL' is overwritten by new value.
W: Adm-4021: The attribute '.pap_unconnected_inputs' of object 'u_ipsl_hmic_h_top/u_ipsl_hmic_h_phy_top/u_phy_io_v1_1/iob_23_dut/opit_1_IOL' is overwritten by new value.
W: Adm-4021: The attribute '.pap_unconnected_inputs' of object 'u_ipsl_hmic_h_top/u_ipsl_hmic_h_phy_top/u_phy_io_v1_1/iob_24_dut/opit_1_IOL' is overwritten by new value.
W: Adm-4021: The attribute '.pap_unconnected_inputs' of object 'u_ipsl_hmic_h_top/u_ipsl_hmic_h_phy_top/u_phy_io_v1_1/iob_25_dut/opit_1_IOL' is overwritten by new value.
W: Adm-4021: The attribute '.pap_unconnected_inputs' of object 'u_ipsl_hmic_h_top/u_ipsl_hmic_h_phy_top/u_phy_io_v1_1/iob_37_dut/opit_1_IOL' is overwritten by new value.
W: Adm-4021: The attribute '.pap_unconnected_inputs' of object 'u_ipsl_hmic_h_top/u_ipsl_hmic_h_phy_top/u_phy_io_v1_1/iob_40_dut/opit_1_IOL' is overwritten by new value.
W: Adm-4021: The attribute '.pap_unconnected_inputs' of object 'u_ipsl_hmic_h_top/u_ipsl_hmic_h_phy_top/u_phy_io_v1_1/iob_41_dut/opit_1_IOL' is overwritten by new value.
W: Adm-4021: The attribute '.pap_unconnected_inputs' of object 'u_ipsl_hmic_h_top/u_ipsl_hmic_h_phy_top/u_phy_io_v1_1/iob_42_dut/opit_1_IOL' is overwritten by new value.
W: Adm-4021: The attribute '.pap_unconnected_inputs' of object 'u_ipsl_hmic_h_top/u_ipsl_hmic_h_phy_top/u_phy_io_v1_1/iob_43_dut/opit_1_IOL' is overwritten by new value.
W: Adm-4021: The attribute '.pap_unconnected_inputs' of object 'u_ipsl_hmic_h_top/u_ipsl_hmic_h_phy_top/u_phy_io_v1_1/iob_44_dut/opit_1_IOL' is overwritten by new value.
W: Adm-4021: The attribute '.pap_unconnected_inputs' of object 'u_ipsl_hmic_h_top/u_ipsl_hmic_h_phy_top/u_phy_io_v1_1/iob_45_dut/opit_1_IOL' is overwritten by new value.
W: Adm-4021: The attribute '.pap_unconnected_inputs' of object 'u_ipsl_hmic_h_top/u_ipsl_hmic_h_phy_top/u_phy_io_v1_1/iob_46_dut/opit_1_IOL' is overwritten by new value.
W: Adm-4021: The attribute '.pap_unconnected_inputs' of object 'u_ipsl_hmic_h_top/u_ipsl_hmic_h_phy_top/u_phy_io_v1_1/iob_47_dut/opit_1_IOL' is overwritten by new value.
W: Adm-4021: The attribute '.pap_unconnected_inputs' of object 'u_ipsl_hmic_h_top/u_ipsl_hmic_h_phy_top/u_phy_io_v1_1/iob_48_dut/opit_1_IOL' is overwritten by new value.
W: Adm-4021: The attribute '.pap_unconnected_inputs' of object 'u_ipsl_hmic_h_top/u_ipsl_hmic_h_phy_top/u_phy_io_v1_1/iob_49_dut/opit_1_IOL' is overwritten by new value.
W: Adm-4021: The attribute '.pap_unconnected_inputs' of object 'u_ipsl_hmic_h_top/u_ipsl_hmic_h_phy_top/u_phy_io_v1_1/iol_iddr3_dut/gateop_inv_IO' is overwritten by new value.
W: Adm-4021: The attribute '.pap_unconnected_inputs' of object 'u_ipsl_hmic_h_top/u_ipsl_hmic_h_phy_top/u_phy_io_v1_1/iol_iddr4_dut/gateop_inv_IO' is overwritten by new value.
W: Adm-4021: The attribute '.pap_unconnected_inputs' of object 'u_ipsl_hmic_h_top/u_ipsl_hmic_h_phy_top/u_phy_io_v1_1/iol_iddr5_dut/gateop_inv_IO' is overwritten by new value.
W: Adm-4021: The attribute '.pap_unconnected_inputs' of object 'u_ipsl_hmic_h_top/u_ipsl_hmic_h_phy_top/u_phy_io_v1_1/iol_iddr6_dut/gateop_inv_IO' is overwritten by new value.
W: Adm-4021: The attribute '.pap_unconnected_inputs' of object 'u_ipsl_hmic_h_top/u_ipsl_hmic_h_phy_top/u_phy_io_v1_1/iol_iddr7_dut/gateop_inv_IO' is overwritten by new value.
W: Adm-4021: The attribute '.pap_unconnected_inputs' of object 'u_ipsl_hmic_h_top/u_ipsl_hmic_h_phy_top/u_phy_io_v1_1/iol_iddr10_dut/gateop_inv_IO' is overwritten by new value.
W: Adm-4021: The attribute '.pap_unconnected_inputs' of object 'u_ipsl_hmic_h_top/u_ipsl_hmic_h_phy_top/u_phy_io_v1_1/iol_iddr11_dut/gateop_inv_IO' is overwritten by new value.
W: Adm-4021: The attribute '.pap_unconnected_inputs' of object 'u_ipsl_hmic_h_top/u_ipsl_hmic_h_phy_top/u_phy_io_v1_1/iol_iddr12_dut/gateop_inv_IO' is overwritten by new value.
W: Adm-4021: The attribute '.pap_unconnected_inputs' of object 'u_ipsl_hmic_h_top/u_ipsl_hmic_h_phy_top/u_phy_io_v1_1/iol_iddr27_dut/gateop_inv_IO' is overwritten by new value.
W: Adm-4021: The attribute '.pap_unconnected_inputs' of object 'u_ipsl_hmic_h_top/u_ipsl_hmic_h_phy_top/u_phy_io_v1_1/iol_iddr28_dut/gateop_inv_IO' is overwritten by new value.
W: Adm-4021: The attribute '.pap_unconnected_inputs' of object 'u_ipsl_hmic_h_top/u_ipsl_hmic_h_phy_top/u_phy_io_v1_1/iol_iddr29_dut/gateop_inv_IO' is overwritten by new value.
W: Adm-4021: The attribute '.pap_unconnected_inputs' of object 'u_ipsl_hmic_h_top/u_ipsl_hmic_h_phy_top/u_phy_io_v1_1/iol_iddr32_dut/gateop_inv_IO' is overwritten by new value.
W: Adm-4021: The attribute '.pap_unconnected_inputs' of object 'u_ipsl_hmic_h_top/u_ipsl_hmic_h_phy_top/u_phy_io_v1_1/iol_iddr33_dut/gateop_inv_IO' is overwritten by new value.
W: Adm-4021: The attribute '.pap_unconnected_inputs' of object 'u_ipsl_hmic_h_top/u_ipsl_hmic_h_phy_top/u_phy_io_v1_1/iol_iddr34_dut/gateop_inv_IO' is overwritten by new value.
W: Adm-4021: The attribute '.pap_unconnected_inputs' of object 'u_ipsl_hmic_h_top/u_ipsl_hmic_h_phy_top/u_phy_io_v1_1/iol_iddr35_dut/gateop_inv_IO' is overwritten by new value.
W: Adm-4021: The attribute '.pap_unconnected_inputs' of object 'u_ipsl_hmic_h_top/u_ipsl_hmic_h_phy_top/u_phy_io_v1_1/iol_iddr36_dut/gateop_inv_IO' is overwritten by new value.
W: Adm-4021: The attribute '.pap_unconnected_inputs' of object 'u_ipsl_hmic_h_top/u_ipsl_hmic_h_ddrc_top/u_ddrc_reset_ctrl_v1_1/u_ddrc_apb_reset_v1_1/psel/opit_0_inv_L5Q' is overwritten by new value.
W: Adm-4021: The attribute '.pap_unconnected_inputs' of object 'ISP/uart_test/state_1/opit_0_inv_L5Q' is overwritten by new value.
W: Adm-4021: The attribute '.pap_unconnected_inputs' of object 'ISP/uart_test/state_2/opit_0_inv_L5Q' is overwritten by new value.
W: Adm-4021: The attribute '.pap_unconnected_inputs' of object 'ISP/uart_test/tx_cnt[0]/opit_0_inv_A2Q0' is overwritten by new value.
W: Adm-4021: The attribute '.pap_unconnected_inputs' of object 'ISP/uart_test/tx_cnt1[0]/opit_0_L5Q' is overwritten by new value.
W: Adm-4021: The attribute '.pap_unconnected_inputs' of object 'ISP/uart_test/tx_cnt2[0]/opit_0_L5Q' is overwritten by new value.
W: Adm-4021: The attribute '.pap_unconnected_inputs' of object 'ISP/uart_test/tx_cnt2[1]/opit_0_L5Q' is overwritten by new value.
W: Adm-4021: The attribute '.pap_unconnected_inputs' of object 'ISP/uart_test/tx_cnt2[2]/opit_0_L5Q' is overwritten by new value.
W: Adm-4021: The attribute '.pap_unconnected_inputs' of object 'ISP/uart_test/tx_cnt2[3]/opit_0_L5Q' is overwritten by new value.
W: Adm-4021: The attribute '.pap_unconnected_inputs' of object 'ISP/uart_test/tx_cnt2[4]/opit_0_L5Q' is overwritten by new value.
W: Adm-4021: The attribute '.pap_unconnected_inputs' of object 'ISP/uart_test/tx_cnt3[0]/opit_0_L5Q' is overwritten by new value.
W: Adm-4021: The attribute '.pap_unconnected_inputs' of object 'ISP/uart_test/tx_cnt3[1]/opit_0_L5Q' is overwritten by new value.
W: Adm-4021: The attribute '.pap_unconnected_inputs' of object 'ISP/uart_test/tx_cnt3[2]/opit_0_L5Q' is overwritten by new value.
W: Adm-4021: The attribute '.pap_unconnected_inputs' of object 'ISP/uart_test/tx_cnt4[0]/opit_0_L5Q' is overwritten by new value.
W: Adm-4021: The attribute '.pap_unconnected_inputs' of object 'ISP/uart_test/tx_cnt4[1]/opit_0_L5Q' is overwritten by new value.
W: Adm-4021: The attribute '.pap_unconnected_inputs' of object 'ISP/uart_test/tx_cnt4[2]/opit_0_L5Q' is overwritten by new value.
W: Adm-4021: The attribute '.pap_unconnected_inputs' of object 'ISP/uart_test/tx_cnt4[3]/opit_0_L5Q' is overwritten by new value.
W: Adm-4021: The attribute '.pap_unconnected_inputs' of object 'ISP/uart_test/tx_cnt4[4]/opit_0_L5Q' is overwritten by new value.
W: Adm-4021: The attribute '.pap_unconnected_inputs' of object 'ISP/uart_test/tx_cnt5[0]/opit_0_L5Q' is overwritten by new value.
W: Adm-4021: The attribute '.pap_unconnected_inputs' of object 'ISP/uart_test/tx_cnt5[1]/opit_0_L5Q' is overwritten by new value.
W: Adm-4021: The attribute '.pap_unconnected_inputs' of object 'ISP/uart_test/tx_cnt5[2]/opit_0_L5Q' is overwritten by new value.
W: Adm-4021: The attribute '.pap_unconnected_inputs' of object 'ISP/uart_test/tx_cnt6[0]/opit_0_L5Q' is overwritten by new value.
W: Adm-4021: The attribute '.pap_unconnected_inputs' of object 'ISP/uart_test/tx_cnt6[1]/opit_0_L5Q' is overwritten by new value.
W: Adm-4021: The attribute '.pap_unconnected_inputs' of object 'ISP/uart_test/tx_cnt6[2]/opit_0_L5Q' is overwritten by new value.
W: Adm-4021: The attribute '.pap_unconnected_inputs' of object 'ISP/uart_test/tx_cnt6[3]/opit_0_L5Q' is overwritten by new value.
W: Adm-4021: The attribute '.pap_unconnected_inputs' of object 'ISP/uart_test/tx_cnt6[4]/opit_0_L5Q' is overwritten by new value.
W: Adm-4021: The attribute '.pap_unconnected_inputs' of object 'ISP/uart_test/tx_cnt[1]/opit_0_inv_A2Q21' is overwritten by new value.
W: Adm-4021: The attribute '.pap_unconnected_inputs' of object 'ISP/uart_test/tx_cnt[2]/opit_0_inv_A2Q0' is overwritten by new value.
W: Adm-4021: The attribute '.pap_unconnected_inputs' of object 'ISP/uart_test/tx_cnt[3]/opit_0_inv_A2Q21' is overwritten by new value.
W: Adm-4021: The attribute '.pap_unconnected_inputs' of object 'ISP/uart_test/tx_cnt[4]/opit_0_inv_A2Q0' is overwritten by new value.
W: Adm-4021: The attribute '.pap_unconnected_inputs' of object 'ISP/uart_test/tx_cnt[5]/opit_0_inv_A2Q21' is overwritten by new value.
W: Adm-4021: The attribute '.pap_unconnected_inputs' of object 'ISP/uart_test/tx_cnt[6]/opit_0_inv_A2Q0' is overwritten by new value.
W: Adm-4021: The attribute '.pap_unconnected_inputs' of object 'ISP/uart_test/tx_cnt[7]/opit_0_inv_A2Q21' is overwritten by new value.
W: Adm-4021: The attribute '.pap_unconnected_inputs' of object 'ISP/uart_test/tx_data[7]/opit_0_inv_L5Q' is overwritten by new value.
W: Adm-4021: The attribute '.pap_unconnected_inputs' of object 'ISP/uart_test/tx_data_valid/opit_0_inv_L5Q' is overwritten by new value.
W: Adm-4021: The attribute '.pap_unconnected_inputs' of object 'ISP/uart_test/wait_cnt[0]/opit_0_inv_A2Q0' is overwritten by new value.
W: Adm-4021: The attribute '.pap_unconnected_inputs' of object 'ISP/uart_test/wait_cnt[1]/opit_0_inv_A2Q21' is overwritten by new value.
W: Adm-4021: The attribute '.pap_unconnected_inputs' of object 'ISP/uart_test/wait_cnt[2]/opit_0_inv_A2Q0' is overwritten by new value.
W: Adm-4021: The attribute '.pap_unconnected_inputs' of object 'ISP/uart_test/wait_cnt[3]/opit_0_inv_A2Q21' is overwritten by new value.
W: Adm-4021: The attribute '.pap_unconnected_inputs' of object 'ISP/uart_test/wait_cnt[4]/opit_0_inv_A2Q0' is overwritten by new value.
W: Adm-4021: The attribute '.pap_unconnected_inputs' of object 'ISP/uart_test/wait_cnt[5]/opit_0_inv_A2Q21' is overwritten by new value.
W: Adm-4021: The attribute '.pap_unconnected_inputs' of object 'ISP/uart_test/wait_cnt[6]/opit_0_inv_A2Q0' is overwritten by new value.
W: Adm-4021: The attribute '.pap_unconnected_inputs' of object 'ISP/uart_test/wait_cnt[7]/opit_0_inv_A2Q21' is overwritten by new value.
W: Adm-4021: The attribute '.pap_unconnected_inputs' of object 'ISP/uart_test/wait_cnt[8]/opit_0_inv_A2Q0' is overwritten by new value.
W: Adm-4021: The attribute '.pap_unconnected_inputs' of object 'ISP/uart_test/wait_cnt[9]/opit_0_inv_A2Q21' is overwritten by new value.
W: Adm-4021: The attribute '.pap_unconnected_inputs' of object 'ISP/uart_test/wait_cnt[10]/opit_0_inv_A2Q0' is overwritten by new value.
W: Adm-4021: The attribute '.pap_unconnected_inputs' of object 'ISP/uart_test/wait_cnt[11]/opit_0_inv_A2Q21' is overwritten by new value.
W: Adm-4021: The attribute '.pap_unconnected_inputs' of object 'ISP/uart_test/wait_cnt[12]/opit_0_inv_A2Q0' is overwritten by new value.
W: Adm-4021: The attribute '.pap_unconnected_inputs' of object 'ISP/uart_test/wait_cnt[13]/opit_0_inv_A2Q21' is overwritten by new value.
W: Adm-4021: The attribute '.pap_unconnected_inputs' of object 'ISP/uart_test/wait_cnt[14]/opit_0_inv_A2Q0' is overwritten by new value.
W: Adm-4021: The attribute '.pap_unconnected_inputs' of object 'ISP/uart_test/wait_cnt[15]/opit_0_inv_A2Q21' is overwritten by new value.
W: Adm-4021: The attribute '.pap_unconnected_inputs' of object 'ISP/uart_test/wait_cnt[16]/opit_0_inv_A2Q0' is overwritten by new value.
W: Adm-4021: The attribute '.pap_unconnected_inputs' of object 'ISP/uart_test/wait_cnt[17]/opit_0_inv_A2Q21' is overwritten by new value.
W: Adm-4021: The attribute '.pap_unconnected_inputs' of object 'ISP/uart_test/wait_cnt[18]/opit_0_inv_A2Q0' is overwritten by new value.
W: Adm-4021: The attribute '.pap_unconnected_inputs' of object 'ISP/uart_test/wait_cnt[19]/opit_0_inv_A2Q21' is overwritten by new value.
W: Adm-4021: The attribute '.pap_unconnected_inputs' of object 'ISP/uart_test/wait_cnt[20]/opit_0_inv_A2Q0' is overwritten by new value.
W: Adm-4021: The attribute '.pap_unconnected_inputs' of object 'ISP/uart_test/wait_cnt[21]/opit_0_inv_A2Q21' is overwritten by new value.
W: Adm-4021: The attribute '.pap_unconnected_inputs' of object 'ISP/uart_test/wait_cnt[22]/opit_0_inv_A2Q0' is overwritten by new value.
W: Adm-4021: The attribute '.pap_unconnected_inputs' of object 'ISP/uart_test/wait_cnt[23]/opit_0_inv_A2Q21' is overwritten by new value.
W: Adm-4021: The attribute '.pap_unconnected_inputs' of object 'ISP/uart_test/wait_cnt[24]/opit_0_inv_A2Q0' is overwritten by new value.
W: Adm-4021: The attribute '.pap_unconnected_inputs' of object 'ISP/uart_test/wait_cnt[25]/opit_0_inv_A2Q21' is overwritten by new value.
W: Adm-4021: The attribute '.pap_unconnected_inputs' of object 'ISP/uart_test/wait_cnt[26]/opit_0_inv_A2Q0' is overwritten by new value.
W: Adm-4021: The attribute '.pap_unconnected_inputs' of object 'ISP/uart_test/wait_cnt[27]/opit_0_inv_A2Q21' is overwritten by new value.
W: Adm-4021: The attribute '.pap_unconnected_inputs' of object 'ISP/uart_test/wait_cnt[28]/opit_0_inv_A2Q0' is overwritten by new value.
W: Adm-4021: The attribute '.pap_unconnected_inputs' of object 'ISP/uart_test/wait_cnt[29]/opit_0_inv_A2Q21' is overwritten by new value.
W: Adm-4021: The attribute '.pap_unconnected_inputs' of object 'ISP/uart_test/wait_cnt[30]/opit_0_inv_A2Q0' is overwritten by new value.
W: Adm-4021: The attribute '.pap_unconnected_inputs' of object 'ISP/uart_test/wait_cnt[31]/opit_0_inv_A2Q21' is overwritten by new value.
W: Adm-4021: The attribute '.pap_unconnected_inputs' of object 'ISP/judge_single0_inst/HVcount/hcount_r[0]/opit_0_inv_A2Q0' is overwritten by new value.
W: Adm-4021: The attribute '.pap_unconnected_inputs' of object 'ISP/judge_single0_inst/HVcount/hcount_r[1]/opit_0_inv_A2Q21' is overwritten by new value.
W: Adm-4021: The attribute '.pap_unconnected_inputs' of object 'ISP/judge_single0_inst/HVcount/hcount_r[2]/opit_0_inv_A2Q0' is overwritten by new value.
W: Adm-4021: The attribute '.pap_unconnected_inputs' of object 'ISP/judge_single0_inst/HVcount/hcount_r[3]/opit_0_inv_A2Q21' is overwritten by new value.
W: Adm-4021: The attribute '.pap_unconnected_inputs' of object 'ISP/judge_single0_inst/HVcount/hcount_r[4]/opit_0_inv_A2Q0' is overwritten by new value.
W: Adm-4021: The attribute '.pap_unconnected_inputs' of object 'ISP/judge_single0_inst/HVcount/hcount_r[5]/opit_0_inv_A2Q21' is overwritten by new value.
W: Adm-4021: The attribute '.pap_unconnected_inputs' of object 'ISP/judge_single0_inst/HVcount/hcount_r[6]/opit_0_inv_A2Q0' is overwritten by new value.
W: Adm-4021: The attribute '.pap_unconnected_inputs' of object 'ISP/judge_single0_inst/HVcount/hcount_r[7]/opit_0_inv_A2Q21' is overwritten by new value.
W: Adm-4021: The attribute '.pap_unconnected_inputs' of object 'ISP/judge_single0_inst/HVcount/hcount_r[8]/opit_0_inv_A2Q0' is overwritten by new value.
W: Adm-4021: The attribute '.pap_unconnected_inputs' of object 'ISP/judge_single0_inst/HVcount/hcount_r[9]/opit_0_inv_A2Q21' is overwritten by new value.
W: Adm-4021: The attribute '.pap_unconnected_inputs' of object 'ISP/judge_single0_inst/HVcount/hcount_r[10]/opit_0_inv_A2Q0' is overwritten by new value.
W: Adm-4021: The attribute '.pap_unconnected_inputs' of object 'ISP/judge_single0_inst/HVcount/hcount_r[11]/opit_0_inv_A2Q21' is overwritten by new value.
W: Adm-4021: The attribute '.pap_unconnected_inputs' of object 'ISP/judge_single0_inst/HVcount/vcount_r[0]/opit_0_inv_A2Q0' is overwritten by new value.
W: Adm-4021: The attribute '.pap_unconnected_inputs' of object 'ISP/judge_single0_inst/HVcount/vcount_r[1]/opit_0_inv_A2Q21' is overwritten by new value.
W: Adm-4021: The attribute '.pap_unconnected_inputs' of object 'ISP/judge_single0_inst/HVcount/vcount_r[2]/opit_0_inv_A2Q0' is overwritten by new value.
W: Adm-4021: The attribute '.pap_unconnected_inputs' of object 'ISP/judge_single0_inst/HVcount/vcount_r[3]/opit_0_inv_A2Q21' is overwritten by new value.
W: Adm-4021: The attribute '.pap_unconnected_inputs' of object 'ISP/judge_single0_inst/HVcount/vcount_r[4]/opit_0_inv_A2Q0' is overwritten by new value.
W: Adm-4021: The attribute '.pap_unconnected_inputs' of object 'ISP/judge_single0_inst/HVcount/vcount_r[5]/opit_0_inv_A2Q21' is overwritten by new value.
W: Adm-4021: The attribute '.pap_unconnected_inputs' of object 'ISP/judge_single0_inst/HVcount/vcount_r[6]/opit_0_inv_A2Q0' is overwritten by new value.
W: Adm-4021: The attribute '.pap_unconnected_inputs' of object 'ISP/judge_single0_inst/HVcount/vcount_r[7]/opit_0_inv_A2Q21' is overwritten by new value.
W: Adm-4021: The attribute '.pap_unconnected_inputs' of object 'ISP/judge_single0_inst/HVcount/vcount_r[8]/opit_0_inv_A2Q0' is overwritten by new value.
W: Adm-4021: The attribute '.pap_unconnected_inputs' of object 'ISP/judge_single0_inst/HVcount/vcount_r[9]/opit_0_inv_A2Q21' is overwritten by new value.
W: Adm-4021: The attribute '.pap_unconnected_inputs' of object 'ISP/judge_single0_inst/HVcount/vcount_r[10]/opit_0_inv_A2Q0' is overwritten by new value.
W: Adm-4021: The attribute '.pap_unconnected_inputs' of object 'ISP/judge_single0_inst/HVcount/vcount_r[11]/opit_0_inv_A2Q21' is overwritten by new value.
W: Adm-4021: The attribute '.pap_unconnected_inputs' of object 'ISP/judge_single0_inst/judge_features/sort1[0]/opit_0_inv_MUX4TO1Q' is overwritten by new value.
W: Adm-4021: The attribute '.pap_unconnected_inputs' of object 'ISP/judge_single0_inst/judge_features/sort1[1]/opit_0_inv_MUX4TO1Q' is overwritten by new value.
W: Adm-4021: The attribute '.pap_unconnected_inputs' of object 'ISP/judge_single0_inst/judge_features/sort1[2]/opit_0_inv_MUX4TO1Q' is overwritten by new value.
W: Adm-4021: The attribute '.pap_unconnected_inputs' of object 'ISP/judge_single0_inst/judge_features/sort1[3]/opit_0_inv_MUX4TO1Q' is overwritten by new value.
W: Adm-4021: The attribute '.pap_unconnected_inputs' of object 'ISP/judge_single1_inst/judge_features/sort1[0]/opit_0_inv_MUX4TO1Q' is overwritten by new value.
W: Adm-4021: The attribute '.pap_unconnected_inputs' of object 'ISP/judge_single1_inst/judge_features/sort1[1]/opit_0_inv_MUX4TO1Q' is overwritten by new value.
W: Adm-4021: The attribute '.pap_unconnected_inputs' of object 'ISP/judge_single1_inst/judge_features/sort1[2]/opit_0_inv_MUX4TO1Q' is overwritten by new value.
W: Adm-4021: The attribute '.pap_unconnected_inputs' of object 'ISP/judge_single1_inst/judge_features/sort1[3]/opit_0_inv_MUX4TO1Q' is overwritten by new value.
W: Adm-4021: The attribute '.pap_unconnected_inputs' of object 'ISP/judge_single2_inst/judge_features/sort1[0]/opit_0_inv_MUX4TO1Q' is overwritten by new value.
W: Adm-4021: The attribute '.pap_unconnected_inputs' of object 'u_ipsl_hmic_h_top/u_ipsl_hmic_h_ddrc_top/u_ddrc_reset_ctrl_v1_1/u_ddrc_apb_reset_v1_1/cnt[0]/opit_0_inv_A2Q0' is overwritten by new value.
W: Adm-4021: The attribute '.pap_unconnected_inputs' of object 'ISP/judge_single2_inst/judge_features/sort1[1]/opit_0_inv_MUX4TO1Q' is overwritten by new value.
W: Adm-4021: The attribute '.pap_unconnected_inputs' of object 'ISP/judge_single2_inst/judge_features/sort1[2]/opit_0_inv_MUX4TO1Q' is overwritten by new value.
W: Adm-4021: The attribute '.pap_unconnected_inputs' of object 'ISP/judge_single2_inst/judge_features/sort1[3]/opit_0_inv_MUX4TO1Q' is overwritten by new value.
W: Adm-4021: The attribute '.pap_unconnected_inputs' of object 'ISP/judge_single3_inst/HVcount/hcount_r[0]/opit_0_inv_A2Q0' is overwritten by new value.
W: Adm-4021: The attribute '.pap_unconnected_inputs' of object 'ISP/judge_single3_inst/HVcount/hcount_r[1]/opit_0_inv_A2Q21' is overwritten by new value.
W: Adm-4021: The attribute '.pap_unconnected_inputs' of object 'ISP/judge_single3_inst/HVcount/hcount_r[2]/opit_0_inv_A2Q0' is overwritten by new value.
W: Adm-4021: The attribute '.pap_unconnected_inputs' of object 'ISP/judge_single3_inst/HVcount/hcount_r[3]/opit_0_inv_A2Q21' is overwritten by new value.
W: Adm-4021: The attribute '.pap_unconnected_inputs' of object 'ISP/judge_single3_inst/HVcount/hcount_r[4]/opit_0_inv_A2Q0' is overwritten by new value.
W: Adm-4021: The attribute '.pap_unconnected_inputs' of object 'ISP/judge_single3_inst/HVcount/hcount_r[5]/opit_0_inv_A2Q21' is overwritten by new value.
W: Adm-4021: The attribute '.pap_unconnected_inputs' of object 'ISP/judge_single3_inst/HVcount/hcount_r[6]/opit_0_inv_A2Q0' is overwritten by new value.
W: Adm-4021: The attribute '.pap_unconnected_inputs' of object 'ISP/judge_single3_inst/HVcount/hcount_r[7]/opit_0_inv_A2Q21' is overwritten by new value.
W: Adm-4021: The attribute '.pap_unconnected_inputs' of object 'ISP/judge_single3_inst/HVcount/hcount_r[8]/opit_0_inv_A2Q0' is overwritten by new value.
W: Adm-4021: The attribute '.pap_unconnected_inputs' of object 'ISP/judge_single3_inst/HVcount/hcount_r[9]/opit_0_inv_A2Q21' is overwritten by new value.
W: Adm-4021: The attribute '.pap_unconnected_inputs' of object 'ISP/judge_single3_inst/HVcount/hcount_r[10]/opit_0_inv_A2Q0' is overwritten by new value.
W: Adm-4021: The attribute '.pap_unconnected_inputs' of object 'ISP/judge_single3_inst/HVcount/hcount_r[11]/opit_0_inv_A2Q21' is overwritten by new value.
W: Adm-4021: The attribute '.pap_unconnected_inputs' of object 'ISP/judge_single3_inst/HVcount/vcount_r[0]/opit_0_inv_A2Q0' is overwritten by new value.
W: Adm-4021: The attribute '.pap_unconnected_inputs' of object 'ISP/judge_single3_inst/HVcount/vcount_r[1]/opit_0_inv_A2Q21' is overwritten by new value.
W: Adm-4021: The attribute '.pap_unconnected_inputs' of object 'ISP/judge_single3_inst/HVcount/vcount_r[2]/opit_0_inv_A2Q0' is overwritten by new value.
W: Adm-4021: The attribute '.pap_unconnected_inputs' of object 'ISP/judge_single3_inst/HVcount/vcount_r[3]/opit_0_inv_A2Q21' is overwritten by new value.
W: Adm-4021: The attribute '.pap_unconnected_inputs' of object 'ISP/judge_single3_inst/HVcount/vcount_r[4]/opit_0_inv_A2Q0' is overwritten by new value.
W: Adm-4021: The attribute '.pap_unconnected_inputs' of object 'ISP/judge_single3_inst/HVcount/vcount_r[5]/opit_0_inv_A2Q21' is overwritten by new value.
W: Adm-4021: The attribute '.pap_unconnected_inputs' of object 'ISP/judge_single3_inst/HVcount/vcount_r[6]/opit_0_inv_A2Q0' is overwritten by new value.
W: Adm-4021: The attribute '.pap_unconnected_inputs' of object 'ISP/judge_single3_inst/HVcount/vcount_r[7]/opit_0_inv_A2Q21' is overwritten by new value.
W: Adm-4021: The attribute '.pap_unconnected_inputs' of object 'ISP/judge_single3_inst/HVcount/vcount_r[8]/opit_0_inv_A2Q0' is overwritten by new value.
W: Adm-4021: The attribute '.pap_unconnected_inputs' of object 'ISP/judge_single3_inst/HVcount/vcount_r[9]/opit_0_inv_A2Q21' is overwritten by new value.
W: Adm-4021: The attribute '.pap_unconnected_inputs' of object 'ISP/judge_single3_inst/HVcount/vcount_r[10]/opit_0_inv_A2Q0' is overwritten by new value.
W: Adm-4021: The attribute '.pap_unconnected_inputs' of object 'ISP/judge_single3_inst/HVcount/vcount_r[11]/opit_0_inv_A2Q21' is overwritten by new value.
W: Adm-4021: The attribute '.pap_unconnected_inputs' of object 'u_ipsl_hmic_h_top/u_ipsl_hmic_h_ddrc_top/u_ddrc_reset_ctrl_v1_1/u_ddrc_apb_reset_v1_1/cnt[1]/opit_0_inv_A2Q21' is overwritten by new value.
W: Adm-4021: The attribute '.pap_unconnected_inputs' of object 'u_ipsl_hmic_h_top/u_ipsl_hmic_h_ddrc_top/u_ddrc_reset_ctrl_v1_1/u_ddrc_apb_reset_v1_1/cnt[2]/opit_0_inv_A2Q0' is overwritten by new value.
W: Adm-4021: The attribute '.pap_unconnected_inputs' of object 'u_ipsl_hmic_h_top/u_ipsl_hmic_h_ddrc_top/u_ddrc_reset_ctrl_v1_1/u_ddrc_apb_reset_v1_1/cnt[3]/opit_0_inv_A2Q21' is overwritten by new value.
W: Adm-4021: The attribute '.pap_unconnected_inputs' of object 'u_ipsl_hmic_h_top/u_ipsl_hmic_h_ddrc_top/u_ddrc_reset_ctrl_v1_1/u_ddrc_apb_reset_v1_1/cnt[4]/opit_0_inv_A2Q0' is overwritten by new value.
W: Adm-4021: The attribute '.pap_unconnected_inputs' of object 'u_ipsl_hmic_h_top/u_ipsl_hmic_h_ddrc_top/u_ddrc_reset_ctrl_v1_1/u_ddrc_apb_reset_v1_1/cnt[5]/opit_0_inv_A2Q21' is overwritten by new value.
W: Adm-4021: The attribute '.pap_unconnected_inputs' of object 'u_ipsl_hmic_h_top/u_ipsl_hmic_h_ddrc_top/u_ddrc_reset_ctrl_v1_1/u_ddrc_apb_reset_v1_1/cnt[6]/opit_0_inv_AQ' is overwritten by new value.
W: Adm-4021: The attribute '.pap_unconnected_inputs' of object 'ISP/uart_test/uart_tx_inst/bit_cnt[0]/opit_0_inv_L5Q' is overwritten by new value.
W: Adm-4021: The attribute '.pap_unconnected_inputs' of object 'ISP/uart_test/uart_tx_inst/bit_cnt[1]/opit_0_inv_L5Q' is overwritten by new value.
W: Adm-4021: The attribute '.pap_unconnected_inputs' of object 'ISP/uart_test/uart_tx_inst/bit_cnt[2]/opit_0_inv_L5Q' is overwritten by new value.
W: Adm-4021: The attribute '.pap_unconnected_inputs' of object 'ISP/uart_test/uart_tx_inst/cycle_cnt[0]/opit_0_inv_A2Q0' is overwritten by new value.
W: Adm-4021: The attribute '.pap_unconnected_inputs' of object 'ISP/uart_test/uart_tx_inst/cycle_cnt[1]/opit_0_inv_A2Q21' is overwritten by new value.
W: Adm-4021: The attribute '.pap_unconnected_inputs' of object 'ISP/uart_test/uart_tx_inst/cycle_cnt[2]/opit_0_inv_A2Q0' is overwritten by new value.
W: Adm-4021: The attribute '.pap_unconnected_inputs' of object 'ISP/uart_test/uart_tx_inst/cycle_cnt[3]/opit_0_inv_A2Q21' is overwritten by new value.
W: Adm-4021: The attribute '.pap_unconnected_inputs' of object 'ISP/uart_test/uart_tx_inst/cycle_cnt[4]/opit_0_inv_A2Q0' is overwritten by new value.
W: Adm-4021: The attribute '.pap_unconnected_inputs' of object 'ISP/uart_test/uart_tx_inst/cycle_cnt[5]/opit_0_inv_A2Q21' is overwritten by new value.
W: Adm-4021: The attribute '.pap_unconnected_inputs' of object 'ISP/uart_test/uart_tx_inst/cycle_cnt[6]/opit_0_inv_A2Q0' is overwritten by new value.
W: Adm-4021: The attribute '.pap_unconnected_inputs' of object 'ISP/uart_test/uart_tx_inst/cycle_cnt[7]/opit_0_inv_A2Q21' is overwritten by new value.
W: Adm-4021: The attribute '.pap_unconnected_inputs' of object 'ISP/uart_test/uart_tx_inst/cycle_cnt[8]/opit_0_inv_A2Q0' is overwritten by new value.
W: Adm-4021: The attribute '.pap_unconnected_inputs' of object 'ISP/uart_test/uart_tx_inst/cycle_cnt[9]/opit_0_inv_A2Q21' is overwritten by new value.
W: Adm-4021: The attribute '.pap_unconnected_inputs' of object 'ISP/uart_test/uart_tx_inst/cycle_cnt[10]/opit_0_inv_A2Q0' is overwritten by new value.
W: Adm-4021: The attribute '.pap_unconnected_inputs' of object 'ISP/uart_test/uart_tx_inst/cycle_cnt[11]/opit_0_inv_A2Q21' is overwritten by new value.
W: Adm-4021: The attribute '.pap_unconnected_inputs' of object 'ISP/uart_test/uart_tx_inst/cycle_cnt[12]/opit_0_inv_A2Q0' is overwritten by new value.
W: Adm-4021: The attribute '.pap_unconnected_inputs' of object 'ISP/uart_test/uart_tx_inst/cycle_cnt[13]/opit_0_inv_A2Q21' is overwritten by new value.
W: Adm-4021: The attribute '.pap_unconnected_inputs' of object 'ISP/uart_test/uart_tx_inst/cycle_cnt[14]/opit_0_inv_A2Q0' is overwritten by new value.
W: Adm-4021: The attribute '.pap_unconnected_inputs' of object 'ISP/uart_test/uart_tx_inst/cycle_cnt[15]/opit_0_inv_A2Q21' is overwritten by new value.
W: Adm-4021: The attribute '.pap_unconnected_inputs' of object 'ISP/uart_test/uart_tx_inst/state_0/opit_0_inv_L5Q' is overwritten by new value.
W: Adm-4021: The attribute '.pap_unconnected_inputs' of object 'ISP/uart_test/uart_tx_inst/state_1/opit_0_inv_L5Q' is overwritten by new value.
W: Adm-4021: The attribute '.pap_unconnected_inputs' of object 'ISP/uart_test/uart_tx_inst/state_2/opit_0_inv_L5Q' is overwritten by new value.
W: Adm-4021: The attribute '.pap_unconnected_inputs' of object 'ISP/uart_test/uart_tx_inst/state_3/opit_0_inv_MUX4TO1Q' is overwritten by new value.
W: Adm-4021: The attribute '.pap_unconnected_inputs' of object 'ISP/uart_test/uart_tx_inst/tx_data_ready/opit_0_inv_L5Q' is overwritten by new value.
W: Adm-4021: The attribute '.pap_unconnected_inputs' of object 'ISP/uart_test/uart_tx_inst/tx_reg/opit_0_inv_L5Q' is overwritten by new value.
W: Adm-4021: The attribute '.pap_unconnected_inputs' of object 'u_ipsl_hmic_h_top/u_ipsl_hmic_h_ddrc_top/u_ddrc_reset_ctrl_v1_1/ddrc_rst_cnt[0]/opit_0_inv_L5Q' is overwritten by new value.
W: Adm-4021: The attribute '.pap_unconnected_inputs' of object 'u_ipsl_hmic_h_top/u_ipsl_hmic_h_ddrc_top/u_ddrc_reset_ctrl_v1_1/ddrc_rst_cnt[1]/opit_0_inv_L5Q' is overwritten by new value.
W: Adm-4021: The attribute '.pap_unconnected_inputs' of object 'u_ipsl_hmic_h_top/u_ipsl_hmic_h_ddrc_top/u_ddrc_reset_ctrl_v1_1/ddrc_rst_cnt[2]/opit_0_inv_L5Q' is overwritten by new value.
W: Adm-4021: The attribute '.pap_unconnected_inputs' of object 'u_ipsl_hmic_h_top/u_ipsl_hmic_h_ddrc_top/u_ddrc_reset_ctrl_v1_1/ddrc_rst_cnt[3]/opit_0_inv_L5Q' is overwritten by new value.
W: Adm-4021: The attribute '.pap_unconnected_inputs' of object 'u_ipsl_hmic_h_top/u_ipsl_hmic_h_ddrc_top/u_ddrc_reset_ctrl_v1_1/ddrc_rst_cnt[4]/opit_0_inv_L5Q' is overwritten by new value.
W: Adm-4021: The attribute '.pap_unconnected_inputs' of object 'u_ipsl_hmic_h_top/u_ipsl_hmic_h_ddrc_top/u_ddrc_reset_ctrl_v1_1/init_axi_reset0/opit_0_inv_L5Q' is overwritten by new value.
W: Adm-4021: The attribute '.pap_unconnected_inputs' of object 'u_ipsl_hmic_h_top/u_ipsl_hmic_h_ddrc_top/u_ddrc_reset_ctrl_v1_1/presetn/opit_0_inv_L5Q' is overwritten by new value.
W: Adm-4021: The attribute '.pap_unconnected_inputs' of object 'u_ipsl_hmic_h_top/u_ipsl_hmic_h_ddrc_top/u_ddrc_reset_ctrl_v1_1/rst_cnt[1]/opit_0_inv_L5Q' is overwritten by new value.
W: Adm-4021: The attribute '.pap_unconnected_inputs' of object 'u_ipsl_hmic_h_top/u_ipsl_hmic_h_ddrc_top/u_ddrc_reset_ctrl_v1_1/rst_cnt[2]/opit_0_inv_L5Q' is overwritten by new value.
W: Adm-4021: The attribute '.pap_unconnected_inputs' of object 'u_ipsl_hmic_h_top/u_ipsl_hmic_h_ddrc_top/u_ddrc_reset_ctrl_v1_1/rst_cnt[3]/opit_0_inv_L5Q' is overwritten by new value.
W: Adm-4021: The attribute '.pap_unconnected_inputs' of object 'u_ipsl_hmic_h_top/u_ipsl_hmic_h_ddrc_top/u_ddrc_reset_ctrl_v1_1/rst_cnt[4]/opit_0_inv_L5Q' is overwritten by new value.
W: Adm-4021: The attribute '.pap_unconnected_inputs' of object 'u_ipsl_hmic_h_top/u_ipsl_hmic_h_ddrc_top/u_ddrc_reset_ctrl_v1_1/u_ddrc_apb_reset_v1_1/ddrc_init_done/opit_0_inv_L5Q' is overwritten by new value.
W: Adm-4021: The attribute '.pap_unconnected_inputs' of object 'u_ipsl_hmic_h_top/u_ipsl_hmic_h_ddrc_top/u_ddrc_reset_ctrl_v1_1/u_ddrc_apb_reset_v1_1/penable/opit_0_inv_L5Q' is overwritten by new value.
Device mapping done.
Total device mapping takes 3.390625 sec.

Device Utilization Summary:
+--------------------------------------------------------------------------+
| Logic Utilization     | Used      | Available     | Utilization(%)     
+--------------------------------------------------------------------------+
| APM                   | 23.5      | 30            | 79                  
| IOCKDLY               | 0         | 24            | 0                   
| FF                    | 6597      | 26304         | 26                  
| LUT                   | 12028     | 17536         | 69                  
| Distributed RAM       | 0         | 4440          | 0                   
| DLL                   | 2         | 6             | 34                  
| DQSL                  | 5         | 18            | 28                  
| DRM                   | 18        | 48            | 38                  
| FUSECODE              | 0         | 1             | 0                   
| IO                    | 82        | 240           | 35                  
| IOCKDIV               | 1         | 12            | 9                   
| IOCKGATE              | 2         | 12            | 17                  
| IPAL                  | 0         | 1             | 0                   
| PLL                   | 2         | 6             | 34                  
| RCKB                  | 0         | 24            | 0                   
| SCANCHAIN             | 0         | 4             | 0                   
| START                 | 0         | 1             | 0                   
| USCM                  | 6         | 20            | 30                  
| HMEMC                 | 1         | 2             | 50                  
| OSC                   | 0         | 1             | 0                   
| ADC                   | 0         | 1             | 0                   
| CRYSTAL               | 0         | 6             | 0                   
| FLSIF                 | 0         | 1             | 0                   
| RESCAL                | 0         | 6             | 0                   
| UDID                  | 0         | 1             | 0                   
+--------------------------------------------------------------------------+

Design 'top' has been successfully mapped to architecture-specific objects.
Saving design to DB.
W: Public-4010: Pcf file E:/PDS/PGL22G/CD_20210223/CD_20210223/demo/zhenjiuzhe_ddr3_ov5640_hdmi - 5 - 2-1 - 1/device_map/top.pcf has been covered.
Action dev_map: Real time elapsed is 8.000 sec
Action dev_map: CPU time elapsed is 6.734 sec
Current time: Thu Jul 21 20:41:04 2022
Action dev_map: Peak memory pool usage is 334,528,512 bytes
