#Build: Fabric Compiler 2020.3, Build 62942, Sep 29 13:34 2020
#Install: E:\PDS\PDS1\PDS_2020.3\bin
#Application name: pds_shell.exe
#OS: Windows 10 10.0.22000
#Hostname: LAPTOP-K7MPPOL0
Generated by Fabric Compiler (version 2020.3 build 62942) at Wed Jul 20 17:08:18 2022
Compiling verification operator library.
Compiling common defs.
Compiling prim grid devices.
Compiling gate devices.
Compiling gate operators.
Building architecture model.
Loading device packaging model 'MBG324'.
Reading design from DB.
Start Generate Netlist.
Generate Netlist is finished successfully.
Action gen_netlist: Real time elapsed is 29.000 sec
Action gen_netlist: CPU time elapsed is 20.047 sec
Current time: Wed Jul 20 17:08:45 2022
Action gen_netlist: Peak memory pool usage is 848,347,136 bytes
